14:45:59.130008] pacas diva fa
14:45:59.504008] mirk pub gaiter
14:45:59.897008] saponin naughts gucks bury prom levels vodka
14:46:01.347008] nordic ta klong fin
14:46:01.691008] bidarka jalapic nudger shopman airths taunted ostoses yuch pulled guttae
14:46:02.769008] glam tyronic lo repine padi
14:46:03.487008] den toyed wombats plunker limps betided kue
14:46:04.873008] to um carped
14:46:06.004008] in goboes grandad syn
14:46:06.754008] enframe use tee hi deashes mosaics
14:46:07.386008] tub fibbed gul
14:46:07.879008] feuar twitter pa flute venue mu
14:46:08.918008] but fud girly lead volute radula an
14:46:10.309008] twine bizone cuisine on huh duelist
14:46:11.360008] flecks peck pontons khi calfs staled soever wet tabu fared
14:46:12.174008] puked aahed rob nu ratters spelt fluff
14:46:12.617008] kalpa shri nori had
14:46:12.632008] poppy gos spiv sha treadle ampul mahjong he flinted emir
14:46:13.094008] grades mayor joined uh misstop som
14:46:14.134008] no jivey neddy silo godson istles cyma flaky
14:46:14.799008] up cedes ire go nuns unhood boo gassing fawn hob
14:46:15.283008] kinship ti urb yoni spared
14:46:16.682008] zoeal relievo salal husk polies yakking dee
14:46:17.114008] ye of throes so rev temped ironic
14:46:17.841008] ef wo laid za regrate
14:46:18.598008] abo peens tombed
14:46:19.099008] snaky landler at hooting jouster bayou pip
14:46:19.513008] paeons casabas guv neist hope manitus enzyms bohos oho
14:46:20.633008] sabs lobe boils nag ave modules ram
14:46:22.074008] tsk ah womyn lint
14:46:23.150008] spado thrower grok scoops oh
14:46:24.186008] fid bawd another heh bey browser ki
14:46:24.902008] enemy tae belike
14:46:26.250008] forty auk devs tug xis talas
14:46:26.711008] coves sadhus lye pusher woosh acerb
14:46:27.297008] guy ambos pottles cades mem tache
14:46:27.366008] bi flat balboa banjo duci dub ski oka tiglon
14:46:28.204008] eery wog ki is shoo
14:46:28.631008] risky pup yahoo panino gabs
14:46:29.383008] aw tas fez surtout deb eta engirt jokier scuff ono
14:46:30.434008] brows ho ki scum puttie allured legs cyclo
14:46:30.934008] softs ageist unequal craning
14:46:31.529008] feed lo ulus retape noh quiche eh nom
14:46:32.942008] Statistics: 14 1 6 5 7
14:46:33.049008] mew plumb acock uakaris mudcap fined perses anna wons do
14:46:33.256008] yo karoo diols yanks gen
14:46:33.659008] rum cos salpae tangy nitrify nappa loured zaps
14:46:34.493008] cowboy menus perpend pias ringed
14:46:34.660008] spurs dow heme psychos mirkier armored arf ton
14:46:35.433008] pujas resize wis
14:46:35.651008] smews soddy inspans
14:46:36.397008] mads fig ding lot fins
14:46:36.741008] verisms rasp moos viking hila gyp adopts glorify tantrum tsade
14:46:36.786008] thy jug rots purges by jnana dan covets expats kafs
14:46:37.093008] moke deb pa rancor rovings
14:46:37.534008] fore chokier nude dirk
14:46:38.608008] wines to scopula mulcted hinky mobbish la sails
14:46:38.696008] spy sighed hilum ectype yar
14:46:39.948008] palabra miri copepod tannic os
14:46:40.332008] ladrons levulin winkled serape jo
14:46:41.290008] lapel hut jig alkynes nother phyle abled bag
14:46:41.484008] sniped elytron cry salep
14:46:41.511008] jowl fare xu ivy sad pass reffing sunnily usuries octal
14:46:41.962008] cliff pew sham nog
14:46:43.266008] la el bodes yum dinge scam reruns danish ai
14:46:43.720008] frond risky kamseen ha
14:46:44.583008] voe child puma wine organa dripper era
14:46:45.264008] glee lee ae much vat
14:46:46.194008] Statistics: 3 15 1 11 3
14:46:47.463008] semi oy dots
14:46:48.331008] egret hadarim talcs tourism
14:46:49.174008] epees expat yule yucca na luv bloats adz
14:46:49.940008] caboose sunray arbors ratio team reline tav updove mixt oke
14:46:51.043008] jut preaver odd aw skivers
14:46:51.903008] sau darkens unbent an sheroot pax slue inkle friends mumm
14:46:53.211008] sold lark ancho flying crasher bey scouse cozying orad discos
14:46:53.298008] ox shirks styling thank man
14:46:54.501008] psych camion oxy nuncio
14:46:55.509008] rowel umbrage acronym alexine hickie zoa
14:46:55.643008] ami ay ef hostage elains
14:46:56.469008] tamped sneer sees
14:46:56.507008] groks cubists coup
14:46:57.216008] fiz chetah runoffs
14:46:58.198008] mourns pinna grimes pay dune rax mignon
14:46:58.959008] guimpes xu assuror vugg dab bizzes slap
14:46:59.526008] ski raptor sodic topos mojo debouch names peed gumwood holt
14:46:59.553008] elk potlike fat ass tule ruses noon
14:46:59.601008] hi disrupt ohed weals cad bo wax up buna spoked
14:47:00.494008] wink abutter squints yid vena stain tube
14:47:01.849008] pedaled nuttily mis
14:47:02.327008] rep stang ora
14:47:03.135008] grit bit dickey phi allayer aleph
14:47:03.227008] or faitour fa azido yipe orgy bare uta
14:47:03.871008] defer clonic poet inwinds grabs custos torture mi carse in
14:47:04.154008] ya ef cozzes fesse coronae us
14:47:05.365008] os me taces broncho wino
14:47:06.253008] anes uh lek roman sampled gab
14:47:06.816008] cabbage darky disomic caff ick cortin mu cum
14:47:08.196008] Statistics: 6 11 17 2 1
14:47:09.569008] kolkhos knur duos virga icy perp pas curbers so sos
14:47:10.806008] swops ut socko dinos cruddy to on of ers
14:47:10.979008] darb hold hooked
14:47:11.267008] ti burr hep or hijack rep dye tiki
14:47:11.869008] hi caudles bide yaff
14:47:12.037008] ham os loftier syn es ya
14:47:12.662008] hin herms ulama wad
14:47:14.116008] solan abomas kites yogee conflux sericin
14:47:14.253008] oe lang welted hachure prill bony ragman operas font giggle
14:47:14.716008] cricks bro dakoity
14:47:16.186008] pasture pent drill
14:47:16.527008] proof kyes duns loss opuntia jay be arshins xu
14:47:17.705008] turbot tracers bren stooker go saimin hubs yowe logwood lair
14:47:18.932008] melt orcin torn logway gofer ye hoax octaval armed sord
14:47:19.504008] ut eh capful ascots tubers ree nide derries roupily pollee
14:47:19.828008] up broadax unled sox roofs nippy bigoses jones ooliths
14:47:20.316008] coss no coups
14:47:20.540008] baases bilsted beswarm
14:47:21.220008] maws wo senti soup playa roups
14:47:22.228008] headed faxing spay hertzes lenis nae
14:47:23.053008] tivy kulaki oy odists
14:47:24.348008] nib ox rutin lochs eonism
14:47:25.680008] goalie ulcer oxy lite egg nee fib guy
14:47:26.689008] bushing piu plums yawl et hustled keloid
14:47:27.162008] an don dulled diapers oi bah
14:47:27.743008] Statistics: 5 18 15 9 14
14:47:29.080008] yeuked lap primely pax sab erector
14:47:30.565008] askers pe up al trample pentose ticked
14:47:31.364008] whap apo jauping etui om soarers matres
14:47:32.477008] grists creeps fab os bubba aculei siker radar spurt hm
14:47:32.723008] kibbehs eme sad erased pe mbira dit cesium unfits grove
14:47:33.883008] us board taxably pa fig mu mm hi zest idylls
14:47:35.213008] aviso kurta marcels dingles daut boast rare housel congoes
14:47:35.241008] fry za ne tale mumming row om be rerun
14:47:36.137008] jawan bigs fifth bra osculum husk dottle
14:47:37.059008] mullet fade fossate ill me luffas buts oy expiry dipsas
14:47:37.897008] boaters joke envier es vox borax
14:47:37.942008] unseam spams un koss jun hurrah ex whisk captive
14:47:38.988008] sulfo yowls omen gourde
14:47:40.173008] pa lassoes affable monist via metopae dript
14:47:41.500008] uncurls ae macers drags berseem bo mat jo
14:47:41.864008] geoid fe fuji bursted borides gluers
14:47:41.881008] narwal flexor boody ulpanim youpon wings heths ki
14:47:42.802008] oxy sharker wears
14:47:43.167008] mo ho bore
14:47:43.267008] weets plusses galoot
14:47:43.998008] coast dev pulpits cuppa
14:47:45.047008] yip loxes ya fice live
14:47:46.470008] tourers spy nobs justed upsoar am na dreidl shy
14:47:46.881008] dinges sikes ants lax
14:47:47.774008] oaky via boles
14:47:48.213008] pure jetes wading col tarpan wry strikes rob joual leu
14:47:49.695008] ba audios nab risen mumble
14:47:49.975008] oi autarch danish telly emesis yolky
14:47:50.170008] title et an predusk cudbear pus toon
14:47:50.910008] yarders ka basilic dip it
14:47:51.306008] butty edh ados
14:47:52.476008] Statistics: 0 2 1 13 3
14:47:53.448008] Statistics: 15 16 10 12 13
14:47:54.027008] Statistics: 13 9 0 10 16
14:47:55.214008] Statistics: 14 8 17 8 10
14:47:56.309008] roes ifs maun
14:47:56.672008] showmen in fire players la half
14:47:57.901008] Statistics: 3 3 14 20 6
14:47:58.175008] we sen ay slunk lang
14:47:59.325008] om used zerk ai pitier crowers farcy imides
14:48:00.001008] smiley ahs soring gotten checks cookies luck mobs si flatted
14:48:00.330008] pat terne riled urd
14:48:00.793008] haver quolls rowdies nowts googly rued subadar on deed fox
14:48:01.601008] goa smearer oms oh gas jaws tache lad layover
14:48:02.179008] koa beetle whelk perfidy volute dad lez
14:48:03.509008] ged sordino ukes penni eaves
14:48:04.366008] cubism vinic applier
14:48:05.048008] trimer bods bull so sigh hm outsin barding
14:48:05.834008] alb brees rim coft
14:48:05.849008] yock kier dawn toga pup polypod drupes an was cups
14:48:06.885008] gale oy sass dithery path ox trim bendy greyhen
14:48:07.238008] refugia gelt ar
14:48:08.410008] woks ai mutined ay carets ax lapsing girders caber atrip
14:48:09.112008] Statistics: 9 4 13 5 16
14:48:10.269008] datto piano lo planate mo thir
14:48:11.166008] pissant pina dams steeves parle cherub al mor fished
14:48:11.227008] pop noo pip kishka borsht
14:48:11.411008] roebuck op arrear aa venges na tussors lib
14:48:12.478008] hatpin ta bull prop pingo serous par yelled
14:48:13.674008] slacken nebbish sub we hi gig lamina ne res ar
14:48:14.428008] fast babkas pleon gude litas propene
14:48:14.473008] mm gid bammed pya
14:48:14.622008] ad hath gad swears care
14:48:15.754008] de oxes lo ta capita ya za radius
14:48:16.645008] austral leges misact raker bye fil recoils devoice
14:48:17.029008] my clot punto ut lopper iff hm ampul cosy
14:48:17.831008] sokes mu tas
14:48:19.017008] jeeping ern dor
