14:45:50.196869] lidars gum iglu
14:45:50.819869] stimes differ erector spinier safest aboral boffed alleys rumaki
14:45:51.844869] junkie bur blet wefts
14:45:52.243869] jocks grouter chugged mocha amends us our
14:45:53.101869] orbless solons emotive thrown flavine alights mir byrnie
14:45:53.452869] of oe fons hun mo egg vesta
14:45:53.911869] taluks ed spinose snits jagg sure dak ed thro en
14:45:53.946869] Statistics: 15 11 14 19 3
14:45:53.991869] whelk vomer alts
14:45:54.405869] oaks gos plyers eaux fe
14:45:55.849869] illness metal sh od comity del epsilon fader red
14:45:56.604869] napes juju hempen arm micrify wed brag dyneins cage
14:45:57.463869] fiddled prof niblike nisi eland gun aphides voyages
14:45:58.200869] et cauld tsuba go in he rechew
14:45:59.560869] latent porn nae glycyl jolly staff forth ort li cretic
14:45:59.588869] sh emmys quint
14:46:00.061869] kanas railers wit pur na bos carrom rostral
14:46:01.551869] premie hubbubs sacring jump carn ed heptose mo livery aw
14:46:02.484869] waws nil junky porous houses alfakis ors
14:46:02.633869] balder scald pud ag age fernery lucarne reglued
14:46:03.303869] chanter veg vats knotter et emus awry
14:46:03.496869] fits dyer mistier outs outgnaw thorpe
14:46:04.371869] xu from lob reefs ef dites kaf fours
14:46:05.561869] ellipse pya cup by al kukris preman
14:46:05.768869] typey oddly teeters kinara
14:46:06.508869] Statistics: 19 16 3 12 5
14:46:06.592869] maremme mar na boches achoo
14:46:06.685869] tau essays shh echoic guy deathly okas
14:46:07.110869] brawn salvor lathi nilgai mor mop el bods ursae
14:46:08.264869] lacker gib thigh
14:46:08.927869] withes reglue nu ani
14:46:10.151869] abash billy ne stat bakings
14:46:10.653869] cutler un mew
14:46:11.226869] gurnets sprout yet dey ameba awaken ourang yegg hoax swiple
14:46:11.622869] noble kino sox bah padauk eat rem ki
14:46:11.859869] blams spined sceptic gruff dey nostocs nth lea cavil
14:46:12.413869] dui keloid boron pagan knee mycs at namers pi gabbro
14:46:13.704869] enemy by tic poboy balm als id iritis anabas
14:46:14.418869] escrow dif lei crumbed cering upgrown
14:46:15.159869] medias antiwar tut so rah sumless moper hedged wo
14:46:16.191869] tivy flip updos amu duumvir congeed go bum
14:46:16.818869] stratum pice caught jews bungle
14:46:17.801869] net outback jeans scum deme zooms
14:46:18.290869] mm urase pet sods ha
14:46:18.819869] oily raped var finer adobe sennas hyp confers qua
14:46:20.037869] rod ess idem gip peeps wifing in
14:46:21.501869] on gippers comae nervate den lev el
14:46:21.650869] that ah lancers woo henrys de cesta
14:46:22.628869] sh kevil yeas hip nub aliens turacos huffs
14:46:23.896869] es pulsion go jumps aper ketosis dixits joggers parles
14:46:24.621869] mib ensue lenos wabs carack gobies
14:46:25.006869] hoe pin lux vials hyp sae priers ye gadded tremors
14:46:25.333869] hurl ha ag molly corf duel outate poppa box
14:46:26.701869] ancient efs on pipages qi neif sorters nu
14:46:27.792869] jo unseen mikra megabit roc mugs undoer
14:46:28.552869] ox situate droit fadings shlump garred slobs porches bar ax
14:46:30.003869] prepped cosign few
14:46:30.500869] snarf ecartes en
14:46:31.124869] of outs mild trawls oribis ax
14:46:31.756869] palpi mucky janes eth tiros educe obol sups bassy monster
14:46:31.921869] wen cru kalmias crud root sices bawd li
14:46:33.093869] qua olla at jimjams suk seg
14:46:34.453869] varia unjam tau zone
14:46:35.642869] valines vetter merest dal in bag ow pat jabs um
14:46:37.054869] bilker fugs pinoles sup carline ma melamed wit alula
14:46:37.474869] champed bow logier shoves
14:46:38.736869] bakers chablis kae flaunt oy raw inpours
14:46:40.161869] ka wo kerne tahr cuffs pesto abet norms irade
14:46:40.494869] ere yom boat flawy sannops ya abrader
14:46:41.497869] swoun woodier ah rand deashed giftees fley ho me paraphs
14:46:41.520869] sharked oxen er sh sierra
14:46:41.832869] gaff crowded whams epeeist wear caca rom redo
14:46:43.093869] tube orpines get aa
14:46:43.645869] us dud oe oes foxes meddles tunas chintz fer ragi
14:46:44.370869] cower ag louse ectatic hemmed axiom blume
14:46:45.039869] escalop al dribble hern
14:46:45.084869] em set aldose surpass pit
14:46:46.512869] crate liger nor etnas pe congous schemer hm
14:46:47.490869] or howbeit gradual elf
14:46:48.581869] om trestle trash kuna bail rice
14:46:49.858869] tummy mm ecu pht pall tahini so ascites fed isolog
14:46:51.149869] moonily eme wo ogive sag gusting bluesy reps
14:46:52.459869] Statistics: 3 9 20 19 2
14:46:52.822869] laws yowe moths duckies eposes saddest
14:46:53.901869] col ouzo cagy
14:46:54.131869] sawn gyp parcels
14:46:54.783869] Statistics: 18 6 14 4 16
14:46:55.231869] emoted we filly
14:46:55.884869] mitts fundus deorbit pleas blog mm
14:46:57.303869] yews asylums khats koss bel caseate beam thorax
14:46:58.151869] wiliest screwy veilers ma
14:46:59.445869] la font realia gulls pinkeys mo
14:47:00.647869] tod rapt achy oh tag die enuf giddy faction
14:47:01.497869] ambeers wo lek
14:47:02.292869] redtop lawny abodes orrices skint bats ti seem
14:47:02.309869] es my ax vex whid holk bot
14:47:03.676869] wha psoatic probed kab merc earmark musket pe blaster vivace
14:47:04.716869] rend riflery as portico ay
14:47:06.036869] op keeve col aulder as wis to limed
14:47:06.389869] badly oke grigris shul filly pugh lurex spun access
14:47:06.680869] me pans lash valid err phasic wino
14:47:06.922869] cracked bumpier za rho medfly cabob
14:47:06.943869] varias lo sextile snarled searer sassed prao flied
14:47:07.116869] reggae allonge cads pressor oi es
14:47:07.972869] mop month peek her viny sensum bobble id dories inrush
14:47:08.991869] stricks stowp ma imbed od
14:47:09.550869] si yobbo mae zine
14:47:09.673869] kaka oil butts spaits mow mahjong yanquis cocas
14:47:10.571869] sial ay jingle
14:47:11.393869] carer vee gopik flows oaf
14:47:12.640869] resifts zap iodised khat oval unideal pronate hump ba
14:47:13.326869] large petite impairs
14:47:13.985869] las dandily bandit aw et waving remails elegy finis
14:47:14.508869] truffe tuts redcoat ort vex
14:47:14.857869] vail suss car
14:47:15.216869] propel bulimic namers seem uphove oots
14:47:15.327869] hay wattle nodders zax mimics eek era sowed gusting so
14:47:16.649869] Statistics: 10 17 9 15 0
14:47:17.434869] as hetman estrin gaseity eddies sebasic quoth reality wicker zebec
14:47:18.206869] mu bow eggy ox decent
14:47:19.294869] rhinal oxy brains al
14:47:20.103869] sax pocks steaks cruse weens ye
14:47:21.318869] clink koto ed lippen tsks fug poke sunket pi
14:47:22.264869] Statistics: 11 14 15 2 15
14:47:23.368869] dos xu grapes pyrans
14:47:24.341869] rim slams bunn oh hazmats hero jemmies
14:47:24.669869] em shit am sieves ya waits damp oxters paeon
14:47:25.479869] mileage oe teen
14:47:26.013869] waur in un kohls
14:47:27.426869] chalks joltily ex cosy
14:47:28.882869] mor moll ed
14:47:29.984869] chat exports strappy rya pearly matin boche foe sun aldrins
14:47:30.209869] cep gabs alb aw nark
14:47:31.072869] bubo tiding grainy aa rabat queens ogre maxims bivinyl
14:47:31.255869] Statistics: 2 2 17 4 0
14:47:32.090869] chair adzuki bran peseta
14:47:33.466869] stalags of xu
14:47:34.750869] pule xeric only bier am lemures roc me
14:47:34.939869] state airn lamed knave ilial ethnos
14:47:35.104869] proper loiters wrathed typos ye daunt grimes coking
14:47:35.652869] widowed direst dirl eonism campout eh od lum chalaza ergates
14:47:36.230869] vasts rewrapt snoozer
14:47:36.764869] filmset kid remeet preact mun ploidy os obols folia
14:47:36.832869] pangram dom grabs camo lambada jetfoil waker
14:47:37.414869] felony mouse hm salads
14:47:37.432869] rot dipody imager yob noumena plate
14:47:38.371869] phi miauls bey bolds shaw cap tercet danios chide
14:47:39.548869] ink sniffer coup en novels pht wrapt gnu elan
14:47:40.647869] wons apricot cultch nee ad balm
14:47:40.816869] jejune sinking ninnies boor he mabes shmuck pricker ale halalas
14:47:41.182869] bump el aitch hant aroma slush hummock
14:47:41.245869] ovation jam nide hanse bo its
14:47:41.343869] end zooid soigne tidiest sheeves sib
14:47:41.446869] wager hunted armpits dromond bammed pipits dip adore alert
14:47:41.650869] ionised turf nests nett stunts weldors amiga gallon
14:47:41.900869] oaks gob weekend pace whop hoya
14:47:42.379869] nan strike eave
14:47:42.575869] shirker lehua if myths
14:47:43.166869] fe dewy dens reifs gator
14:47:44.626869] glazes bedaubs perm un dynel bo reefy cerebra
14:47:44.644869] remuda unstung pander gorgon hognose umiacks
14:47:45.751869] seaming hi me om flayed flaked ono afresh ed win
14:47:45.927869] neg za baht toxines trolled
14:47:47.070869] us bears scour cap thesis adjuror
14:47:47.165869] eh ed best ed gey ragi hist er synth un
14:47:47.495869] ton hot oh buboes throw
14:47:47.896869] Statistics: 4 18 17 0 13
14:47:48.049869] tipster ag cred yo abatis asslike suk
14:47:49.489869] id panted newer kobs starve uh ho rho
14:47:49.773869] stroys tsked shlepp
14:47:50.728869] cloot al tens torso bearded eye
14:47:51.355869] quasi yet poppa dub ka
14:47:51.668869] tones hews he sea diesel
14:47:51.838869] sutra laden lithium imido topo earful max amour
14:47:52.585869] Statistics: 5 0 0 1 20
14:47:53.764869] arks septum ki ta glottic
14:47:53.920869] lauan gamas poles
14:47:54.844869] Statistics: 3 14 15 1 1
