14:45:50.164955] gavels fawns de
14:45:50.639955] tripods emmy didy sleeves compel friary lanely ah ups
14:45:52.042955] farm wore swarms estrins mudsill rewan counts saned juju adverbs
14:45:53.223955] endited pails croute thurl wielder sinuses
14:45:53.400955] bane dog cosher
14:45:54.219955] gulp hockeys lean
14:45:54.806955] gault trials vena doings ho job fill lemons fa
14:45:55.916955] rakus up okras fuckup
14:45:56.452955] saugers milt jaw ow ne ho adder aa fig
14:45:57.230955] of duomo orad
14:45:57.642955] knee pareu may lot pals um mains andro
14:45:58.785955] guy spas newer
14:45:59.281955] hub alga manat do sec
14:45:59.648955] Statistics: 17 1 8 18 6
14:46:00.842955] fuggy donor vanda kirsch grab slaws
14:46:00.897955] firm nick kef metumps vena me blaws saigas
14:46:01.734955] wading pus boylas curt lysis loden crimper drift
14:46:02.182955] jams bar wha shroffs grottos
14:46:02.908955] tedium err sibs alefs logy fandom citing geds ichors hick
14:46:04.113955] gets remated devons
14:46:05.443955] quills amniote suq step
14:46:06.081955] masts it do behaved
14:46:06.140955] sly vau leptons annexed mix
14:46:06.627955] if gibs ye clogged dad oat tiding disbar fanons
14:46:07.377955] defoam un pengo
14:46:07.473955] vim oedema latter tineas cam
14:46:07.873955] crib ad centavo
14:46:08.570955] inia old ilia lar
14:46:09.672955] hm blat chaste sag ne pious kay
14:46:10.604955] birder gym deils skags bid lull rag lead
14:46:11.093955] soapbox plea eggs
14:46:11.185955] gent imago loper flub loci ouds daturic carjack pruners
14:46:11.804955] boney toads gradine mine ped
14:46:12.192955] guenon lemma up million
14:46:12.656955] gen clot tun rap vum due nutmeg add my
14:46:13.721955] suckier old and how jihads mucid nixy cists
14:46:14.944955] lying tin li pose orrises repel lawed mumu
14:46:15.517955] goodly hogan ba nada neeps oval
14:46:16.015955] lubber lutea rice
14:46:17.150955] xu gaunt khafs gavot hob ray voted
14:46:17.735955] sawdust dahs et
14:46:19.023955] goer haku melders jacamar kink sin
14:46:20.190955] fret cram yuans yeahs spurry wed lebens ergot haddest daily
14:46:20.823955] age noels iconic hotch stourie yag bries
14:46:21.237955] iodid sowing echoing lankily fagoted jam ta koala clout geeks
14:46:22.192955] bit come yodhs van canon banded escot oleic toiled
14:46:23.161955] dourly enzymes un vises pyro manse
14:46:23.607955] jab boy uta up canzoni bobbin likely grieve
14:46:24.372955] encoder is rungs jesters cop vrow zebeck glucan fas
14:46:25.666955] greaten if hawkie icecaps nim shiny
14:46:26.027955] sunns mad cankers chiel redia fax pa lathed ya taw
14:46:26.966955] rei ah bosons od guggle detours setts sagy clamber ar
14:46:27.894955] ling cuish doer wit bo ascot go look whoopee on
14:46:28.514955] kaph gaslit yogi balsas cornel
14:46:30.010955] ed amebic oleo indol varus ghastly
14:46:30.105955] Statistics: 2 20 2 0 3
14:46:30.822955] coo lutists agar meinie nanas sullage
14:46:31.884955] Statistics: 9 16 18 16 19
14:46:32.023955] Statistics: 1 11 12 18 4
14:46:32.615955] fa reis ers merlons pung gluon he
14:46:33.206955] softly distal crazily becalm zeds qi avo pin grouper
14:46:34.579955] feigned wo sett nutter
14:46:34.627955] tinier veep ham jimp corvees storax
14:46:35.348955] buy lunular petites brat tiptop flavors
14:46:35.802955] jalap ba ha
14:46:36.552955] ratans stridor tegs dugs halloas embalm franc
14:46:37.238955] sura pend carb week arcing shady adore
14:46:37.771955] epoch surgy op rankles
14:46:38.305955] lots ridgels rhebok candle
14:46:38.323955] mights leud reest men aneroid an outpour lessees
14:46:39.290955] chain film wuss mo ex spams era wo porkpie
14:46:40.555955] Statistics: 6 4 1 6 4
14:46:40.859955] funkier poo faze ne ad in bi cozey
14:46:41.325955] comae cutie muns fa
14:46:41.392955] reis el becaps waps drubs ki spry cojones coffles cuesta
14:46:41.866955] Statistics: 0 18 17 20 6
14:46:42.322955] smack resh vandyke rasped hangup air climber haj sang planets
14:46:42.520955] hie bill gaolers up halloo nenes ti uprate
14:46:43.779955] one knosp larums dona
14:46:43.937955] melee hit or hims syboes
14:46:44.372955] ain gab gabs taro tangram ataman
14:46:45.666955] ai gaol linns forkier mi cists quintar lord wean iced
14:46:46.367955] noon recook pht
14:46:46.728955] phantom dom buck umbo spic
14:46:48.065955] tepa ret favor nubile areca stemmed spice cahoot
14:46:48.424955] inrun er numbles
14:46:48.619955] nap kudzus tier
14:46:48.871955] glebes slimsy atone
14:46:50.299955] us savorer gagers lo journos doyens micro
14:46:50.783955] bats alar sards
14:46:52.134955] fet hocks fined wo ka
14:46:53.527955] ye emir windup niffers
14:46:54.137955] feeb an mending irid tola alanine mangier lo anemic
14:46:55.221955] oe re ki speel
14:46:56.049955] si row avidins pics sedum stomp jotty fobs
14:46:57.226955] at nonages tonne mack bawl small um
14:46:58.402955] myriads it unhair
14:46:59.406955] um spivs eh lactam mus bombers nims
14:47:00.624955] subset realm ryas toons kos saned wheat unlocks mar
14:47:01.457955] abwatt an an to flocci regrew gypped
14:47:01.517955] intend opt attorns wont raises
14:47:01.645955] arm kerfed hanging eh zag upbore op wisted letup maim
14:47:02.457955] tidied stabs rin serdab clonic sun my rale imaged ashless
14:47:03.859955] pili novae amice bosh fawners prefix yells
14:47:05.235955] gorier lost tosh rocs carr ka ceps plage bedtime lank
14:47:06.643955] en legatee dyewood rattles aw alane nu doing nursed
14:47:07.494955] coach habit lividly elites up atmans hod lard poi
14:47:08.162955] cullay madman low mobile wed vails
14:47:09.327955] ahs pock ebb prints abaka been
14:47:10.301955] aioli grip bones seeks khalif use to doats jimmie tells
14:47:10.988955] subsoil tooting fa sat peaky taker pled
14:47:11.432955] hems spell unsonsy vie op jog stupor hair
14:47:12.365955] sign hag ab floated psychos opal uh oe creped cukes
14:47:12.975955] jupe chafe voe areic wicks indabas corm casa
14:47:13.459955] un ki tubbing diel flea pulsar knife tendril vow
14:47:14.943955] alp goth spot ravelin
14:47:16.039955] bap softens pima recked pubic
14:47:17.384955] oka dial eff mi malthas wab
14:47:17.608955] kas om et
14:47:17.810955] lore amnesty outwore prutah
14:47:18.810955] slated cheaply maxes abet firer
14:47:18.841955] retunes wizzen vau laugher
14:47:19.596955] skua aye jo enserf yo fave
14:47:19.669955] bombax dey gnawing led mig
14:47:20.393955] ejected typos wholly occupy koa ole uke plead
14:47:20.710955] an jin tarsi axones exurb virls
14:47:21.601955] accuse jalapic jism bal iratest telomes ais rai ho
14:47:22.353955] rabboni my sins silicas if expire ox milieu scot
14:47:22.636955] kists he vamoses marabou pant it did
14:47:23.070955] own do kitbags abduced
14:47:24.365955] rue ba pelagic soca naris scrapie
14:47:25.040955] lycees teepee did madden brusher oba
14:47:25.390955] isle es ossa gazania pterin borax us delates guldens
14:47:25.492955] waxy op outcome mostly ton dingles ache list nap spicery
14:47:25.602955] testons pia devils
14:47:26.960955] amigo wont romps sis palters ye oe snoring feod stir
14:47:27.932955] pst umlauts launces om myxoma spa cognize
14:47:29.128955] dative pistou weeny cations ballot kufi fro un
