14:45:59.111059] feed spark pus doubt of ilium ailing shoon sudsed wait
14:45:59.968059] hammier aloft tared pepsin el jicama kain
14:46:00.487059] pah abulic slums signing skite toit unurged sel hams ungues
14:46:00.638059] zoonal godding hi um
14:46:01.023059] snools natal xu tug title
14:46:02.113059] dibasic gramme un ti ow picas bedumb fid dawk gen
14:46:02.629059] Statistics: 9 16 14 20 14
14:46:03.688059] phytin tippy cerebra ourie
14:46:04.498059] taxi chasing hast ad up tamis peaks
14:46:04.687059] ambit hoes oi cox obe learn gonging none
14:46:05.688059] light tooling museful alky bi rimed
14:46:06.426059] snafu lurk sec
14:46:07.549059] axmen evert ad longer hog rami
14:46:08.906059] eek raj segued chuppa
14:46:09.098059] due hypos baud go snipe
14:46:09.273059] sole lost ed asylum
14:46:09.676059] marbles get bracers
14:46:11.013059] equites fen cognacs pule chimney macs cires ria tastier feet
14:46:11.506059] purl bodes duo uncast oca flytes lysins pith
14:46:12.601059] dogged potluck fed uridine easting nu
14:46:13.253059] forbore gorsy forbye tin enlaced linos reiving unhired wax ops
14:46:13.459059] nos jot absolve upprop indium nice bigging
14:46:13.676059] gravity ole al
14:46:14.839059] huffish es vise ti ban za yok
14:46:15.861059] al arias musky deb rani dorty loams prising pst
14:46:17.317059] cullay mi qi ovarial skewer pyx maws
14:46:18.803059] uncoy upon up fub planing uh sires buxomly
14:46:20.155059] Statistics: 3 1 1 13 17
14:46:20.667059] od gaucho clot soth elain ka pug enokis aunt
14:46:22.032059] ops pink yean dinar try pomp vincula era
14:46:22.816059] bluming aid sun
14:46:23.641059] Statistics: 15 17 8 9 10
14:46:24.605059] owsen pa offense loaner
14:46:25.590059] pity falx levo saggard jive ethoses ba curve bargees tyer
14:46:26.433059] dig perps haemoid bites faves vara
14:46:27.728059] xi bush ae kifs minim
14:46:29.064059] ifs cither glops malic bra bub beef alba coved
14:46:29.888059] daily neif pub bog duke eh pe bree
14:46:30.907059] cozes ask ti tikes fusile ricotta xu tav
14:46:31.796059] jibs worm blain sos planers by gayest soleus
14:46:31.884059] nae eh unclad stealth ruffs ow escheat mo impairs waney
14:46:33.355059] marina oms aw though
14:46:34.523059] ensign toro stale airhole paxwax amylene cotter ne net lemons
14:46:34.987059] cay ribbier mid amusia is bima carb muddle mono
14:46:36.302059] rue straths for
14:46:37.324059] basts modica cute gilly meg zein
14:46:38.297059] maul rayless means sike wauk gin edh yawped
14:46:39.645059] are shri pausing ode tog muscid lours develed er
14:46:39.802059] potency gulfy dippy stealer syenite yin of souped cusec yid
14:46:40.732059] fro nee garner pard metol bi wiver roc hat hutch
14:46:41.507059] it ha urp ag pastil lins troy veins afire
14:46:42.011059] dee softens ikat across soil pronged
14:46:42.241059] he bad umbra
14:46:42.957059] Statistics: 7 0 7 4 4
14:46:44.264059] suk nite charrs carvel lek outbox
14:46:44.434059] din tips hap pen
14:46:45.055059] ante ox ut
14:46:45.437059] lances queers xu romeos keppen unary
14:46:45.660059] kae brahmas mewing spare uh holks
14:46:46.216059] el grego ranis urp
14:46:46.617059] dita tempeh dobbin petal stopt yen
14:46:47.006059] rubby hit oba poos stentor fe fed as haugh
14:46:47.591059] seniti os jole is
14:46:48.143059] typhous gaum pye ti kashas lev theses it
14:46:48.241059] kahuna ho voe glogg caperer smazes booty anadem terga coft
14:46:48.471059] kite robe na gerent zigged eh tilaks or yet winy
14:46:48.873059] dos bin peel cage so kayaked talar
14:46:49.231059] ef how sculk mm me
14:46:50.209059] ho pip burking sorting ouraris was diptych
14:46:51.312059] Statistics: 19 12 16 0 15
14:46:51.405059] ha pe lite al boot ed we due
14:46:51.882059] dome gum kudo bet ged wad group milage
14:46:52.465059] prates rax om mu clacked came salons
14:46:52.732059] lo vuggy gag vara umami aa mon oke
14:46:53.683059] moodily spotlit solum sabs hopped dale jessed fipples
14:46:54.764059] corbels koas uncus enrich gyrate lino barites
14:46:55.435059] vadose up dust dictum clashed digs rep who lookist
14:46:56.177059] ne bib vellums homo
14:46:57.642059] maltase barbate champer iodid moa eschew en oe plea
14:46:57.929059] clap do jo drayage ha usneas astral venging members
14:46:58.012059] chabuks soapers xylene pye user sweet row
14:46:58.184059] pee fer xi felid ma dork sly ser
14:46:58.508059] piques yet burlier eta
14:46:59.123059] it tegua hopples jinxes of fawn repose
14:46:59.774059] rictal gascons sextain cicale momisms burs
14:47:01.198059] lens esprit sura poised descry fog taffy fez swivel
14:47:02.052059] auxetic pectin sterile oca upsizes obi qi coupe repels
14:47:03.452059] kea milting mm orbit jetes wat outact
14:47:03.695059] files curvet aswirl to shrieve speil al fungals got remits
14:47:04.950059] ems khadi ban his
14:47:06.411059] yills tucked asp od
14:47:06.585059] mag jab do curing
14:47:07.228059] Statistics: 0 17 3 17 9
14:47:07.808059] avarice pur crumble hat bereft fuzzes lucent
14:47:08.803059] hint escudo nuncle rem nah
14:47:09.812059] sievert isobars maltol un
14:47:10.314059] mm banes feel trawls emeers za
14:47:11.193059] ling respelt pursy relaid guise donsie belay phonied lot eyra
14:47:12.629059] teens codlins updo
14:47:13.427059] sanghs moisten ping wilts ay on ox borer
14:47:13.540059] jo hems kinder ogled mells acarid peak jun nos
14:47:14.492059] valid sum upheave camber yap elvish ox carouse shamas banns
14:47:15.951059] pooched clinal dignify hay caserns catting
14:47:17.081059] enteral medicks rockery rolls is seres
14:47:18.400059] ex flumes someday go few
14:47:19.645059] carina het tommies boys kor
14:47:20.622059] timbal sluing ex rayons broche mm nag sh
14:47:21.969059] spurge locusts mosk bo lair dalasi whap ka
14:47:22.203059] leporid fays instal nu if
14:47:22.883059] imputes chesty spieled gonif
14:47:23.629059] Statistics: 6 2 18 3 11
14:47:24.062059] maundy lav frontes
14:47:24.931059] ascidia piss zeds longers miscode favela
14:47:25.474059] gonzo ups lithic
14:47:26.396059] aw merge deed whom
14:47:27.443059] trilogy qis ruga bit ta tapeta
14:47:28.858059] berthed ox mi
14:47:29.640059] milord vav moviola wauk do potty ride shes vig
14:47:30.872059] hi cot ye duvet tatamis bilboas us
14:47:31.673059] unclips fog ax bells togaed miffing
14:47:32.013059] del bluing auldest row
14:47:32.261059] core share hakes brittly by vex sennets eth gabions
14:47:33.738059] jink cause bush lip be if turf rack sevruga meshy
14:47:35.237059] tower pins juga do diurons yea bronchi luged dry
14:47:35.314059] redye ben agly ess ripes
14:47:35.689059] gaffe kopjes flew
14:47:36.922059] initial schlepp gogos orb mochas mummer
14:47:38.206059] ate bring troupe ose dicker theses cue fail
14:47:39.242059] viers brute mu sinhs mos carry acold fuddy
14:47:39.626059] aspers aggro oak frock kojis frisees phoneys prerock sox unmoor
14:47:40.166059] tectal upas circles elk li abo soever ne vet mi
14:47:41.421059] aunts bet snoozy lucite
14:47:41.850059] speedup loller joinery tokay hider
14:47:42.247059] wae khi whoa vise idea is ad deluded
14:47:43.501059] abo bra ad sofar sobbed pom
14:47:44.638059] boohoo valval touts speer numen tripled goy fe hi
14:47:45.257059] rigid refeel lipins lirot stirks glom karoo
14:47:45.309059] vied dak bach igloo shunted
14:47:45.809059] kep injurer pup bulb flans hatfuls
14:47:45.962059] mired tut chides
14:47:47.128059] logjam tieless jiff floats such any harp taro ligated
14:47:47.207059] kins kantar upboils li ti rehires cot cozying
14:47:47.727059] six studied alae zygose hon hup to
