14:45:50.181903] shrikes hamulus partier capstan et lynxes croze lo
14:45:51.445903] bee ho fagged
14:45:52.459903] oho rom yum kirs putts
14:45:52.714903] flirs myiasis roti
14:45:53.488903] encash eff lag passels ti ixia soke
14:45:54.715903] fuggy oh yuans love tinned stelai kues rotch fractus pi
14:45:55.570903] updater cooer fuckoff woolen muskox wo mis swill oat
14:45:56.029903] gigots of daks poke kas
14:45:56.760903] Statistics: 18 6 13 10 7
14:45:56.778903] tin of redtail biz by mackles zills inert vans bills
14:45:57.777903] Statistics: 14 2 14 13 2
14:45:57.900903] Statistics: 15 20 6 2 20
14:45:59.322903] Statistics: 4 13 16 1 3
14:46:00.738903] fonds lase ingulfs eugenol we lip lo of wrangs
14:46:01.351903] phut cestas firepan pentad eyers cowherd fox
14:46:02.057903] mm un bloop abases kabob duke kbar kino yo
14:46:02.171903] Statistics: 10 0 6 18 12
14:46:02.252903] me ag coyer teels daylit teind upo saw pedalo praus
14:46:02.469903] ex quilts ax parker phone
14:46:03.796903] gigot arch ago zoonal ae ocreae
14:46:03.910903] oft lours losses
14:46:04.401903] dunlins ell con
14:46:05.735903] wed no hi al
14:46:07.117903] ganja allium tyee mol unshift
14:46:07.326903] clock khat genua ay urinate glib nettly box jiminy sepoys
14:46:08.526903] we ki chasses muggee ka
14:46:08.875903] amoks jurat tarocs suldan emerge glands jab ed creeks me
14:46:09.953903] ad puller escudos do eke fair cooncan pad
14:46:10.560903] exits mad ar unsewn dubs wiretap mho bi
14:46:11.317903] three cabezon pe
14:46:11.873903] limiter urp som kenaf lab ore grooved
14:46:13.260903] sizar id jo zek scant gazump
14:46:13.732903] boll our laten we deafest civie hadj pester log
14:46:14.250903] say jeed oxes staffs
14:46:14.862903] doby idiom sorn hurry takas herds wispily crowdy hoses gamp
14:46:15.503903] sell gorge rubble leas
14:46:16.174903] aisle lancer sebums ais hoboing op
14:46:17.441903] midsts has court wink heroic den proffer
14:46:18.730903] bro lilies stir ed
14:46:19.474903] vow gapes whet tent my in
14:46:19.918903] deny as anoa dag reboil ex ae uh anaemia
14:46:20.476903] Statistics: 0 9 13 8 6
14:46:21.462903] ess tag emplace
14:46:22.618903] slice ad bio napped rat ax
14:46:23.020903] vealer glum tee oh burg sum endow glueing vacs genome
14:46:23.630903] cuddy by yah animas gym re
14:46:25.033903] pistils on mor camp
14:46:25.856903] iwis emus banshee flick trey ab expect ai yogi anew
14:46:27.121903] chetah teel trick by caldron
14:46:27.807903] fibre tetters maranta linn to
14:46:28.517903] hyte dee giga pygmy caries ods urb ye swob djin
14:46:29.989903] ax run ma miff abris sales ted yo
14:46:30.753903] my meninx brr sneesh udo ai respond
14:46:30.906903] hues us fig late ta obias gunshot son loppier to
14:46:32.351903] elm hash ah crap jiggy aha macon
14:46:33.159903] oi we buts chucky blah ad to as illy
14:46:33.672903] piu herders ooh un
14:46:34.155903] un ka jetons ed fateful tithed on wipers court
14:46:35.351903] funder upstart si dicot
14:46:36.733903] rushees diff ben gliffs raving biers
14:46:37.739903] widgets daring jun za move pincers sizings hubby gages am
14:46:38.919903] camos dice clods vagrant am jo nays butes nopal
14:46:39.826903] aw tip tickle knurl up bams phizes eh mis looie
14:46:40.301903] sou simlin vaw so
14:46:41.714903] edhs cradle rhumb ruth moping girt lotion bigot
14:46:42.665903] buhls jo mu
14:46:43.693903] barge drop pop
14:46:45.093903] ti chasses lases bubus him fe niftier
14:46:45.341903] mensa drank tungs redbird wat adunc gun
14:46:46.180903] clerks mows spire hallow latke nided shoal suets dojo keef
14:46:47.481903] wo ex adduce poetic ax tusser whoa ox
14:46:47.905903] elite harmins mezzo tabbis dogies us us dewool talc minyan
14:46:48.880903] nee tor quotas ixodids oy poi pah
14:46:49.824903] cobras ed vomica
14:46:50.799903] ah ployed savour so whoa
14:46:51.009903] drug blamer keels dieting hes urd
14:46:51.779903] lips tad kegs pasting runs loss pul
14:46:52.072903] ex ye kay ye on trier
14:46:52.180903] wen asp subs harts dab tao jamming gid razzed
14:46:52.580903] whids lycee janty
14:46:54.049903] tipple ag simple
14:46:54.586903] etch et rim is zoners wow midges clown yanked invert
14:46:55.668903] uveas befool hat taw moggie hobbit debride vials sip ye
14:46:56.237903] jab gerents bug haul xi bonny kingcup pardons
14:46:56.937903] phuts me pax
14:46:57.741903] loupe coat frow aw ins punted atresic unclean arabica bogan
14:46:58.147903] oka alsike goonie mat pe aurum hall
14:46:58.238903] maids oryx estrins weasely emerods druse momzers acedia gobo
14:46:58.338903] id gentled xu gighe pin owllike pep sal
14:46:58.454903] mode so really geekdom kor mi dal canonry ay pus
14:46:59.709903] kneads rules el daric
14:47:00.721903] renal dhaks cedars autists sol downbow jerid display slipout
14:47:00.745903] raylike teg do jalop na
14:47:00.796903] toner emu yay uh kin wilder obe mac fib bines
14:47:01.008903] gat pemican dot delly nu falsie causey big miauls indued
14:47:02.441903] drank citoles up impi muscles tog manmade repaid sly teddies
14:47:03.805903] inlet wrench eh aunt auris loon re
14:47:04.420903] raptor welter op relics ab grammes
14:47:04.972903] ya hah agenize tods abwatt caning aphesis
14:47:05.685903] Statistics: 13 12 2 8 0
14:47:06.282903] was zingani citing gos
14:47:06.549903] pat shunt un scone
14:47:07.265903] wrick be souls unto pia
14:47:08.403903] tapers minding fix vugh cumarin
14:47:09.879903] mafioso go bitmaps
14:47:10.533903] la ox exuvium targes
14:47:11.720903] oar gaffers twasome idea cecum spades shul
14:47:12.464903] bins homy spooler skated seif xu
14:47:13.477903] thrall ed akee
14:47:14.026903] pe mare dub
14:47:14.350903] ulus miskal ba hims sexpot
14:47:14.513903] propels ama bah ma tiptoed ne swat terra
14:47:15.163903] erg ewe la noun yolk craft acerb to
14:47:16.239903] bistort irk crafter nones squeak lysins
14:47:17.248903] frena ozone toes
14:47:17.637903] toddy analog aarrgh briars hoody plica antilog mediad ut
14:47:17.871903] vela glossas barging dam
14:47:19.281903] fecal wos fiat warsler nog items
14:47:20.301903] risk yo obese strike
14:47:21.414903] fubsy ho doleful oh punky ay swabs sup
14:47:22.693903] pe peaty ef poyous xi sabs fatal
14:47:23.770903] coss doings er sweeps botts regilds lame fir
14:47:24.040903] surfier domic fig mowing
14:47:25.512903] ryokan cavils fa flogs leafy wests
14:47:25.813903] gynecic zed lagune bendy oleins
14:47:26.919903] roll coat daffs hornily
14:47:27.118903] frier he duo bears ache izzard peahens ana
14:47:27.484903] howe shock silanes peddled jupe scarph za ho eme
14:47:27.792903] thein parlor him okes
14:47:28.903903] arame mm lag forties respot bel skep pot omnibus
14:47:29.084903] wauls potherb yarded joe hi zip prairie courted
14:47:29.690903] ods aggada we kobs rune duff nog chapman pod hub
14:47:30.370903] hm ebb alba thrust ifs guff waughts
14:47:31.711903] an wis oy aby effect kat ya
14:47:32.392903] lag vans hubris pettier
14:47:33.200903] slakes naled box evading prion ante laxly bows allay baryte
14:47:34.097903] skirt polenta medicks nosh aff rough enacted jasmins oh pet
14:47:35.399903] ay gaffe fa gravy few wales walkout ai
14:47:36.302903] ting lo en jig khi nestled samurai piping
14:47:36.414903] thionin we denizen lint spark darbars
14:47:36.818903] guard vetting yo ware
14:47:38.272903] ha za fee
14:47:39.396903] ka us trio fen pips gneiss no gorilla plyer bereave
14:47:40.441903] oy saw modus tonier bevel rugs tolar ha prepupa
14:47:40.916903] erasion halms om res hoyden yards dal baas farebox ow
14:47:42.273903] Statistics: 1 15 15 18 13
14:47:42.412903] gust weasels refiner bilbos warren plinth crudely id
14:47:43.907903] Statistics: 7 18 11 3 0
14:47:45.292903] not alum wanks phots charry themes
14:47:45.307903] crutch xi nu muffles
14:47:45.418903] rehears fucks knew dago snag al wans shaul subset opaque
14:47:46.236903] newton dewclaw amu tinters mouse yam soilure chillis linky eras
14:47:47.080903] brine found bys hun reoiled deglaze alums pa
14:47:47.763903] wab employ fescue hulky wobble
14:47:48.703903] cusp immy xu wee
14:47:48.897903] ne oh poled oi perk defiles dibs so
14:47:49.491903] tui dulse pub droving wanton
14:47:50.898903] Statistics: 12 5 17 3 11
14:47:51.549903] rigors hi port mounted helmet bootee users
