14:45:59.124024] guid roues za isthmi renting
14:45:59.931024] so nonfood nixies
14:46:00.024024] boring briths covers al jester anna factors maned
14:46:01.059024] sausage expel relish
14:46:02.160024] fjord no pastil diode slub
14:46:03.499024] mil ear laris mavin meta evade an quest goliard fro
14:46:04.360024] forego ulnad outed claying mayo impede lear usuries poofs hogmane
14:46:05.770024] docs acres qi fop coombs exacta epic
14:46:06.137024] mensh carrels par nos yew piled tho clavate ed
14:46:06.411024] if nonfuel twa fierily puttied eta sunken
14:46:06.753024] Statistics: 1 1 3 16 12
14:46:07.787024] allied mosses jumps tacts plashy vetter pets hadrons
14:46:08.321024] end postage aneles
14:46:09.542024] gae bawl smokier
14:46:09.953024] shaky ospreys gooky
14:46:11.083024] os tongue chat wold nits icy baled cad hive rowel
14:46:11.755024] fingers thecae sisses dirndls pica lunes nabes year
14:46:11.807024] tromp stories flam guess garcon ouds leak orrises ut yaws
14:46:12.543024] indows adytum roarer smokey gores
14:46:12.696024] nee cocoa haze amp twinjet moc aga runty
14:46:14.135024] bizzes de rob my beefalo thulium aw
14:46:14.398024] readmit rev wangans
14:46:15.669024] golfing aa es cos
14:46:16.579024] fastest gastrin verser upswing lagging wop lathe beau qi agave
14:46:17.353024] sel lax myself pings peeress rex rash
14:46:17.379024] rei imids joyrode ramrods els qis fiats oi
14:46:18.657024] seta dear micks als keg turds
14:46:19.212024] re testa inducer mottle am
14:46:19.920024] id disown woke joss
14:46:20.950024] ka rocs cape od op fulmine bong sox
14:46:22.232024] gym bi pan doer pyknics argles
14:46:22.864024] sex his weaved pipers tesla emu dual capstan
14:46:24.141024] bolivar xi leis haj sensei hypoed sloth likuta
14:46:25.386024] fixed bar web troy primacy deli meds mo ha wheal
14:46:26.415024] costa grub baps busk
14:46:27.008024] lyse scotch coloni ski tosh wad urb erst
14:46:27.664024] zetas zaire ages luvs kilter wafts daleth cels wilded
14:46:27.738024] mols bin doat
14:46:28.490024] cep twa lamely ywis el gleams leakage
14:46:29.334024] bolus foison fraught zarf wounds lis wo
14:46:30.499024] dan tells os
14:46:30.894024] fetid ma ballon turf restore mop at
14:46:32.226024] rexes yo hyoid guan darbs garish etch so
14:46:33.574024] poof wast foy
14:46:33.766024] yow saran eds ed fairies soy tenge
14:46:34.563024] trunnel laker wrongly slid puck limps ad
14:46:34.638024] lodge survive molds place glare doat sots cittern
14:46:34.709024] tump adunc snore xu imbarks dee taxi to
14:46:35.228024] gag spooler cerates bate gelcap basting cental gem trap
14:46:36.396024] stipels jar traces grouty
14:46:37.387024] we grutten league poteens drug hick
14:46:38.478024] oaten barret unicorn haired glias voids
14:46:38.945024] at cottae snapped chicer uh eudemon lisper pod xi
14:46:39.724024] hegira have wadi raucity edenic mig eyeshot
14:46:40.739024] flay ma pouting humor
14:46:41.139024] wraths loran mix howling rely
14:46:42.566024] ducted yo skyed escudos sax feods limpet gyves occur law
14:46:42.792024] heptad holloo eocene pork cumins bights bending unite alb enigma
14:46:44.029024] of ai bibasic
14:46:44.893024] trets you em egos empire yoke reavows alsike or
14:46:45.046024] hoaxer us dido mo tet
14:46:45.257024] shamus joggler mage except louse bock morpho
14:46:46.533024] voces at eh ar tipcats sos bodegas oy ha
14:46:47.121024] thou carls kaiser nabob sonde prefer sorned risk venus ef
14:46:47.423024] bans breast in aid makar un tarting refaced
14:46:48.572024] sedile gip sparoid lungs rum wabs rho
14:46:48.760024] til ay wrists nob menu pupas pox
14:46:49.467024] raiment slurp try
14:46:49.816024] Statistics: 16 20 7 17 0
14:46:51.303024] tanrec em railway we pooh redans view
14:46:51.972024] memos eon fob
14:46:53.461024] ism peched ransom mas rain tawsed gorging deceit pate
14:46:54.401024] boat yam acutes asset mo gies meats ywis ki hili
14:46:54.724024] ensoul am rare scotia
14:46:55.524024] twinges nicol rax it zek oke she
14:46:56.403024] outkill casuist swim fjeld maps
14:46:57.273024] apos ka neglige
14:46:57.553024] cut rods janes
14:46:58.141024] prig tas dreads say gels re boa fey sego velds
14:46:58.213024] pika pial foamed smit era ag snoots jiao om pally
14:46:58.657024] lych pugged hied yo brocoli apt ow manwise
14:46:59.103024] up deco briss malms mahoes tort
14:47:00.569024] ow weeted en yags fruits celli hared bonobos harried jacal
14:47:00.952024] commy seism bigoses teeners by pungent scowed um iodise
14:47:01.306024] pi bookend yowed onward jack bis erg daledhs cowboys guts
14:47:02.044024] messmen waggers topis yoks ai mi fib sum ya un
14:47:02.170024] uh om cat
14:47:03.395024] omelets we ens hi ump stomp
14:47:03.733024] got myc es pours cummin spirt
14:47:04.359024] wap coronae rapt bitsy ammonic ay
14:47:05.143024] pujahs gamy rumps semipro neums baric
14:47:06.560024] maut parkway pa
14:47:07.382024] paly defuzed satara dup mako ate tenser
14:47:08.604024] imino leaf far now pe
14:47:09.395024] yarrow sisal hue ki steerer en air pappy
14:47:10.892024] sly dynasty other qadi aah sayable redips pacas aguish boleti
14:47:11.718024] plotz ark bout oxters yo ka pruner emperor
14:47:11.874024] eyre banks imine sash precast spiral
14:47:12.573024] Statistics: 2 4 18 8 8
14:47:12.756024] Statistics: 5 14 19 2 14
14:47:13.166024] quaeres chimed ef zep xi idol plunge mure
14:47:13.967024] up hoaxers za clop epergne bi
14:47:14.352024] posed sennets swath dales hefted aglow ti em shaley
14:47:15.289024] tam oy oxy sat atopy ghis torta nidget
14:47:16.298024] unau el ta prat leg luteal ye nizam
14:47:17.598024] cusses hobble shlumps ich loca bravas kex female axises howdah
14:47:18.831024] alma humor oft os
14:47:18.968024] goat gramp sizier ginkgo ox tenably
14:47:20.137024] brevet asea hints
14:47:20.734024] ex requite veena ern ba ags pah wok mug ess
14:47:21.713024] rev globes olla pubs ply wisp
14:47:22.713024] sew dee denude
14:47:23.795024] abomas made kaif ef cad weevil moreens panada
14:47:24.730024] pions thuds scams midlegs ago jaw
14:47:24.853024] hod reaved coly memos xi dree my mandala ridgy
14:47:25.714024] heap low bide mu uts food qi ut
14:47:26.342024] wands sobs sup he jura
14:47:26.786024] pehs ragout moo ox
14:47:27.839024] secco waddy de manful
14:47:29.292024] flabs coplot avoided
14:47:30.508024] paiks lesbo bath ae wet anti lier to la folium
14:47:31.351024] ba hm zinged right pullet pollee ray
14:47:32.020024] aimer blued fig
14:47:33.386024] dorsal bobs frowsts pithily wholes exiting
14:47:34.839024] hash gestes pe adhered el
14:47:34.981024] Statistics: 0 5 18 17 9
14:47:36.424024] aah lodes asses birds terga deems gout faro
14:47:37.919024] nom pep nook wintles paeon uncover logjams os
14:47:38.175024] vee wop ramp flaws scry tossups clipper sh om riels
14:47:38.787024] li fest qi waxers nawab rim
14:47:40.134024] fley oilcans alp jeu
14:47:41.420024] aa tattled er al nide nagging porker
14:47:42.209024] hep ulu alms an coruler rester hayey
14:47:43.461024] kip repute pilule
14:47:44.918024] succah uh pompano aced de lemma ef wakens rhombus
14:47:45.772024] toits manics tor
