14:45:59.116046] at coz xi pan he jew
14:45:59.315046] daphne moc za were
14:45:59.897046] caserns tumors taos treks been doat gimmie taw jot
14:46:01.039046] gnat tanks tegumen angles rut duff peptic drops wodges our
14:46:01.180046] gaps jocks noted brats oars enol tokays
14:46:01.823046] boodles owl nib uppish ria pe by el et umps
14:46:02.209046] oy pill tier koas dogged
14:46:03.512046] execs skate styling if unction aglet say updo squegs
14:46:03.813046] stools sate bury
14:46:05.185046] Statistics: 0 16 7 9 15
14:46:06.285046] czar wayside yawning scars
14:46:07.367046] jute prey junk
14:46:08.446046] craggy dowses me gonged mud crowd taxed not weirs sulker
14:46:09.762046] ta wells ut resh shaws snow photog
14:46:10.580046] isagoge liege unwon pax luged fynbos xi abmho
14:46:11.349046] lads ohm shri groat aguish coeloms
14:46:11.505046] fizzy wab laymen outlast cads cheth pias mauler forward barny
14:46:12.188046] whews lunge envois nan oy in whizz rat go
14:46:13.511046] yirrs den canine sou scutate
14:46:14.280046] sim aril crwths squiffy
14:46:15.511046] stoat wedges kex xu homey
14:46:16.117046] gutsier timid zoa ransoms floor aw stack mad
14:46:16.694046] geck burros pay here gnawn cicoree sales foul yaps
14:46:17.239046] gaol rage vet xi oi dahs
14:46:18.559046] goliard caramel anes mu sandbar day op spiky
14:46:19.371046] burgh rand sty ay choices joss alter gives finals
14:46:20.083046] foxing duendes ruboff ah ruby
14:46:21.152046] daddy diglot bleed
14:46:21.414046] hub kerfs made
14:46:22.472046] id matt med sensa tyne ae ossein
14:46:22.498046] dry pic owing charier newels it goal nide sord it
14:46:22.764046] unban sample foppish meres goy balatas fulmars weakon cigar wich
14:46:23.801046] incurve oogamy derate zit pipe plough blimy jeu ash
14:46:24.769046] od old wearers
14:46:24.939046] doc oy jot be piles we mossy pa
14:46:25.537046] spittle slapped dogcart
14:46:26.173046] pigboat velate walkers daubry milers wan mamluk odd
14:46:27.663046] ae kaisers justled aw chia chouser clog iodize oxo
14:46:28.048046] he wow mean pomo abroad vat jordans helps dined
14:46:29.115046] blae voled za john coff ki aye lath oe
14:46:30.096046] sade gyps sneller concho green discs cel
14:46:30.706046] anas orlon scalps
14:46:31.292046] cajeput easters at ka
14:46:31.466046] cello chi dindles rebury
14:46:32.127046] carrel past quern scan cete ae new purines ya
14:46:32.439046] ruins rag rib out za kooks heder
14:46:33.045046] fennier canonic radians loci stir sajou mise aboulia
14:46:33.638046] pe toxin copiers lit ow
14:46:34.605046] keyset psis pitted kismets jaygee pyrex em us deva
14:46:34.764046] traik bloc con
14:46:35.047046] intake go extoll cygnet
14:46:35.070046] flat he flux tung secrete granola
14:46:35.747046] josher ta zas lump so de womans gas him
14:46:37.191046] jag trippy silanes rug sard sansars bounces aa
14:46:38.057046] bura foaled pa sayeds sherris we oh unmacho
14:46:38.405046] outfawn pinas pi rod lambent curdier tempt morn tole
14:46:39.362046] megs shaves mas of atalaya vum me dialer
14:46:40.652046] guffs havocs flowed peag
14:46:41.949046] cipolin anted apse palm ha er domain job strides hazards
14:46:43.240046] Statistics: 12 10 2 7 16
14:46:43.530046] bumph poverty eld ruffler salty dos dexter canvas vigs tel
14:46:44.285046] welding mo aff feeb carmine kinking
14:46:45.342046] pigs award proms casbah heils dopa al nolo crush
14:46:45.850046] striker pock dit sainted
14:46:46.559046] pa labour podlike remet ka aa nil
14:46:47.960046] homer dialing ables writing
14:46:48.794046] Statistics: 9 15 6 6 16
14:46:50.217046] voguers sackers cashier shorty peans larches rochets hooeys om gan
14:46:50.792046] tallish grin jiminy kin korats
14:46:51.401046] obentos fret by glops cranch gem alidad bad fad
14:46:51.416046] lunt shtetl muser trices fallals spasm eon
14:46:52.679046] Statistics: 5 16 7 11 8
14:46:53.032046] prat ba birk sri
14:46:53.553046] mo corby we
14:46:54.906046] ai sh actinon brill be wetter fielder xysti
14:46:55.893046] galere em spears
14:46:56.912046] tis et no ono photoed dually uh regmata op whammo
14:46:57.877046] raffle sox blows colon it re muring cleft dale
14:46:58.637046] pye hip inro finds
14:46:59.881046] slams scrapie gyp
14:47:00.897046] Statistics: 18 6 16 6 13
14:47:02.358046] outpass mindset stupa pommee poky skees us jotty
14:47:02.648046] scab ad snyes aa hay reck si blini skyed
14:47:03.426046] squalor sarks clog vivify hulloo den
14:47:03.821046] rove amidin kris
14:47:04.108046] molt as undo mu ai trays taco up nutsy
14:47:04.852046] fumbler reds us
14:47:05.919046] rodes ti tassel noons topis oh burling
14:47:06.988046] unfancy guarani cos duro me oval amoeba
14:47:07.773046] hogweed swerve menad mulley fico crown animate gibed
14:47:07.865046] hacking buffet snap anis ab fop pissing fa
14:47:09.068046] adoptee tombac resown mu murreys prajna am
14:47:09.657046] so fraises chlorin bibbs
14:47:10.938046] took moor ab teels jagg
14:47:11.692046] deal rug poh oy ow scraps
14:47:12.675046] weeds ochered bund jar de frag
14:47:12.763046] cub go mutch tossing potlike om adders pupu ope rhythms
14:47:13.266046] ill ad spans
14:47:14.158046] peptone crevice ogee troy seised eased ef lasses quakes
14:47:14.936046] abas housing stab
14:47:15.259046] favas ha ennui gallein lo
14:47:16.718046] si sirupy suiters um en lows od azlon dub
14:47:17.153046] netters uraei pug
14:47:17.914046] slack coats bo sphere by typhose my
14:47:18.637046] oi bi cwm snags muggar
14:47:19.544046] vatus layman montane
14:47:20.997046] velvet stock dumb borts aw azan fomite recoups joins magi
14:47:21.098046] Statistics: 8 19 16 19 5
14:47:21.471046] raiding kirtles wites jimpy murra virtual jo
14:47:21.960046] diapirs duke artery piglike belongs poi stylers cigars
14:47:23.394046] hypogea bigamy robe rat ridgil jo xi bins
14:47:24.103046] fenland fat as it ex aah touzle ai cajon cocas
14:47:25.263046] reives osprey barrets ecru
14:47:25.800046] azide aided feted exed hypoing
14:47:25.820046] chymes menace sari labials veal pawky jot
14:47:26.210046] dugout is enrage popish nail punty hottish uteri
14:47:27.585046] ryot gam yeasted
14:47:28.417046] rattons dips dhals gerund
14:47:28.952046] silicle ef na mudra an ruby maumet bruin
14:47:29.083046] got hurray til reman daw
14:47:30.569046] ye immy men za jaws
14:47:30.818046] ape migg tils mad vivas pride bettas vermis
