14:45:59.120035] burbs aw grabby
14:45:59.137035] aa cee brander lanky dibber
14:46:00.242035] dammer ut bus barmie lump hm cart laxity is saxony
14:46:00.585035] on dago ae pud blocs putoff naff sibyl syph cimex
14:46:00.615035] mun marrowy beanos ox
14:46:01.155035] um cay neighed baching dub pice
14:46:01.216035] mu tuner alkoxy kor toy
14:46:02.010035] quote mm brut
14:46:03.148035] vakeels impost wo os chaw recants schmo
14:46:03.623035] ha psi ably kyte solan pieing anergy ono am
14:46:05.093035] gimel zax goons isles riffles
14:46:06.140035] leapt ox grimmer pet
14:46:06.409035] toiler ixia leally hob go jump ulvas rave oh snip
14:46:06.836035] ef tram mi chiao churns sim pinon oi he
14:46:07.792035] slid heeding rayah atabals swot wo bows looser
14:46:08.074035] folks leis kyes salters gaged biffed sub oldwife swore all
14:46:08.907035] kis cels gamboge
14:46:10.019035] haw tubby tangy ox ma ape miser hop stemma cot
14:46:11.191035] al queerly nardine volti potman oy
14:46:12.467035] hayed senors yak ti add
14:46:13.691035] Statistics: 4 11 17 19 1
14:46:14.350035] gosh zombie titer gloss clamour tahr ne
14:46:15.408035] oy ais nu fro hulks qat monacid rexine
14:46:16.508035] cresset becloak tosses em sex
14:46:17.880035] diene loots flaring xi guv
14:46:18.547035] Statistics: 9 10 1 0 17
14:46:20.008035] eh tabular exhort citoles submit na woe cringed sage
14:46:20.721035] us hi rah toxoid noter mil on mo
14:46:20.901035] maar sift nooser navvies jerry
14:46:21.199035] opah ahis cartons reflect
14:46:21.474035] leg yukky bo giber lief ginnier dusters mm my
14:46:22.535035] savants pus rice jillion ace japer eh meme xis fet
14:46:22.660035] pax shirts gen bels fluff imparts
14:46:23.930035] sal rewaxes pizzazz soupy ag synched
14:46:24.354035] impis bairn exsert scares ab damp ficus cheesed weeted fowl
14:46:24.975035] uvula kahuna arses audient rathe kenotic legits preop runner
14:46:25.924035] rebs ti sax hiking adeptly zig storeys dendron alkyne
14:46:26.385035] ale nay kilning knife
14:46:26.672035] chilies aim sabins uta chagrin sphynx cockier
14:46:27.806035] mus empaler fay law spa saps up
14:46:28.259035] ern ta gonging durrs aloof bloats raff
14:46:28.706035] bocces ficoes toy noh porch raja keen cyanic wolfs wonners
14:46:28.916035] ti biggity li tethers veejay
14:46:29.655035] teamed tenuous bend od al pix cystine lux strings wool
14:46:29.742035] ar myope um os comal
14:46:30.185035] def tasks vogued
14:46:31.105035] tamal lari curbs rices
14:46:31.818035] fixt tivy black latte awol biblist
14:46:32.124035] wakers apercu ah xu hajj
14:46:32.810035] nuncios chin loonies trehala shrilly oh be scarab girlie prosos
14:46:33.014035] sike xi why rock vigs uh hotly far pergola
14:46:33.296035] pe coed reproof ai za bal ho gum lown up
14:46:33.994035] bomb nuclei grison hoofs baal sh ki grok
14:46:35.207035] ganevs pro mutant old yak
14:46:35.587035] haycock nougat add
14:46:36.699035] unites bled coalbin attest acolyte kilning
14:46:38.139035] loofs lo op psalms picoted
14:46:39.624035] onos welder re foins
14:46:40.173035] jot ho tels ached
14:46:40.308035] klutzy mm preedit vocal nu elites
14:46:40.740035] fe cutesy bah paretic mildly jetsam trier wha
14:46:41.676035] nu cold la spick pi
14:46:42.992035] mot bhaktas dopy roman apexes skysurf er hornets pe ka
14:46:43.859035] poh mastery unhair
14:46:43.928035] plain mob deny butt killdee la epopees amuse bod ye
14:46:45.134035] smiths leys ax hat tort aa lento denning apprize
14:46:45.290035] rammed laptop ef bike to awing za tabored
14:46:46.462035] megara flu draffs branner cow cunt kat smartly ar
14:46:47.666035] al limbs bunked diorite uh nitwit no staddle sells
14:46:48.222035] ag dames error
14:46:48.561035] Statistics: 1 10 8 10 14
14:46:49.454035] Statistics: 7 11 17 11 12
14:46:50.913035] aides baric barbs en enounce cruse gnu mm respire nimbi
14:46:51.842035] men vis am
14:46:52.258035] rashest naming funked lesion
14:46:53.679035] kit oh oh avert null derive mi
14:46:55.104035] wye mousse twyers ad girn errants paddled grains cubic
14:46:55.234035] credo smolt ex
14:46:55.310035] tip ghylls ai ut yogin rebuts belga trikes iguanid dip
14:46:55.540035] net lin cupule bale
14:46:56.156035] sitten rid lev toper emir fine brung
14:46:56.352035] halyard sung gagers hic gypsy dregs bads
14:46:57.224035] dice narine si rocker yippee xu on sel
14:46:58.164035] heddles burbles fud
14:46:59.383035] loo wicca nay nomos staffs
14:46:59.652035] Statistics: 6 14 4 19 8
14:47:00.861035] afire dicty woads
14:47:01.411035] Statistics: 10 19 13 11 12
14:47:01.500035] ye an winos am weka
14:47:02.470035] gawper oh smalto ka hand tub ya
14:47:03.937035] fly uh waff ekes eon id cloche kaki kip gnatty
14:47:03.991035] Statistics: 2 12 20 10 13
14:47:05.473035] flamens hackee deeded tops
14:47:06.189035] et canard fresnel therm criers bod
14:47:06.649035] eve sacques braver spaces hoars turn yeh sure cur rum
14:47:07.537035] ar cob crock pe mortals now stabled weepers retried
14:47:08.949035] recoup woolly setup congas lima zori tying tokens shuln strider
14:47:09.674035] fed darky bursar
14:47:09.848035] Statistics: 12 10 16 2 7
14:47:09.976035] gay rake tom tartufe wacky respade glumpy qi
14:47:11.259035] sties numen em bis
14:47:12.501035] Statistics: 1 5 12 7 9
14:47:13.671035] go aroints kae sip jargoon ursa souk vermian
14:47:14.250035] sell at pa lar boyo sound at pledged ick bathyal
14:47:14.610035] bided oarless singers ex hoop analgia kylix cud strep
14:47:15.357035] egg arises by ar na ganging kvas fustic putsch beleaps
14:47:16.009035] has dals ay recoal
14:47:16.492035] gibbers potion veining gos reclasp fire bursa ecu
14:47:17.790035] ya lex pack sabes tyros fordo telic thy
14:47:17.888035] bey riley we ax nipas neotype
14:47:18.797035] beaming yup booted shiny gremmie
14:47:19.211035] dui parr twang beths chaufer oses ire
14:47:20.626035] adit ow spue rhino kakis bister embower tonus oxims dry
14:47:21.306035] scrim suk sel tensed fagin
14:47:21.696035] lopes wo dag ligans vendees uncurb marsala lay punts
