14:45:59.107069] dory olingos alcayde bakes dragee dudgeon ken invites wick fuse
14:46:00.605069] yo riel gripers shoji
14:46:01.876069] Statistics: 12 19 8 12 18
14:46:02.663069] ag he ravine ho poems sty cabana whomps tub
14:46:02.715069] lay grub my cat
14:46:03.710069] mosk pungle ceiba toroid
14:46:03.990069] edhs si dykey ska colly crowds
14:46:04.936069] by ag combe
14:46:05.461069] clops roupet asp nae
14:46:06.890069] Statistics: 0 4 4 0 14
14:46:08.162069] tate avo fray ales li vinyls eidolon coney fe event
14:46:09.311069] by congee clutchy muletas
14:46:09.600069] digests parer chub
14:46:10.021069] pa of um tubs tan upgirt weed cretins vorlage mantram
14:46:11.192069] women ceres buxom hello hic oi gen dates gae toner
14:46:12.279069] hays paw equator am sheiks chesses kino futzes also par
14:46:12.310069] sucrose gait you tubbier glia un lowball luged airted
14:46:13.633069] at booking yogi archean usable snipper nu spars race my
14:46:14.708069] hub chirm dye dex ketene gentil redcoat nanism marks
14:46:14.975069] paid my pectic squires test bale nick oh hamauls camp
14:46:15.888069] reliefs go bal ink is bo ingots oy adz big
14:46:16.403069] salami dandled whales pellets cobble edemata mug woops toecaps
14:46:17.840069] donnas gangers bo baned os hi crocked pruta
14:46:18.662069] axled vox ohia clot
14:46:19.185069] bys whews premise pe phew belies
14:46:19.788069] naw dipt basined
14:46:20.940069] salal dot on fabric ex tea et pursing inia
14:46:21.923069] pima yod synovia mu violas tough duds spams peascod magic
14:46:22.039069] poseurs canakin xi hysons resold gnus mussy olla
14:46:22.836069] ope babels wars spas dispel oud pall yew stilted
14:46:23.003069] boo yo foram inure bap koi ma buy
14:46:23.970069] uh camerae awl yawp beds bolt
14:46:24.572069] whitter oi hies sirs tikes
14:46:25.620069] chez evict ti lee kae rim formes bunging scuffs
14:46:25.719069] tyer re satiate fud stern sheikh jinxing halers
14:46:26.557069] entree yid coo tush scrubs
14:46:27.954069] bias hips bias jabbers englut daimen ax diode
14:46:28.879069] big ion ghyll el aa duet or rue
14:46:29.463069] almude ha adapt
14:46:30.071069] anger throb alien boy del tripe ices
14:46:31.079069] si at lippy sulpha vole mien
14:46:31.247069] ovum weeks jager epic loxed
14:46:31.576069] ay boff hemic dames
14:46:32.477069] nazify sers ray proton
14:46:33.519069] bint dace lovages eyra biz cusec vera womyn
14:46:34.429069] go britska id hurters oidioid wonders rhea
14:46:34.724069] bap rident colure id hefted al
14:46:35.389069] perches iffy dibasic
14:46:36.603069] outlook kab wyn sri wafer boxcars carfuls argle
14:46:37.051069] cot blight quay flail cuspal
14:46:37.257069] pol coff wing frigate yauper boxiest at laris
14:46:37.525069] elytra vagrant opes hazy dee humates squawk zee aplenty
14:46:38.935069] trachea elf doux ay thiol hallow bay pi
14:46:39.417069] wake groat mezuzas
14:46:39.685069] it stot fulfill fe
14:46:40.167069] sonde jeep yond am shopped fohn cup mozos
14:46:40.852069] plow sigh el asps nit ye butts daw aal
14:46:42.329069] cough et ar
14:46:42.858069] dom exotism far
14:46:43.281069] hash fay roves bizones hang
14:46:43.916069] wiglets which chiro geld duras
14:46:44.826069] nurture cog et ar fled denude
14:46:45.577069] embody tav sax croutes laxity drew
14:46:46.595069] zag chaffer coz skunk mown dose
14:46:47.666069] meow to coarser firemen pixies gor nuke pup
14:46:48.395069] bi oot vex pave bi
14:46:49.054069] Statistics: 10 1 15 4 11
14:46:50.012069] regmata li intones em vac gaff
14:46:50.842069] singly xu bangs
14:46:51.443069] seeking twice cites exam mastix amu lithify ropes minutes lo
14:46:52.019069] workout ne ti
14:46:52.447069] faecal dowed do jape mor zag urus stet gospel
14:46:53.565069] liney glonoin koan waifs midship
14:46:54.795069] hat accidie bar bum frumpy dyke halyard mudcaps
14:46:55.234069] hates sloths ae
14:46:56.201069] afoot nets loons am
14:46:56.365069] am repps ab grater spoors fuck op loan
14:46:57.721069] garron outre buffest om goads ags lier cashoo pung lei
14:46:58.444069] shikar bugs reglued accosts aa
14:46:58.729069] pocosen goggled knees
14:46:59.328069] os sis lek mamas molly en capotes ceil ow ag
14:47:00.411069] gasher rattly chew xysti chacmas ed quantum
14:47:00.777069] heir diptych rente
14:47:01.574069] mo ef mell suk nap swine ai penults knead
14:47:01.797069] oe pa is raved
14:47:01.851069] ferrets un an mofette bowless texases globes airns dif shy
14:47:03.332069] Statistics: 18 15 11 18 13
14:47:03.898069] twist laic jury number ace care freest pie am rarebit
14:47:05.039069] gelded stab pi
14:47:05.450069] trainer fiz foxlike maqui graal
14:47:06.045069] cog cuts trill or wailer kuru teopan cel nib fatso
14:47:06.695069] nymphos wades mincy
14:47:07.337069] ae rolled am knop be coax linos oe lesson
14:47:08.431069] es doom jinn psst havered
14:47:09.292069] fa mm ow
14:47:10.308069] duomi no dunnage layout
14:47:10.541069] kob me agha eupneic lux prey
14:47:11.504069] igloos bomb gigs bloke dregs whey frore
14:47:12.593069] stound nancy tints nu
14:47:13.119069] looing opines latency warworn
14:47:13.857069] toner aa albumen vide gig sorta ae kiddy doulas
14:47:14.458069] triter after ad sets civets fan taunter incage willer lapper
14:47:14.478069] zoomed ism namely ashing vid pintos skatol fervent oes ignore
14:47:15.932069] doms route fa
14:47:16.110069] pe kinfolk mishaps pariah zin stickle jacks autumns crisic en
14:47:16.227069] hats isogriv docs
14:47:17.444069] one add pulpier raga jo ma
14:47:18.008069] pumiced airt bints oy snipe noggin yuk
14:47:19.063069] trueing casa quid rims blurted laterad tsunami groans
14:47:19.982069] kris man mute inlet ires aits sae
14:47:20.939069] oi cammie plea ma bedu gooneys
14:47:21.987069] boudins dilute qi on
14:47:22.408069] dire tack pot tags
14:47:23.580069] graphic ow al goaling aquas jibb
14:47:23.643069] byte smell hater horn egg
14:47:24.212069] buts midair wowser kicks milo desk mondes terga
14:47:25.162069] jurants lav id vibe ern ox oh homy pec ire
14:47:25.364069] cornfed ta exult badge diastem si conjure mohur films
14:47:26.051069] strut ne folia kist gracing pomps glob
14:47:26.673069] bungle fakeer staples pogonia mics toph oh gran toll
14:47:26.874069] by theming el orlon heeled crojiks pitons defeat fag
14:47:26.922069] vera lox gul jiveass mo magilps de wag
14:47:27.241069] ef outfits vents wry colone kedge psoas mapped lacs
14:47:27.493069] goofy belaud bled rial moot nitrate john bo dowers
14:47:28.731069] qi gleet cues ut cuittle riced er
14:47:28.797069] orcin ya dentil creek spec et els hauled kudzu navy
14:47:29.244069] joke dunt clonks china
14:47:30.129069] tit plaits rough savaged nympho
14:47:30.294069] ratably ox ah oe awl calico whiskey
14:47:31.753069] funplex tub maun
14:47:32.333069] ashore figure hallot glosser but eyases
14:47:33.321069] brazed tot discs putout redded bot rebuys
14:47:34.482069] do gourde sown castoff do
14:47:34.752069] skimp etna ha
14:47:35.411069] spavie jole scups bowl rheas redders roc silvan fa an
14:47:35.995069] swag ends ya brayer so lamped naive rotos
14:47:36.299069] oilmen chants seg hemin supped hosen shim el
14:47:37.217069] fauns qis retem jisms dak att bio weevily
14:47:37.319069] flues bed claypan
14:47:37.429069] lithe bussed roc salp
14:47:38.750069] levees use clink rowdies pix due ed gie ashlars eery
14:47:39.089069] at moc me quarts mus typey bum xi nom
14:47:40.570069] mutons deem hup
14:47:40.766069] wingy louses buts raphe god yum go bumper oka
14:47:41.814069] trend rift naw kay
14:47:43.214069] chalcid hot girdled crepe kas pia ho mullet li kyte
14:47:43.418069] bra reveals abuzz stelene pa apical
14:47:43.719069] walks defrays parados dowers tenpin hi puttie od goanna
14:47:45.006069] weds odium fa dogleg elks flab citric diwans danio
14:47:46.185069] Statistics: 1 12 10 20 20
14:47:46.775069] ho mutest umami donas
14:47:47.113069] lib hares al bebop sudors labor dialer gaskins doe
14:47:48.438069] ow styled loured
14:47:48.471069] Statistics: 19 6 0 11 15
14:47:49.802069] taupe dinged coxa hullo xu
14:47:50.152069] it weeder frugs packet fob ares wet oh wag sizzle
14:47:51.202069] cadi dita bods bowshot smirky couter saps um owner
14:47:52.485069] Statistics: 8 17 15 12 3
14:47:53.068069] bullet browny mi sh rex
14:47:53.401069] eft tonetic swat rurban
14:47:54.846069] hartal gids jamb oe bi qi fumer far
14:47:55.356069] os elk sprint lums puff saugh crimped dah vim
14:47:56.203069] nix us sego pavan pilules jowing abet ready burg
14:47:56.358069] snots bes an
14:47:56.541069] rob wolfers pirana envy cattily welled axite
14:47:57.005069] lax inns upsize deport lav trimmer oda sennet rehinge
14:47:57.650069] lad chow fimble width drubbed dieters es ef placebo
14:47:58.242069] my kluges envois
14:47:58.536069] replan pouty regs spic laptop
14:47:59.268069] visage seizors exalted vasal
14:48:00.132069] clumsy shamus clan
14:48:00.986069] on nog yob twae mu fey li
14:48:01.151069] ha ins jo soaker keeve defats arson replays sarky
14:48:02.014069] is mojoes wax jucos keypals birrs
14:48:02.649069] tie od ombre yachter id redo ha kyte
14:48:04.002069] rekey valours hi alexia dotal holiday vowel sap tongmen evasive
14:48:05.001069] glean uplit flew ex porkier parks sous
14:48:05.165069] durrs an al ted
14:48:06.639069] en wan fess
14:48:07.621069] leud marabou welshes poorish aria zoning
14:48:09.041069] thy pundit grees
14:48:09.234069] en is et tam flew
14:48:09.477069] hasp ex goes stymy ratatat ram eyras fe
14:48:10.804069] aper vinal goo help bait nu ma ribbed ex swig
14:48:11.671069] kisser dopey jew luv wadded
14:48:12.843069] ut panzers amido noised biff dusk joists resited wastrie
14:48:13.689069] toying alloy wops waly twirp
14:48:14.177069] mi doges gaffed em pac be
14:48:14.475069] Statistics: 20 2 1 9 4
14:48:15.112069] geste os swerved smitten kendo mum on
14:48:15.476069] artsy juking surfy
14:48:16.895069] adz he uncap
