14:45:59.098093] stuns minimal citrous blypes yecch ah leet saw fields into
14:45:59.116093] eh so desires partial es mutts enow be
14:45:59.465093] reopens mingle away malls fano
14:45:59.497093] seises yagi snoop obia salt
14:46:00.492093] kind halon atrial
14:46:00.524093] cigs tot oyezes ut kef biaxal
14:46:01.148093] za reft pase chapter prickly god
14:46:02.203093] mu lyase twirp ye pyins
14:46:03.016093] snob ow nan snuggle lung glued
14:46:04.275093] dan om dawen
14:46:05.329093] ens coldish ox mi hi grad chare parr zek sari
14:46:06.785093] goosey thaw but
14:46:07.878093] wagon weenier ah aw acuate tog rejig
14:46:08.581093] lug porno pa dormant gilt peeves semina swamies alba
14:46:08.607093] dais falsie vim piggie
14:46:09.886093] labret unalike mo steward
14:46:10.802093] ski om copy foamily tushy wyes vice peeks
14:46:11.830093] acetin cunt foamy do wrathy assayer ox ode sermon walk
14:46:13.158093] casus freer mm bayed
14:46:14.127093] ti nabs slangy silds whicker frights qanats parr dialect
14:46:15.178093] rhodic stroma biasses
14:46:16.200093] futzes dunt hermai tip sepic scathe sob
14:46:16.885093] phot li fixes mushier
14:46:17.833093] at sored main web ba heaver scion yeah ka
14:46:18.892093] traced genet bint meld
14:46:20.116093] urines wipe meg fish rooky wench
14:46:20.345093] od yip glop lessees corrode lend honour silk seam gleg
14:46:20.819093] curf recoded flour legally foh my securer
14:46:21.173093] bi oy blazer hoe abelias uracil cees mobled nap
14:46:21.477093] shalom spirt ejecta voyeur ti gaffs
14:46:22.634093] lar fee pas kendo me ink goy sarge wafters zenanas
14:46:23.249093] yo marbly from
14:46:24.031093] kepped marse cellars fitch lapfuls snoods
14:46:25.086093] Statistics: 10 4 16 8 18
14:46:25.770093] best ox garb glia fes coz abys droll
14:46:26.174093] emery hirsute tsk straps
14:46:26.816093] li rooking semens dreamt cope os
14:46:27.467093] tuneful am vugh yanks of foods ullage
14:46:28.295093] ice rifles uh ay gates lame trad selles zooming
14:46:29.589093] gala sahib purple
14:46:30.063093] of emeu dak gown sajou roes noetic hides by
14:46:30.588093] meze pi xu
14:46:30.911093] cagey pyins reekier pial lee
14:46:31.031093] beg mill rushee pe gits connote utterly abused rebbe
14:46:31.756093] dusky thought icily boogie than muts
14:46:31.808093] furan ski risk jays vadose zapper lust few psalm if
14:46:32.989093] coontie sou fucks um
14:46:34.372093] leges ar we ruble ex
14:46:35.639093] nils out el
14:46:36.425093] eclats cur la restaff oasts darts
14:46:37.457093] joints giglots la millers warp brio oxy
14:46:38.465093] pa triller brin is stang
14:46:39.306093] taenia aa hm cloche mole la unnoisy oka aa length
14:46:39.592093] as el na platier roselle primly
14:46:40.037093] at qabalah sass aiming
14:46:40.426093] nils topo roars vet beignes seizing bolster hair vinasse
14:46:41.378093] salpid obes ed alder
14:46:42.877093] rei cider without oaf
14:46:43.906093] no loxing manrope rinning
14:46:44.387093] by mohur on yester croci blam uh sannop
14:46:45.364093] aviary bod uh avid sneerer babel sis noun loggy phlox
14:46:46.112093] fugged obtain nidates decrown seg ax
14:46:46.263093] ox dimples of antic dui bobbles
14:46:46.560093] midwife slurp overs
14:46:47.079093] sexy rove fozy peh edited oaf
14:46:47.609093] Statistics: 14 20 16 15 13
14:46:48.710093] sprints untack me pygmy
14:46:49.982093] stemma poh ideally hoed
14:46:51.425093] stolid doodad ne seizure opiated
14:46:51.938093] kabakas silva moon
14:46:52.313093] spoons vitta raisiny hm zydeco bugs
14:46:52.471093] agamas virus recks be scaly pyros coo
14:46:52.656093] foredid moggy serge en emmys deism
14:46:53.401093] cruise darks tranks toss dekares shell fry
14:46:54.900093] Statistics: 7 2 5 3 19
14:46:56.158093] woe wheels capris cosier no jugum un
14:46:56.215093] blames yaw cofound na pug rind isms ox
14:46:56.450093] sh ten drapers ravels bondmen gym pay sob
14:46:56.501093] turfed hedge hanks psi rubace precut unlock
14:46:57.212093] try erg poons gavotte kana ghat negate amids weeder broncos
14:46:57.813093] seels cluck dodos id en flamy eel kronur
14:46:58.845093] boosts bowshot abelia
14:46:59.635093] torrs ere ma kef glazy fig ho bulky up foh
14:46:59.721093] blah lapsed aa taigas kadi ansae ruder vugh cutters
14:47:00.366093] skells hoping cupeler fan skunky stey dowels dweeb mu
14:47:01.038093] gat age cereal coypu
14:47:02.516093] doolies bilboas yond sarapes span
14:47:03.676093] sixes tenrecs et craw
14:47:05.053093] fuguing jaguars glare scow rede bugout ai to octanes
14:47:05.718093] inviter fitful pase monie lo
14:47:06.121093] ba lintel rah holpen yawey ale boldly shown
14:47:06.986093] cob pix vised lo abed pye histed men lapdog
14:47:07.381093] risk waited wised affect ratten
14:47:08.780093] discern eaux bedbug ef charks
14:47:10.079093] potline tugs um stales rias maars whored palpate wisses jests
14:47:11.389093] by baggie massy terai
14:47:12.336093] xylyls qis takes friz paw vast
14:47:13.381093] tret sirras skimos dowry oke ilial nada twirler rete
14:47:13.984093] jumped soothed cissy fuel rips
14:47:14.559093] ern xi pubes
14:47:15.121093] snoozle soft ki introit
14:47:15.782093] wergelt pinna sei durbars dos abohm prebids dratted
14:47:16.966093] agapes streaky sith they cars chow tains outrate cembali
14:47:18.086093] lota gox elicit ma rouble liftoff
14:47:18.751093] volt dog lug ahs opt pul beefalo buses
14:47:20.032093] tussal babe sublot jato feeze agnized
14:47:21.439093] vas mi stob mu pucka ultras cotinga re at goalie
14:47:22.835093] rang en de col duolog
14:47:24.006093] solo curried unaus cavie arenite sloppy gneiss za butter sims
14:47:25.185093] won wets reshes brr
14:47:25.599093] hushes pig treats paraphs if
14:47:26.334093] mooned haems busk
14:47:27.299093] kliks up bulbar
14:47:28.405093] lows lolls misadd pub yarer begrim yag wad yay pin
14:47:28.644093] lingams aa astrict gratify young loo keel
14:47:30.040093] ne nearly kayo brrr
14:47:30.800093] Statistics: 8 13 10 8 20
14:47:30.939093] salpa to aptest
14:47:31.959093] ki miffs teenage frowzy don ut ptoses upwinds
14:47:32.336093] lochs bedel vinify fano op softest bad
14:47:32.728093] commons faces fez whelm correct huffish admire cow
14:47:33.245093] oho prowest speedy
14:47:33.334093] skill gee elds un mayor naoi tinily aga vee
14:47:34.757093] romper junkier it
14:47:35.507093] od calypso jades dynel deb ef bibb omer
14:47:35.651093] sorer dreich lo hauling beet art weasel fontina
14:47:36.727093] carns vids ox ye juco batmen bree oi mucosas
14:47:37.419093] jasmins fabular egalite apps prigs
14:47:37.460093] surger od mambo nomos ice ka lock scary
14:47:38.775093] oe oka frith an podgily
14:47:39.033093] sainted eddy summary candors
14:47:40.193093] xyst rig jobbing tyer sox ray exposes wiz toss waddied
14:47:41.486093] vara dada clock tarn ohms cozy grew batfowl dharna jet
14:47:42.405093] Statistics: 9 13 20 19 3
14:47:43.299093] crwth fez rubbly insnare apo totems
14:47:44.033093] pledgor goy piety tost chico eh maw beg of
14:47:44.776093] hemal eves earn reif bud spotted pep
14:47:45.816093] jubbah doms caned sagiest eng wildcat dark stars
14:47:46.250093] touts resew bends dank
14:47:47.151093] desk sapour hoppy boreen
14:47:47.656093] piaffes daffy ambo gudes lag daimons oy finfoot
14:47:48.576093] moused scad if
14:47:49.014093] branner pest ginzoes table flyting tritone ye convoys
14:47:49.698093] or jut mib pi cashaws
14:47:50.423093] refaces oke column mus mi cardiac vary daks sleeves suitor
14:47:51.712093] Statistics: 12 0 7 4 14
14:47:52.636093] sphered terrets oil om
14:47:52.869093] juju dit revels sough unhats
14:47:53.634093] quinins wagon go sexts tension garter iff
14:47:53.716093] beds rear anarchs skiff
14:47:54.621093] dame bids la gin dugs rums mukluks waived labour bio
14:47:55.258093] Statistics: 17 7 19 9 1
14:47:56.199093] limbs feezing antre
14:47:56.444093] pals trouty na flehmen dah by amie
14:47:57.423093] jee jounces memos jus meiny shewn deist keg
14:47:58.475093] scan telial cineole enframe abet he churns
14:47:59.716093] ta us ti
14:48:01.046093] junk air fluky
14:48:01.859093] yodh agonic kors do clime chi cuss clean ripplet
14:48:02.424093] rivet haw cotta al
14:48:03.615093] godship me oscula vogie wasps alp currish hunh old
14:48:04.830093] me feod fain calif gooral ow bis
14:48:06.018093] Statistics: 16 19 16 0 12
