14:45:59.070168] jewed eld do
14:46:00.384168] alcaics lobe or bid def
14:46:00.873168] big zouk mikvot fa wye as
14:46:02.177168] dagobas dharmas oblate ibex carnet cibols changs
14:46:02.800168] ki proline attaboy oi to ay dhow apnoeas smerks
14:46:03.098168] choroid prom qi beat op
14:46:03.184168] wo bey jet vicarly bi gnu tun ti
14:46:04.561168] gazers redated cimex rat worst tikka
14:46:05.940168] winish cels chukkas mate rawer cetes rampart pandore
14:46:07.297168] camisas eidolic oven soy
14:46:07.342168] Statistics: 19 3 4 5 20
14:46:08.100168] edacity slurry lyard vixens need
14:46:09.485168] katas igged revels larrup scup noh jujitsu subvene citole yirred
14:46:10.437168] fillets hated teethed
14:46:10.613168] en as lat gin ti jetbead galago butlery
14:46:10.676168] mop sly ef si ka trimer raxed teensy
14:46:10.772168] esquire coxing rings awe
14:46:12.176168] Statistics: 12 17 16 2 0
14:46:13.611168] butte spilled affirms bys frosted eds
14:46:14.053168] owl fax genro lofted
14:46:14.207168] oi ash snobby aweless kimchi tod
14:46:15.105168] fond pop cry fug fib larums spiroid nema
14:46:15.997168] gel bribee fink
14:46:16.270168] leadmen macks or op ox urinal on tarns aver
14:46:16.800168] bey acyloin feoffer bread waddie chime atomism yow
14:46:16.939168] unific coiled un
14:46:17.262168] bedews argil mo jars peanuts skelp as forum tootled
14:46:17.946168] dying nix weld bureau horste kier lipa
14:46:18.903168] swithe murid fykes put oyes ye
14:46:19.942168] swathe splice oi fro buttals mirs ad
14:46:21.067168] prober mopy it huskers
14:46:22.352168] nan reaper see
14:46:22.591168] nest lodged burl erasing sene tubules lottos ti raciest bees
14:46:23.607168] dreg bolted laves
14:46:24.547168] as sh mels nu mishit jazzbo noo kohl ohm indign
14:46:25.592168] wo zed birler auger nuncles go
14:46:26.437168] impeder teledu ploy bo mut rehem vivas
14:46:26.771168] labrum dun cider ka rake
14:46:27.485168] tews brink hangs megrims borking sori hockey uke mini bruxed
14:46:28.458168] named ass habu mig ose
14:46:28.988168] loathed terbium dit aye wo repute el bet sub ribbony
14:46:29.033168] bogusly leu ah lax gobioid lexemes cornuto
14:46:29.615168] coontie poxy torah uncover lauans
14:46:29.773168] titan scaurs chatter yay lins info rifs wop pinta
14:46:30.076168] hep spud condyle go fifing bee jow marrier
14:46:31.559168] murders qi insight ram malanga dybbuk radii oi or erg
14:46:32.232168] Statistics: 7 8 1 15 5
14:46:32.251168] Statistics: 7 12 16 10 2
14:46:32.612168] closed memo rheumic lev enamors girders higgled sorgo tipple fin
14:46:33.925168] om hunt ani rhebok pun yup fisheye
14:46:34.147168] duding anal smilax sherpa fa sherd them aloins milting we
14:46:34.568168] Statistics: 17 6 10 4 5
14:46:35.768168] fax parked ta umami satchel om
14:46:36.179168] hun pap ughs hm
14:46:36.237168] been feeder punter stylus spas fumy citrate sended tens twangle
14:46:36.946168] curvy ka blouse lumas prude ti bah ox liver duct
14:46:37.185168] panier nun vasa finny cor qat in
14:46:38.321168] acrid bob ae
14:46:39.543168] rousted crick de
14:46:41.040168] Statistics: 10 13 12 2 15
14:46:41.762168] ill panel husky retune wych
14:46:41.950168] centred bogy yo om tsks sum
14:46:43.195168] ag aa butty
14:46:43.937168] expired parsley vertu toxic rewards lauan aerie unplait electro
14:46:44.773168] rowan furors game od
14:46:44.973168] Statistics: 12 14 19 4 2
14:46:45.132168] zein uraemia misterm strette
14:46:45.543168] pfui amnio shyers lo scotia raptors xi waker do
14:46:45.973168] wot cowls shrines cutie willow an whang piu bromin
14:46:47.411168] stoat gossan forb achenes goth
14:46:48.610168] mi ducts nooks
14:46:50.052168] bay dish strop curds marrows spiky plunked
14:46:51.125168] vig basket shales rootles tafia vizslas
14:46:51.432168] tubules clacks cud husky sovkhoz ocellar planing soused mamzer acinar
14:46:52.616168] dhals es cognacs learn cold eh foe
14:46:53.935168] pupu beys gox
14:46:54.796168] so piston mojos adenoma exons curing pyx jo hibachi
14:46:55.140168] oda dam urial beastie paisano rowth ar cape
14:46:56.226168] shade cunners en
14:46:57.335168] merks taw sedilia valeted shimmed shaw ne si feoffor
14:46:57.416168] merch sans ole bi dim an pygmy colins
14:46:57.625168] kay derate micell abhors umlaut style fay martyr
14:46:57.825168] et anoa an
14:46:57.869168] throve gin wop benes barges xi kaphs kapa ughs
14:46:58.717168] lib nus xi chimps
14:47:00.191168] pin ya chassed bemata angst tad rung mask
14:47:01.196168] proso spree falsest djin mink ti tautens
14:47:01.876168] healers lug web oh
14:47:03.359168] serai oafs dud is is care lo ours
14:47:04.255168] ex reif or
14:47:04.617168] to change om gaskin pocosin nodi lair fumuli
14:47:06.028168] vac sank ox gor saw oy mall
14:47:06.077168] durra vig tinner apron alewife gable hazings
14:47:07.147168] roar hm befool jeer nu bendee brails sockman trills
14:47:08.638168] sh census at fib shrink ay
14:47:09.767168] cowpies shah ah makuta oy enteral
14:47:10.352168] ruffian poxes knur rape let avosets crying gaff
14:47:11.548168] aborter sen flyable ex toyos cog jinxes djinns maihem
14:47:12.130168] mods kay up capons asarums
14:47:13.467168] pacey kindly zanyish ta lox hazard zloty bo sewar swim
14:47:14.043168] scenic feeze catwalk impair made feck la haint sombre
14:47:14.398168] parodos nautch of ryked topmast idem
14:47:14.690168] cheth up flicked pumper
14:47:14.727168] ecu player chin done juiced zibets
14:47:16.027168] skied si arcs fay sau rices bulbul
14:47:17.271168] egos bemas yin clod gush poon na dirl
14:47:18.300168] pe misplan indicia dour ex rudest styrax eh nester musers
14:47:18.793168] mammon niacin dishelm haggle
14:47:20.044168] eponyms ab kids recheck
14:47:21.194168] fa evader gapers met meteor gip passade fasted
14:47:22.111168] nill yeuked mewed ef mol aileron
14:47:23.044168] zebu tor fa deity talky booze
14:47:23.631168] lo sora dispose tuna em we wheres wen
14:47:24.574168] lifter em hoolie
14:47:25.310168] bluefin ba hards id sirupy do epoxy ruly beignet
14:47:26.066168] Statistics: 3 10 11 13 8
14:47:26.141168] piking teggs lo fauna dames lattes leave rai seely
14:47:26.891168] nuzzler mics hangman sue toy
14:47:27.555168] upsweep ginning to he apron list surf
14:47:29.017168] devest snaw ovoid piasaba ruins venom behinds ode carotid
14:47:29.252168] faces bluely gully anisic hongs furnish concuss up
14:47:29.807168] hefting chopin sophs
14:47:30.622168] Statistics: 11 4 4 6 7
14:47:32.002168] enema amp zas bloomed dance pood marquis koss
14:47:32.212168] several ghi bugloss killick em evolves iambics
14:47:33.134168] bromid hawing chefdom pater mm er ambler
14:47:34.122168] la lit fyce invoked ho
14:47:34.385168] rinsed ah sizers coed
