14:45:59.051219] viers gests si mirs car otter oorie bod noter mace
14:45:59.356219] opined feater torses vaw gong
14:46:00.014219] Statistics: 12 3 2 2 15
14:46:01.314219] relabel maize dace or ka aver odeon
14:46:02.616219] patters we fogbow rising datival varies swiss sel
14:46:02.956219] plutei spike mixups el chunk tap bares phyla allots kaf
14:46:03.139219] tenail devoid speltz jesuits luteum shorl vialed
14:46:04.008219] ah shay problem visors kilobit
14:46:04.187219] tenon tuns chico cud ki
14:46:04.595219] dicot surfing mimer stouts mug aw
14:46:05.022219] ninon moa cyme stours li evzone kief
14:46:05.667219] buckets om toxin albs vied airship vamper birled knotted an
14:46:05.689219] oe hallels stoups
14:46:06.945219] dub amens degerm
14:46:08.068219] soffit beret umm hive glories
14:46:08.659219] or haft chimb paeans seepier adapts biz acari moue cads
14:46:10.107219] staked covey say go ad jee jets
14:46:11.052219] orpin burst uke
14:46:12.399219] entopic pod ag vibe faced gox tyro dinero lay deerfly
14:46:12.935219] doff tribal hmm accuse kas plug agist sate
14:46:14.386219] Statistics: 6 3 0 1 2
14:46:15.572219] thiols else worset vibists de coombe wanes jar acidly conduct
14:46:15.933219] powwow tenters fanega to strip kiwi it wipers
14:46:16.162219] unmeant owlet obe exarch dure si en axis
14:46:16.509219] orated yelk to clew dahlia viny
14:46:17.544219] naira carrier wharves barks be sashays subvene forced pro
14:46:18.535219] wingy smushed afrit it em
14:46:19.123219] antic dev om scape futz inept oe er we sternal
14:46:20.180219] gyri debt bacca bumfs argotic ins
14:46:20.858219] codify mool bijous tawie grieved cor
14:46:21.423219] alp in barfs musk
14:46:22.724219] nu rash aitch my imping ah
14:46:23.284219] shiatsu ti sawbuck ha motific re lusted vagi inn
14:46:24.105219] gird oh snuffy uh my
14:46:25.190219] casa unci fixated
14:46:26.516219] Statistics: 19 14 13 4 17
14:46:26.643219] bun li de guy cup sacrist julep
14:46:26.839219] rupiah widders mm jokey rehem is shammer bleep
14:46:27.994219] sots ply visors pows fa
14:46:28.117219] fud boons hippest deme an sultans joe
14:46:29.068219] foe damar gimped souse chow
14:46:29.824219] jobbing embar burdock ioniums crucks od mew legume caff
14:46:30.158219] hung mi oat
14:46:30.584219] birl sillies webwork priced feyly bulgurs fa os
14:46:32.076219] carl yields gruff rewove pe
14:46:33.457219] leading beth burl juvenal pert
14:46:34.252219] degerm grayed paruras
14:46:35.731219] cub tango liven tinea mares howk li owe greeted
14:46:36.440219] okay it wished armful or muse lieus
14:46:37.032219] ramona duo larges finny
14:46:37.384219] gauges zombie lo beggary erode
14:46:38.088219] re aals raia safer
14:46:38.663219] papal reshot dullest
14:46:38.801219] bifid oft pyrone maters mon everts zincs
14:46:39.939219] Statistics: 7 10 14 0 4
14:46:39.962219] cheek tackles pom pard rout sledge jib vid
14:46:40.008219] Statistics: 19 5 3 14 15
14:46:40.808219] slugs gaudy who ax moody
14:46:42.120219] check reroll oe tipless gamer steels hm
14:46:42.980219] hobs siziest ka
14:46:44.240219] respot ox ne wage
14:46:45.105219] Statistics: 20 17 13 12 10
14:46:46.038219] am binged drover pup
14:46:46.430219] popsy lo mothers kay dipnoan at ag moxie pus oi
14:46:46.971219] pa plushy sipper vinic timed ut archil kopeks pa
14:46:47.027219] footie mi trifle pea troops en
14:46:48.286219] spatula chaw bumped muns firmly sired
14:46:49.570219] can mastix swerved poppa mu mall mizzen dev pox pay
14:46:50.272219] dojo grampas serails mac igloo um date poorer yawn junk
14:46:51.226219] xu nu ohs jees nog amuser dogy comical forging dud
14:46:51.788219] road rotters tardo za agates outby si into sperm awe
14:46:52.037219] ravens guts yo
14:46:52.898219] laities ret pine gaur armer icons ulnae stimy
14:46:54.022219] pin ylem es ho ox drive qi
14:46:54.723219] log stem cud gala scandia sob witless
14:46:55.204219] plot phuts latino tam wrest iambs haar traumas rums kabuki
14:46:56.298219] shoo staved menta aw
14:46:56.406219] mammy fines baht
14:46:57.076219] it grates chid od
14:46:58.080219] mun polaron gul
14:46:58.985219] unbrace grayly hos
14:46:59.198219] berthas imphee syrupy limns sprag diamide gawsie
14:46:59.834219] reface between handsel chit el makuta
14:47:00.902219] dourahs re spitted voe sciatic lar
14:47:02.117219] dare fox zee lane naif ays we axons jest
14:47:03.569219] no var heparin dap crikey magi nee
14:47:04.818219] doing part rubs engage is epos bold pricks
14:47:04.927219] thymol we pe sop propels oi fe
14:47:05.971219] rinded it elegits unjam koa dump niece
14:47:07.175219] uh reverie roots up qi duffs awn
14:47:08.489219] Statistics: 8 1 1 11 10
14:47:08.966219] insnare evolve yirths
14:47:10.015219] cape foisons rif fey tuchuns her ices beezer at sylphy
14:47:10.440219] ape na my ochreae crispy ralline
14:47:11.672219] if anyon blae bearish aiver sell chicest flub ae placate
14:47:11.852219] drupes say teabowl moa
14:47:12.466219] tab coyest eyer wombat
14:47:12.819219] wrests op vitiate vox gantry dis what vau ex august
14:47:14.158219] filter filibeg an
14:47:15.143219] nib agnails ami defoam nice favours proette xu
14:47:16.206219] yuk hames duffles auldest teensy
14:47:16.807219] eft karat of
14:47:16.849219] Statistics: 3 17 3 12 4
14:47:16.872219] iodized an haling weal tweaky kelim cicero saved hug harp
14:47:16.893219] tarp brainy lye rarity sural stone
14:47:17.244219] be lets latched sped amoroso web rig at
14:47:18.283219] aw do kor flat auks caroach odyl firer midlegs
14:47:19.342219] tsooris tatami waifish
14:47:20.168219] horste fe bulls extol amusia drouthy nib
14:47:21.578219] rackle gramma rags hi spacer timbrel cipolin duits quiche tinwork
14:47:22.878219] pam lesion freeway un bask um
14:47:23.990219] lunet trenail did aughts claypan od by zander ow cue
14:47:24.006219] fad en sip
14:47:24.911219] veenas aisled hops legal straths
14:47:25.479219] roan eagerly meninx
14:47:25.573219] vulgus cilia resawn kea cynic zaffer ow mash seizer chin
14:47:26.640219] lie smerks alfas aculei saltpan retaste zloty dryest flashed
14:47:26.837219] ailed het captans oi carves sos grocers li
14:47:27.131219] lipase wigan famine rec gourd me shaped la farce
14:47:27.926219] eureka bocce ane tax ox eh
14:47:29.100219] na sabs thriver his el jinx rehear
14:47:29.613219] crispy mew rotters ut cep spare we kay
14:47:29.666219] fet sedates bah
14:47:29.808219] cobra guiders dusky
14:47:31.278219] phots ef ais nights dah midair bi femur
14:47:32.171219] helmets bred piece ta fesses aroma
14:47:32.881219] birrs pe hug
14:47:32.991219] kine pi knead lynch amid oilmen oh sunbeam ki privity
14:47:33.768219] em in eclipse impose customs rod coni litters awe carted
14:47:34.944219] bo alba diuron lintel pe dancing gobbed
14:47:36.044219] lump two cue buhls
14:47:37.316219] stoae bod bal typo
14:47:38.493219] tazze ups barmier ad milkman poke
14:47:39.851219] types lex volcano pals oe loom so
14:47:40.152219] jig clonked agers huic asylum warble gink aim li amoroso
14:47:41.069219] up coniums de
14:47:41.672219] do deified mocking
14:47:42.012219] hamals wands pig devons de eng plews aw sialids slat
14:47:43.066219] fornix ciphony hm
14:47:44.013219] tureen sour cyanide genres yuca et un wae ich rajah
14:47:44.710219] coedit chokier cox oy haoles
14:47:46.161219] readies garotes briar ohs hents bel
14:47:46.632219] wines walker novels
14:47:46.780219] isopod gun seg inpour bebop
14:47:47.730219] caddice gowaned ax smell seta widen go jitter sybo dactyl
14:47:48.169219] fizzy burdock on present ices limas proxy so unrest
14:47:48.815219] musca inset puggy wiled kheda om murids ki aerial modi
14:47:48.847219] orcein fob ah dowing dye ah onus aa
14:47:49.862219] za subers hub ow winesop
14:47:51.338219] spanked of flambee tensed
14:47:52.632219] almemar limpsey op do bur
