14:45:59.056205] pierce lector kinged sol
14:45:59.236205] am dud ferity
14:46:00.051205] be ozalid lek na rushed
14:46:01.506205] in mem not acids super pitch herl pi on sniffer
14:46:02.204205] pe pesky regents weed buffer eying nus sad
14:46:02.583205] uh pyrites nag dildoe bingos
14:46:04.044205] wile fiance rued dewed elegy
14:46:04.686205] pulses moil oka arenes prey aw arf et rumors
14:46:05.062205] bis zebra shoats spoor
14:46:05.557205] wo pad sings ye de dredged ki
14:46:06.356205] roved centum wos om gowany
14:46:06.946205] moot ma ha zas baler ow id snarfs sties
14:46:07.659205] lino boas moulds peen roe mirk pinite brag pet
14:46:08.167205] nitro pryer cerci hemagog opt de en
14:46:09.124205] tel ray efs spat dos hocused psi
14:46:09.553205] licente ruly if reg buy alembic bo fit slit
14:46:11.002205] okays ursids any superb juryman relent jupe lichted did
14:46:11.296205] Statistics: 8 7 14 4 1
14:46:12.069205] fanga ho smirk back icebox if readily
14:46:12.791205] if plurals tog limas fob
14:46:13.122205] ska ba rec
14:46:13.553205] zzz pingo hi er heron cards
14:46:14.656205] hi oldy grue sirra
14:46:15.193205] tressel saccule inhere eluates of
14:46:16.454205] pig nooky luv
14:46:17.058205] tael nus el pluck fuckups
14:46:18.442205] holden pin numb huipil tups na lall om bitsier firings
14:46:18.878205] sahuaro ti pug hence juiced pi gab dowers ab seer
14:46:19.219205] irks or me phi nonet mat
14:46:20.696205] graphs hm pilings lowe riding
14:46:20.850205] endrin triter dismast excuser rigor slues recall
14:46:21.202205] ohs decuple sooth as breach yen miasmal of
14:46:22.168205] os sh jo on taint hath os ti hoised variole
14:46:22.679205] hydro heck upswing we yodels wide chime sobbing marcs
14:46:23.282205] ethic pomp stoas fes dew pisco
14:46:24.555205] annatto spike ed ow zamias dekare oms rob outlast
14:46:25.193205] soon caked bolt dud fubsy nubile wogs outwent owe
14:46:26.653205] Statistics: 18 2 0 16 8
14:46:28.050205] gobony at dozy sanious corymb lob debar foehns
14:46:29.000205] vac untidy abaya
14:46:29.726205] misos cee penal xu
14:46:30.329205] whir er shodden si zoa awls ogre
14:46:30.901205] rights dab amoral lank ta aa za koodoo
14:46:31.965205] hued drip de loin
14:46:32.830205] aminity kirk aortic ae arcadia metol
14:46:34.168205] uncock urd swapper sleep jenny moola ladanum rep si mir
14:46:34.639205] vasa yup oi reworks piton argil
14:46:34.850205] if spiffs sign purl nerol burdie vet ed holibut
14:46:35.152205] speed sergers ay moos aim
14:46:36.507205] mawn leben at
14:46:37.295205] pocks mo kat italic enemas tyer chefed wafts bug
14:46:38.042205] ileac ai door ai trims
14:46:38.457205] ho animacy bat my silva ad op cunts
14:46:39.055205] herald bromin inward dak
14:46:39.896205] taw urns my strobe tofts diazin purlin waxbill icy
14:46:40.968205] team twerp shams archean
14:46:42.422205] us entrust vugg ta cast
14:46:42.655205] aw oi ixia
14:46:43.570205] kolas ex dumpy flenser de ai
14:46:44.120205] frits boy ladrone born
14:46:44.799205] cider bards leptons fun bree sunna
14:46:45.793205] aa shun lop forkful chile pone
14:46:45.831205] chid carles slat
14:46:46.272205] locust tallest tilak to us bob tease echo runs
14:46:47.373205] es doff bosks sari few
14:46:48.492205] Statistics: 19 17 7 10 19
14:46:49.376205] wot scotias dak jibes
14:46:49.536205] workup pe entire peched
14:46:49.652205] mo os japed si ab
14:46:50.428205] umbos loads mi bay ax wars oat ha sues talcose
14:46:51.427205] ids blubs za ashy ruler mas vary segni towy
14:46:52.716205] sly hottish sha dice derider camp comix clayed nos alights
14:46:53.234205] visards claws medusas bazar houser ef feeble
14:46:53.994205] birchen topo ad
14:46:54.257205] mold serve churl geoduck
14:46:55.411205] obit lilo bohemia
14:46:56.558205] on toe ed ascus criminy
14:46:57.815205] scull redo ay alp mo
14:46:58.098205] alif kestrel casket aline
14:46:58.496205] frig pricy sitting yo nerd urus italics do beta
14:46:59.207205] floc bo remaker whatsis deride unsung whapped pi dug
14:47:00.210205] choke rescore agaze slimes ma vendor stivers
14:47:00.614205] riots fabular runts bijous sac
14:47:01.738205] sunny whup ween ahed
14:47:03.017205] tariff gemmy relaxin compute titfer
14:47:03.120205] keening yecch fancify gnawn do er enskied stingos infer
14:47:03.837205] nods moa lapis yod chon womb chary
14:47:04.982205] ills overfit neb spoil tasked ailment axel sulus loughs
14:47:05.355205] pottles via ex heir
14:47:06.422205] maskeg lex fibroid
14:47:06.498205] vat pow kiss mondos yo dugs revel sene revisal
14:47:06.876205] adduced bizone humpy rya tannery leafier na cyclops ethmoid
14:47:08.235205] sequel es kid
14:47:09.323205] althorn scrod byrl pally
14:47:09.802205] up sex whalers ah om doth trainer pawnor yar dagos
14:47:10.446205] escot heroins bes nay bookman rhos wok vinyls
14:47:11.923205] gismos aiver planet
14:47:12.311205] blub fuehrer si bedew pealing roubles epode ma bibbing
14:47:13.544205] exile fou chief dafter verismo tels kane caw niduses akin
14:47:14.447205] uric lames pontil jive slop huic candy nu regna deny
14:47:15.347205] glams feoffer draw fester bo
14:47:15.549205] oi fondued ion heths gonium yup tin
14:47:16.357205] snit za logion
14:47:17.814205] aw lo bidi nix vet koa
14:47:18.219205] hat dit poi millets
14:47:19.122205] seat decares endue edges
14:47:19.180205] enwinds ne staring om urn rile
14:47:20.589205] es chimb slab jinker
14:47:20.741205] jut knack loaning reglow lay
14:47:20.889205] rooky tan wirra aye aa oh oi kulak
14:47:22.296205] Statistics: 20 11 14 10 16
14:47:23.745205] pigged rub ag ne deme
14:47:24.850205] omers keeper up elemis gemmae od venomer
14:47:25.322205] maills dekares innages koel ran ut xi ae el
14:47:25.828205] bagnios colog schuits till leased do wiz ki mecca
14:47:26.026205] enow holey blams impale bancos lye tendus he sends
14:47:26.703205] stylers joint uh tsk datum mug bright
14:47:27.703205] zanza crazy baneful at whorl
14:47:28.518205] proas if mis sod exhume yo dey island
14:47:29.129205] siamang elds stovers do nuns
14:47:29.984205] it respace runouts wivers beefily
14:47:31.314205] on foots cardia retsina my hah tied wreath clavier
14:47:32.260205] greens ma relates
14:47:33.605205] brews limn yawp
14:47:34.990205] rammy egg piu butle oy
14:47:36.446205] wedgier ski qadi uh us up episome reuse shakers
14:47:37.010205] tousle hissed mo knacked mim preens larder decoy
14:47:37.030205] Statistics: 14 14 20 1 1
14:47:38.320205] duvets na ef tannic fa
14:47:38.709205] axile pe damns iodin elated sauce tonemes op yore exalts
14:47:39.533205] kae mu obia
14:47:40.861205] wintled meg kyats spaz wink palm pasty pray
14:47:42.017205] rosins cut adonis be
14:47:42.151205] oy cis hate
14:47:42.694205] wadable butts wore rebooks er jig mem ed obol swell
14:47:42.904205] gleet violist ar dirt nickel
14:47:44.312205] rupture query prevent slues
14:47:44.907205] no jug lip trader perkish lo hollow ohm
14:47:45.205205] luridly wheats mm desk
14:47:46.216205] drop tissues basinet noun kerfs
14:47:47.260205] neum cub pet zip actinia riotous pop opuses mix ten
14:47:47.749205] ens lowlily unbinds huh pleb natures flinch efs bis lee
14:47:48.416205] cumshaw ti ace
14:47:49.835205] milnebs seg as up papas zoos
14:47:50.093205] mares he bice worts
14:47:50.758205] cubs urd cercal hashing am id wristy efs outpush caleche
14:47:51.258205] keg teethes slur kabs pizazz za whisted sip ax hold
14:47:52.607205] nuns hm nah remits wo try vats yon
14:47:53.754205] Statistics: 6 8 0 1 11
14:47:54.685205] ah ho brag yap hats curler ba pa myth
14:47:55.979205] toots defoams tikka
14:47:56.949205] pack jo snibbed
14:47:58.315205] ha due swatch cruse whort za
14:47:59.430205] tellys salsify sponsal pertly pelite eryngos zep pier
14:48:00.017205] sorned collard minted cog ruses mushed
14:48:01.406205] tupik ar upgirt att bonfire
14:48:02.884205] end kempt ebbs bi mho pulpits odic cows
14:48:03.466205] exists kea conus better agmas mus oe verdins
14:48:04.294205] shrift rune with housed zin on
14:48:04.354205] used ka sextain
14:48:05.691205] Statistics: 12 14 2 11 19
14:48:06.339205] burb tweeny relique toad ephedra blackly judger
14:48:06.644205] stasima binit nonbook dial hod eat
14:48:07.563205] tugs air rum galops phial rid lope udon
14:48:08.576205] li thio gyri cru bedu quotha dib ae
14:48:08.812205] mad tsked ern sac swine mm walkup
14:48:10.276205] sunburn greased gips crazing skats reaving taj sty lichi
14:48:10.662205] ado coky tabu
14:48:10.879205] kbars murder hae floccus twiers
14:48:12.367205] bathos grim lea
14:48:13.448205] li text igg bug wingtip whup
14:48:14.022205] la cresyls whits
14:48:14.830205] tabla lo vatus zooglea cuds
14:48:15.892205] nosebag pe etalon holding whir mon surgeon berk
14:48:16.612205] burr vig sickled eke hautboy mo lino impi ya dare
14:48:17.353205] whopper en poi imposes or pages boniest he
14:48:18.312205] disks go numbed
14:48:18.445205] am aw uncos
14:48:19.573205] mukluk sou sop
14:48:20.940205] glazier unless veining flowed cue dare bases grid
14:48:21.869205] Statistics: 14 1 5 8 5
14:48:22.871205] aunt musk rumps punches femur output reave abulia oud
14:48:23.532205] viking swans etch donjon pent myna
14:48:23.792205] pelves mun brayer he teal theatre dorrs peke refiled
14:48:25.193205] eff pilea no simars
14:48:25.939205] shoaled rho hen ovary ton lory mop un aortic bi
14:48:27.211205] bun joe bijou op sevruga bo adz naw
14:48:28.351205] solei wince tala drudges za belga phonal cur rebuses ugh
14:48:29.358205] de pettles purpure uns skin hm bled
14:48:29.731205] dorty caeca strep jars guy sap axes es legend led
14:48:30.018205] sculks ha cutesy ply demeton viler sly lase alms
14:48:30.978205] get fur chinks comrade lo windups er
14:48:31.475205] sin aglee telial agria suction servos si anosmia soy em
14:48:32.194205] bee viga konk cedes mod sulcus cist voile
