14:45:59.088120] area lull tapas web
14:45:59.320120] pus tarn stocks cis mokes diplex leal veal fief
14:45:59.624120] dits dockers tow to ag crow ax
14:46:00.711120] cullies buxom rolfers uta tinfoil pax
14:46:01.474120] wee brava so morph owed cap armband
14:46:01.812120] kashas hooches wiser ammono learnt jism
14:46:02.445120] dilute ex zax
14:46:02.830120] gut na winsome mob mi taros hon nymph gee purse
14:46:03.757120] ye hobber eyas riots id reif neg pouter hm
14:46:05.069120] hen chasmed kappas sabs pie
14:46:06.145120] Statistics: 16 15 4 12 13
14:46:07.545120] bunks timarau hissy downed plot tis hoyden lycee slimy
14:46:08.002120] os sulfur poser amps lyse bize loomed
14:46:09.234120] unau pac kris base aas tomato hoister fem vicious
14:46:10.516120] foamy wield ops rosiest ed scutes plonk feases flans pugging
14:46:11.191120] cagiest oily rho slurp jo drolled ness buys scutum
14:46:12.170120] aye pinene ebbs sware wiftier parable pal axites ti
14:46:13.150120] brings pommie ta pied sox mac
14:46:14.534120] aural oyes tercels cools mowed boy of mm
14:46:14.997120] he solon nullify ova brr ow sadden brut skilled
14:46:15.679120] aa fiord bye if eat pinyin wo epigene acts tachism
14:46:15.901120] miff runtish jehus duel hugger gul word missets gorgons of
14:46:17.195120] hi tasset shoe reeject it rakes
14:46:17.436120] it mulct sub me
14:46:17.502120] Statistics: 1 11 20 14 11
14:46:18.741120] on migg hi
14:46:19.385120] aid girdles rasp jubile car abuse eh
14:46:20.460120] me airted gelt harems search insoul zombi ki var
14:46:21.707120] derails ed stymie updo
14:46:23.006120] blench mocs bani hit poachy caput reinked overdue pa
14:46:23.342120] jest letches triclad ferule gammy
14:46:24.051120] egal alarms bi alto exuding jo eustacy
14:46:25.316120] passkey straw haloing al hobo urbia xi max
14:46:25.388120] lefts snarky pas tasted taj
14:46:26.337120] leerier mewed redeye ampuls
14:46:27.701120] hosting ki no cantle
14:46:28.531120] rurban scours dozy harmins op froth grided skulk nee laicise
14:46:28.694120] ed monkey penster limbed agape hulks checked voila duck li
14:46:29.489120] coerce bonitos denim fainted grammas my togaed
14:46:29.740120] glums beanbag droller times mu acorn fogy stir silken
14:46:31.182120] rowdily emes monied ag no
14:46:31.717120] crits irokos tans yardmen quinina id lid
14:46:32.692120] Statistics: 6 10 10 1 3
14:46:33.481120] shrieks ye ass crack
14:46:34.363120] runnier played yelp rind nor bister sh unpin deme
14:46:34.815120] stumble ed refires bids
14:46:35.947120] ax fur repoll key boat visard metate
14:46:37.014120] nuclein step jig
14:46:37.488120] maar kineses dolci if fane re paludal lo shyer
14:46:38.847120] dry za gal animi aswarm
14:46:39.275120] Statistics: 20 13 5 2 4
14:46:40.726120] pair dadas salol add unyoke hooeys menhir jeon par razors
14:46:41.807120] tupelos slushed crave cork toons secrecy
14:46:42.383120] retaxes de urn volta inshore frena bo plumber yo
14:46:42.523120] hew work consul saran gaud
14:46:42.996120] commata tut expire pacing so na
14:46:44.366120] wiver examens arf
14:46:45.305120] nim nay tater bit horsy
14:46:45.858120] adagio er mastics or spasm lo guy mono do pipal
14:46:45.938120] sicked al tusk coxa cajole gulag speans zebec
14:46:46.426120] alee lux paesani tackled oh axially quantic ef an
14:46:47.427120] cad vowing gyri oxides cavort oy box staters pally oldy
14:46:47.555120] ba impi folky pry
14:46:48.438120] matt op ruck lingua richens ain kob toluene rebreed stupa
14:46:48.588120] nay pac stalls sawyers gyres pa work gaby maxes
14:46:50.024120] bento zoeae pear hyena ait ermined service coxed
14:46:50.893120] at aired en stir crunch lex soul
14:46:52.200120] redid na ya by kadis al er leather piqued cred
14:46:52.863120] blowsed alkane yo whins hue
14:46:54.254120] ransack grubber shiplap alp snick fondly
14:46:55.139120] cob cats as
14:46:56.077120] de sayyids taj curler
14:46:57.098120] duma thalers danker degree epees punches spang
14:46:58.176120] coarse skiing meds pots hollers do writer wussies chopin queued
14:46:59.564120] id aid sonants myopies icy hah tombs avens hasped
14:46:59.796120] ki ergodic coxing li eta so
14:47:01.148120] almonry glen jetsoms feh dropped engs canting sicko
14:47:02.180120] khats puler twee orfrays ton
14:47:02.857120] chokes magi after physis premolt quails hank oft
14:47:04.342120] us zoners choush jetbead cave mi banjo
14:47:04.441120] jocks pin kep ti ox
14:47:05.658120] eh upholds addle sot
14:47:06.046120] ad gee rugate kab
14:47:07.282120] tule bentos ay talcums unrigs
14:47:07.319120] drank ends ose ostomy ono layers
14:47:08.470120] kerries mutable hoser anginal
14:47:09.172120] bleary lanely hoaxes amnion
14:47:09.655120] my wirable ebb chape be cur lyssas grampas gory la
14:47:10.287120] cell showing aw
14:47:10.924120] od bagnio ebonite nutty dirties
14:47:11.699120] trike treat gallop oedemas hwan day upbound tom hag hazzans
14:47:12.561120] who bemires hasping
14:47:13.591120] flensed hagdon od throw rotl
14:47:14.220120] arracks of gel ar pilar alnico oily denned georgic shend
14:47:15.011120] put bidets jehu vial gamma jars verst blabs patens
14:47:15.985120] dung borsht um goa ed ebb nicely reaffix xu
14:47:17.081120] talcing negates fey
14:47:18.286120] cental an honky diff et gloze canthi dodoes races
14:47:19.709120] pend rei thirl vasty oxfords toy becking
14:47:20.668120] tinct gan blonde rub bi furnish fool haw ilk
14:47:21.925120] pi rolls fanum tussor oi knawels
14:47:22.660120] iring morula turfed piling ramped sass dow trigged bed whirls
14:47:23.417120] copens far laky pieties del thio hut bored bear
14:47:24.595120] farced glorias no
14:47:24.833120] due cootie unbar
14:47:26.207120] or frizes upswept ism treader lawful soup buy
14:47:27.252120] sh glim ump featest frock peh halalah enounce nap
14:47:28.288120] teed statins moll mo apo ed ducky agatoid payor
14:47:28.814120] Statistics: 9 3 13 2 9
14:47:30.171120] pe gang meiosis upward stades oping pus spans
14:47:30.949120] outwalk go tui expo bo lax sags polies alyssum
14:47:31.538120] ai me od at ag chose sike lips
14:47:32.264120] jib week gaiety egos ha ass
14:47:33.059120] toil hops lot gley alb caseins
14:47:33.396120] morels hents morn
14:47:33.601120] gay ohs terrae
14:47:34.220120] leas cloques deisms vibists blobs
14:47:35.680120] dueller ed nu fool readied haggish woks
14:47:36.950120] es chyle bharal camps sours tongas
14:47:38.153120] as uncross arvo neb cob et thens cooeys peases calo
14:47:38.773120] runover ay eds luce twas tug coverts ya gabbro pummelo
14:47:40.235120] sox duper piney body toothed erupt
14:47:40.263120] ales ag frocks sledge kited nappie
