14:45:50.147005] dey tort kith poorly liar pulpy vat dig
14:45:50.241005] soup cedi vox in
14:45:51.625005] Statistics: 3 7 20 16 12
14:45:52.583005] ho homey be doer sueded lalland ikon lardier
14:45:54.058005] deucing inchers hosta lop hew coterie old
14:45:54.535005] acid loses pip faiths labia spinula weel plank
14:45:55.015005] et de aw
14:45:55.311005] teopan enskyed mi es zzz tundras gonium
14:45:56.313005] gasses images holier flouncy gie
14:45:57.138005] offish contemn illy kab kept octavos denuded mozo clowns acidity
14:45:58.449005] Statistics: 5 15 17 14 1
14:45:58.703005] math pinon mae errs aw toiles tidies puli no
14:45:58.981005] akimbo giglots situs baryte
14:45:59.840005] deform airbags wad oms teat hup lunate deltas
14:46:01.244005] elodea pus chafers leasing fests blab
14:46:02.367005] vaned tuladis yo amazed footman copulas uproars
14:46:02.482005] Statistics: 2 8 16 20 6
14:46:02.608005] mool praos call rai eche jail degums
14:46:03.497005] mm wiz in drag
14:46:04.661005] bulbel turf bold jiggly her subas avos slaloms
14:46:05.140005] box bo wishful ahem inched
14:46:05.733005] li lo prilled
14:46:05.926005] la yodel cow eh
14:46:06.101005] catalpa rues copihue virls ah
14:46:06.792005] logo mangey six salpa
14:46:07.205005] rod elain al or zoa ems hazy hm
14:46:07.352005] doxies chooser baulk promos botany shmaltz es
14:46:07.574005] coffle kue mud vexilla jouks yod hao ilex raia
14:46:08.258005] tom is reuses aland eft impel we
14:46:09.196005] croon ki drolls yeans shunned
14:46:09.315005] mice felons limpa leadens nimbly
14:46:10.378005] ten bulge lemures kays gin tabu tepid
14:46:11.817005] duked saker boxful oh publics
14:46:12.271005] us ursid bemixed wenched rasbora such
14:46:12.604005] madre jumps ti
14:46:13.014005] prize swarfs livered ono
14:46:13.267005] druid xi ho treddle um
14:46:14.556005] kins jazzy fa coy lemans fe bridged shod tref ba
14:46:15.363005] jerks oxen we upriver askings
14:46:16.304005] cabildo rudd coffer momzers neuston
14:46:17.609005] flied eke colza vive phat
14:46:18.671005] roasts ay boors
14:46:18.868005] desks elain pep yow dobras
14:46:20.116005] Statistics: 11 2 3 2 14
14:46:20.750005] Statistics: 9 10 20 3 10
14:46:22.000005] mending reedits brunets techy ait
14:46:23.489005] boombox ravings ae
14:46:24.701005] stat kick blatter arouser ut torrid pashed intakes
14:46:25.161005] naif ma filbert pe czars thirls
14:46:26.358005] Statistics: 8 20 8 20 6
14:46:26.981005] vie shelled havened blousy saga oy tux stigma
14:46:28.418005] musks whigs pokable dud folio army
14:46:29.542005] latex go fagin gabbro yowie
14:46:30.983005] cire sod ranted fogie giro scarily
14:46:31.815005] orbs firkin uta pe fib
14:46:32.393005] ti vows ba triers bin ask
14:46:33.727005] mora gar oe ose kalifs kendo riddled pilea
14:46:35.014005] maws undocks orbiest nitery byssi scuff mu fanos
14:46:35.049005] murr noes domaine reft roguing dib
14:46:35.891005] existed do doby
14:46:36.775005] re barbule it
14:46:37.153005] Statistics: 1 19 6 17 13
14:46:38.172005] yuans then shame midday
14:46:39.433005] zorille fax sievert burro giggle yock wert consult
14:46:40.061005] terefah rievers aye deigns pilis pool raffs vow moneys
14:46:41.378005] cars gamers bura
14:46:42.385005] is fe cabob be dignity et weedier ag
14:46:42.753005] outrow oh certain valleys oar hm proof
14:46:43.655005] voicing cabob humate
14:46:44.014005] console rim geum
14:46:44.190005] rampant kecked agrafes resown
14:46:45.256005] gym unmake poof
14:46:46.437005] chow curtain os fail hon kombus fined dime oy buyer
14:46:46.852005] gnu mi aerily haulm vet
14:46:46.994005] trog anchor to potzer odor awl opined pucker
14:46:47.667005] fishway blinder driller un aga perks dinted mu lop bi
14:46:48.506005] qintar slater putons rayon
14:46:49.318005] sers boo money drowses scurvy sh filibeg ma jo caged
14:46:49.374005] oh lei rating raxed wears dedal tahini mott
14:46:50.265005] ai id echos rah maybe sarge ex spiny albas felloe
14:46:51.113005] soviets box nude wogs hah no cram at bilious
14:46:52.110005] panic nosier pi luce al
14:46:52.329005] fallal klongs machete am
14:46:53.696005] dazed quins ampulla cuddly
14:46:54.813005] dawed paps aa borer fusions mi plugs naw
14:46:55.732005] rec gore ne gads filth woo mo candor
14:46:55.904005] climber denes gamas oddish sap lyddite juleps ramet temp ax
14:46:56.491005] ex depth elm aw met pa uh yays dented
14:46:56.730005] jutes baaed skited ambo amorino cowages thirsty liard
14:46:58.214005] wanton wad sawer od fino fro
14:46:59.264005] pacific richer operand sex
14:47:00.405005] ma burb hen
14:47:00.551005] cede alined sukkoth ax
14:47:00.967005] bene be lardy
14:47:02.120005] orgic quinins heiled fonds wye by beader
14:47:02.549005] tamping hive madwort nitro
14:47:04.016005] mow etamin ef pavin yep albeit foil attune
14:47:04.718005] on at gregos
14:47:05.472005] fobs floes ylems beach
14:47:05.953005] rale bravest butane eme fragile aff diamine cadre
14:47:06.553005] vouchee ear mi hover aludels clumpy
14:47:06.762005] tic gnatty reverse gestes an oodlins chico
14:47:07.093005] calks firemen pact jo gauche rotis aniline fife lawing sounded
14:47:08.220005] bait saul to
14:47:08.375005] rune as sanely cassino napes leva is
14:47:08.549005] kob shrieks pekepoo oohs ousts
14:47:08.729005] hyenoid front alps tivy hyperon cricket gan voting bebop wicket
14:47:09.231005] key bo endways nonself carry maker kep safe id
14:47:10.019005] lo sun color med
14:47:11.394005] jean rug palping id pekins ae
14:47:12.632005] yum boskage it rare crash he agha
14:47:13.891005] amok tiaras om milky laud
14:47:14.397005] ram finance lo bigeye it ropily go mod
14:47:15.378005] sagier amosite compote revet cocomat rightly cry
14:47:16.419005] my on rinds
14:47:17.074005] splenia shh ho
14:47:17.672005] landler la ay peery be tew stored ages shade
14:47:18.597005] gae ab is skeane
14:47:19.167005] si floras lullaby lar tailors fesse act bet sols
14:47:19.777005] outswam so deflect mange dites
14:47:20.390005] dinning oxy mine seethed spudder josephs gimp juvenal aloha
14:47:21.307005] ails ya pe hymnal emes yarn er dowel
14:47:22.722005] be blumed sain we voces ryes chivvy ate reeker
14:47:24.020005] coach sains pureed plashes en button gum pree wos reflex
14:47:24.038005] chairs kip vino mim premade ylem
14:47:24.489005] eights lesbo katas no ex loculed dog peed
14:47:25.856005] by weir ferns acicula czars relict oe
14:47:26.630005] tui feh we hefty koto bunkers nay elds
14:47:28.037005] joes id queen
14:47:29.439005] vilayet jinks gerents kernels tavs darned paints as ogle
14:47:30.631005] ox heights si ay vig bra alae ho ifs ex
14:47:31.641005] swiped pibal lanai reaver cee dogie
14:47:31.872005] zeks oda dasher borshts ziti gits as fa
14:47:32.365005] sides wo leafier ag
14:47:32.690005] Statistics: 19 12 5 13 17
14:47:32.730005] tupik razor blaw nog mu haj pipy
14:47:33.360005] kays hoody stenos gable ad
14:47:33.520005] fug jill ef ti snakily
14:47:33.886005] fid of mossers
14:47:34.625005] efs xis ugh by rimy charm grind qi farl obis
14:47:35.113005] neroli awa speltz instar cyst noplace
14:47:35.633005] psalms zebec rout loping ophite bore ba grows
14:47:36.320005] exam afters kreep cope mod
14:47:36.394005] fou opt up sec nun
14:47:37.747005] tired zonk carom upo pecky
14:47:38.164005] panic hao brads vina cretics
14:47:39.167005] window larchen yak camo feline vibe idiom jalap eyewear
14:47:39.462005] damn loaner borty lavs power ed ambage rhatany ba is
14:47:40.312005] abroad sub barege cuss rang
14:47:40.408005] ad nerd ar
14:47:41.148005] buoying vat chimp copepod rug hay pa
14:47:41.889005] lax ka elf rest ab drone up
14:47:42.210005] cow crier yod fence ma jimp erne tux
14:47:42.938005] valleys villain qi hi hatsful oi
14:47:43.940005] xylems ton pees bulkier voila ab bute recuse giber rice
14:47:45.405005] lo mm lipa
14:47:45.543005] penny ohia lanners grummet ho shifts slung awry nilling pistil
14:47:46.813005] no hullo aw arms frized barges
14:47:47.992005] choker bi zigging warp remiges wheeple swampy
14:47:48.425005] oi awa end ludic awn rivet aha
14:47:49.207005] fix gar kune kneepan
14:47:49.724005] master eobiont wrier ki jaywalk killies om goosy ax
14:47:51.080005] our toms mahzors vamps gonefs refuges argus spivs
14:47:51.646005] grab el cis ag rill fen bupkus ed tyin unyoung
14:47:52.919005] dels as gyred at skeg
14:47:53.424005] gal tapises burl sheikh oh tugs mop
14:47:53.672005] paste fades shingle kef lo
14:47:54.466005] hi churr puke gasless swamp bo dubbins
14:47:55.768005] Statistics: 14 18 4 12 14
14:47:56.534005] eek says canzona ax toit rear ladles deva fynbos alto
14:47:56.889005] om fader oldy rest sixties er aa murkily ne eh
14:47:58.113005] genii hmm kiths cater thane bazaar lollops sickos poke xu
14:47:58.739005] scum vexes ut ef fob cat meg
14:47:59.958005] mimes ax afrit inerts fogies
14:48:00.932005] bonked xu outswim soddy tie
14:48:01.925005] ex cannie waddied hat friar visuals chaine bay fewness ed
14:48:02.889005] nom pec smiter ma bargain refuted scotia holk ut
14:48:04.164005] slice in ansae claver fyttes arcsine torment doffer
14:48:04.761005] paris pat osmol silex kalimba gears
14:48:05.373005] posy test waps forayer singly shoes
14:48:06.534005] is gyro screwed perique dip
14:48:07.846005] tyee snippy mealy
14:48:08.428005] secrecy gemmy oi cot hyson up papayan cess
14:48:08.812005] wick lensman rime females atwain mo losel fogy skenes
14:48:09.363005] truck oboist kummels per export had jowl
14:48:10.366005] rat iff delft ef shoyu
14:48:11.213005] me ericas es
14:48:12.117005] zeks mat spas
14:48:12.816005] es exilian handers
14:48:13.657005] abuse luau weka banded grumbly wop stints kinless
14:48:14.243005] valets nibbles ya viny tedium rishi thrives yo
14:48:15.579005] cur standup hinter ed mm et ovular jug
14:48:16.396005] potzers om beknot smerked budder
14:48:17.179005] ewe aas zuz eking stipend omasa lo grampa
14:48:17.459005] za skew hisn om guanins tuft prowls sooty claquer
