14:45:59.102083] bread nippy seis tye nulls
14:45:59.577083] torcs cutaway molas poo lat courser ryot buzz rakers
14:45:59.979083] dim go angel clop win uncurls hot prop avers
14:46:00.443083] emboss ooze doc lusts my
14:46:00.478083] hemiola gar plaguy coked chose lo ave did skis
14:46:00.695083] ten poky meth tweeter hen legged sucre mingler yaws
14:46:01.290083] ah irks larrup mop kep nodose king grazers shako ma
14:46:02.652083] coxa sterol smazes add
14:46:02.844083] es logging gooey
14:46:03.671083] eatery shrinks tuition aby
14:46:04.602083] sit asana move trona pinot lot ti
14:46:05.314083] pintos prow frizers compost rid lapse bedrid cruise fell
14:46:05.443083] is plots achiest miss eked nome
14:46:05.703083] prayer skag poll sow vac knits appall carny chuck
14:46:06.478083] mart willing an he noway gombo done
14:46:07.316083] ti homed tyiyn iota gaud fiz touses lad zig
14:46:07.430083] donut cingula to ken xi
14:46:07.612083] re rom spazz pots harvest hit fourth
14:46:08.826083] pealike bedells resilin harp hunched parle
14:46:09.346083] hustle el spails copse opened yob
14:46:09.365083] plating fe tee hulloas lope in kibla kid yo
14:46:09.854083] dirham pluck oi hardier spaces turgid eve
14:46:10.808083] ex het ameba bi toot orpin ed baize
14:46:11.433083] sails mopper fideist choke wham pesetas calpac matures gamuts tea
14:46:11.922083] unclasp top arabic chins hyp excrete
14:46:13.371083] Statistics: 3 15 11 19 14
14:46:13.961083] evil gos moggy om miffier es xi khi flaw
14:46:14.854083] od egg sang palaces
14:46:15.435083] my rai aa oh macho ye rootlet ow thens why
14:46:16.248083] et gulper tiff vum ars
14:46:16.733083] Statistics: 1 13 1 10 11
14:46:17.672083] Statistics: 3 20 1 13 10
14:46:19.072083] choired el parody kebob boll duchy
14:46:19.755083] ae loftier fakeers halo durn entrust pokes kirns sae untie
14:46:20.585083] wend silkie id prepill thio
14:46:21.822083] sic housels coots askew refs nachas crisply ar koto edgiest
14:46:22.431083] swung caracul jereed spook gleamer misled oaf sepoys gladden oe
14:46:23.468083] teems bubs spit tup radians wakikis slued hes ran
14:46:23.776083] braving ow bored nous
14:46:24.177083] anestri xu mig manages roomy
14:46:25.352083] viand vined qis cum soman hoppled hoys segues trock
14:46:25.927083] fes taborer spritz spume blue prelaw tax ah
14:46:26.164083] hm annona alls aerate sibb decry hims payers cuddy
14:46:26.468083] pall pi re
14:46:27.048083] es upwards sovran but chortle demob
14:46:28.115083] dopes copyboy er ghi apnoeic ho mi
14:46:28.215083] debones op li el snubbed nus asci
14:46:29.166083] eves dorsel soot
14:46:30.213083] molds sparry edge ki fitches lying
14:46:30.404083] union hm marl hit ohm lungans gild lee
14:46:31.785083] hets wraths buns analog scena blini guarder ut batt
14:46:32.623083] frugs daw duos unreel decade hurds shade
14:46:33.990083] radium mo jestful re zingari
14:46:34.027083] baht hemes teg nope pow ax vas fie marcs
14:46:34.288083] deaning or ban gos
14:46:35.103083] grego nut ghi
14:46:36.531083] tamarau hippo er
14:46:36.588083] teak puggry owes unvexed
14:46:37.478083] climb indigen mid fid ogdoads zaires ghee tae
14:46:38.609083] van boo dry so muley mano
14:46:39.287083] vugh bi chuck do froe hi uric fond
14:46:40.290083] ophite na yags re peculia arbs
14:46:41.474083] jota emmys eyeable
14:46:42.859083] pro frogman assort opines ping borts asp fluxed ae
14:46:43.447083] thug pawnee gos
14:46:43.542083] mousier tabling hod beans decks tom eh critic wallies mad
14:46:44.155083] primal unbear gremmy rivalry
14:46:44.271083] Statistics: 0 0 4 6 6
14:46:45.382083] gulped cropped cane markers sexto ghi token ab alme
14:46:46.469083] phytoid zoonal maar ree
14:46:47.469083] sels sabaton on smells aah dildo gym
14:46:47.767083] rotters wait ab tup meadows opting plew rush mo
14:46:47.916083] lin nawab mola boreen randy stichs subplot bud amerced oiled
14:46:48.575083] ma pavise remex japes ark guy swath kex ultras
14:46:49.553083] shit iron ilka qi rubble decocts womera dales
14:46:49.840083] heat defuel repegs splosh mender spatial yid
14:46:50.171083] redder gratis bo harrow keno oot
14:46:50.249083] soddy ai cabbagy lads yo asters
14:46:50.749083] chisel earl sysops ferals creeled swathed
14:46:50.935083] linden mir chico pye taches valving pi dye
14:46:51.394083] inwound oke valency it es lavabo flirts
14:46:52.530083] nave al hounds thing hacks pastina oe wingbow kains
14:46:53.310083] blushes emmer med entire yays word
14:46:53.836083] days en nah pilaffs ewe jags melodic hub
14:46:54.861083] Statistics: 0 2 9 13 11
14:46:55.130083] chantey tans punter baa cholers sapid avo open muff
14:46:55.145083] dipshit myrica bud bargain bongo tabbis milers lychnis
14:46:55.964083] ex edify immix hutment us too elk tantrum loca
14:46:56.299083] cig mem sky dye easts muggily buggy schuits
14:46:56.521083] us anils cavy gites panini
14:46:57.886083] wan tax ryke ajowans la dip luv zit mib far
14:46:58.206083] zig un tab aff xu ab dib of ad maremme
14:46:58.546083] rem dag silva papula vexing mediae dingies mammeys
14:46:59.749083] lie dull op kasbah thoued fehs maiden re
14:47:00.282083] samisen obes aware
14:47:00.568083] kalam nags neve tonuses za ay
14:47:01.613083] dockage dwines kaf waking inn aroids
14:47:02.316083] via hex towies creases locusts pax
14:47:02.937083] airway dodger rob al hammams fab blankly
14:47:03.330083] by cauls guy do na
14:47:03.925083] Statistics: 9 14 13 12 11
14:47:04.894083] geneva un vau ti
14:47:05.831083] cines vexedly pulping
14:47:06.044083] juba sows kerf lathis facets tivy thorite sels wombed
14:47:06.118083] tie sumacs abaya
14:47:07.151083] sheeves os taint manager
14:47:08.165083] leukon gift trog hoboing wraps
14:47:08.810083] to hum tootler chow id
14:47:08.842083] nonhome acuter too ripes token
14:47:09.659083] off vapidly chit ska ruble cestoi
14:47:10.463083] Statistics: 15 17 7 5 18
14:47:11.255083] pawl lo yokes unnoisy hamal kir mommy
14:47:11.618083] toilers ruler meal
14:47:12.991083] guv flyers triac mor ai aa
14:47:13.845083] swiping cafe pull
14:47:15.102083] aroynts maras cubbies mo gorget legers twyers
14:47:15.215083] murres ganev fats
14:47:16.639083] winkle box slumgum grump
14:47:16.676083] pah huh mantra so hi
14:47:18.115083] ne rares gamy acari yo epoch dol exurbs upheap germane
14:47:18.834083] soutane om upkeep pup chair quinols billed grama bare sowing
14:47:19.626083] scab stooker uranyls artful pore biddy okaying fit lineny
14:47:20.574083] nickels hex ally toupee nitre areca marshes lines
14:47:21.840083] primos he calls zzz samburs bo ox
14:47:22.357083] kis unnail argons para doe vivace
14:47:23.151083] Statistics: 7 9 3 12 19
14:47:24.243083] bas os floc wrack cockle
14:47:24.521083] Statistics: 10 15 19 18 5
14:47:25.840083] spurge so fiar hoyden nards oe or ut
14:47:27.319083] alloxan suet lagging dekares
14:47:27.535083] dental un borrows checker refer
14:47:28.649083] punnets caudex es hwan
14:47:30.097083] prof dip ut burn thesp aa who
14:47:31.478083] cry nori var
14:47:32.004083] fey lagune as bi induing fox fop
