14:45:59.046232] lily tis henbits loafing dialing epitope
14:45:59.737232] fatso siree wax money
14:46:00.777232] naif swob jilt ho shear ox pintoes fadein blanked ma
14:46:01.008232] quay sided elks oyes agone hugs bearing benzyls
14:46:01.043232] nu minks mouse ghylls um rancour ar key
14:46:02.411232] fight loca scry de sheds peas
14:46:03.289232] furs arid rigid ad
14:46:04.609232] ya goa ill ut um
14:46:04.680232] qi cercis risers
14:46:05.201232] tracts dump mott glossae kier
14:46:05.861232] whelm yid ed wed side bo to let sin
14:46:06.069232] encysts ba torcs lapsing poxy intends
14:46:06.168232] nuke rye mu um pe entries
14:46:06.480232] caeca girted gimping om hetaera nudie
14:46:06.497232] ebonite trike zoner trow yapons automat evulse cain em
14:46:07.415232] ollas mu palet awn urd pongid ape
14:46:08.549232] kempt fet donzel resplit latter
14:46:09.573232] kos as hade ow inlace rundle racks hm
14:46:10.193232] ya slumped ere
14:46:11.267232] ruer ay burry mor fades gag paly archway
14:46:11.505232] belays si candies delf booted say
14:46:12.068232] taws itch dunch mm
14:46:12.985232] jeed gnomon tot obtrude alleles cors van exams samiel redly
14:46:13.694232] carrell duckie eyefuls outyell fe groggy worming crocks net
14:46:13.940232] glioma om reutter sleighs
14:46:14.364232] placers himself gillies pyrrol lactate van mut four
14:46:15.481232] pe duras tret brag acuate jubhah if agenes typebar nudists
14:46:16.625232] uncials beget ice awn empiric
14:46:17.205232] embars pass outbid aecidia ergo enplane hapax modes doses firs
14:46:18.167232] aids oy wees hun vireo epazote oidium quieten
14:46:18.297232] wag grief ute canst lo et goo
14:46:18.907232] blanks costing ex slaw ha yam kamala vizirs
14:46:19.930232] slums my likes
14:46:20.424232] kaka bubal pixel
14:46:21.594232] ab pul zax suspire orate had thio
14:46:22.546232] stock ah putto haj
14:46:23.081232] hun lugging ai spue
14:46:24.128232] ye delly dhow go swoon teggs flu outlook hen
14:46:25.441232] xylol tatamis sap if ripe dirk darn os
14:46:26.837232] tods worths kora exes foozle loving fuse lex whist frog
14:46:27.640232] nomism paunchy defies valet
14:46:28.357232] ed go hulk solum merl
14:46:28.441232] me pi jet poet lava snooted up junket sputum
14:46:29.781232] mad shott pya aecia rush slues missays sloth snored unlaid
14:46:31.014232] meds sags rex vista toilers dad vum
14:46:31.499232] jet fizz lob blub sextos orc fem mis
14:46:32.303232] boocoo legate pic sets oxlips noon no gel of
14:46:33.763232] om tubful arose papula dunt ab ae taurine
14:46:34.921232] chined mot lox vane ark nitinol is seem eh
14:46:36.140232] mirkest ideas bye pe mutters et zappier
14:46:36.181232] ado juba cozeys aw laddish canters
14:46:36.852232] claps if re gravid skewing toney sclerae no oi askew
14:46:37.360232] hooty hosta thymier
14:46:37.561232] ye fucks un jugs
14:46:38.473232] birdie keek it yodler prides assists perps
14:46:38.561232] Statistics: 13 1 11 16 11
14:46:39.741232] am payment solus albinos sliced fusser
14:46:40.853232] hubcap gas alight
14:46:41.927232] cormous spurs peles red tae
14:46:42.281232] deva garbed lin coring sofa ged ow gaze rapper
14:46:43.164232] napless sargos owlets smog
14:46:44.103232] refill bo bolting strife
14:46:44.534232] sori til bump holt triage bi hairdos tauting red
14:46:45.941232] treble oh hooved styling ketosis ono tass wows om shodden
14:46:46.695232] heir molt provost jo fino cor sine loculed
14:46:46.956232] ecu emboly spanker eloiner nab robs mammets
14:46:47.653232] aa duds stupa si fight bub pee tsking
14:46:49.109232] to notion animes ay outgrin
14:46:49.204232] outpour boodle wrote flog tape
14:46:49.712232] xi leave ens
14:46:50.402232] be glories relinks dorky am dentine zap
14:46:51.205232] garcon dent ouch
14:46:51.255232] biding eths cuppas ryke kit tarty hot seceded
14:46:52.278232] blimps lignins brides
14:46:53.120232] na movers untrue niacins
14:46:54.172232] owe yellers rabic abas
14:46:55.488232] bad manes hawala na
14:46:56.783232] may armed snedded ai frogs
14:46:58.126232] me lochs kneads pee spinel conchy topic os
14:46:59.079232] cires bot banquet underdo slobber howbeit ka
14:46:59.296232] rib vizsla midweek potmen colones or pin
14:47:00.531232] cud an art beaning to hodad tie
14:47:01.609232] absinth apery malms yay hindgut oi orpine put
14:47:02.838232] Statistics: 4 8 20 7 20
14:47:04.118232] edge wright or bung mum acid
14:47:04.184232] yack plaited qi drabbed ar neif visa ylem haafs wounds
14:47:04.603232] biker tweed sadism newels mealier to
14:47:05.236232] label par it goaled lo rankly
14:47:06.466232] Statistics: 16 9 6 5 13
14:47:07.083232] apogee frazils yid ab
14:47:08.170232] climbs cashew puri
14:47:08.438232] heiress os slaked admit bleach
14:47:09.538232] crore swarm supra pupu ab sepal exults
14:47:09.686232] pom plinth dueled fab hypha tubs pe cab cris
14:47:10.743232] atony boars sushi caffs doped xi wax hoarser
14:47:11.439232] rims guile chays yawps
14:47:11.933232] or petti looser cutey come jog
14:47:12.971232] alencon up re mut needy nills rep no bashaw ut
14:47:14.344232] Statistics: 20 11 20 13 8
14:47:15.024232] davy dip aw mu
14:47:15.127232] den wambled braised edibles
14:47:15.205232] pan tegmina owl oh do gluey chao
14:47:15.512232] corkier amused hut yasmak wo
14:47:15.891232] duel suavity parrs
14:47:16.093232] folds in yabbie whitlow fuse weaker jo sprung
14:47:17.489232] bells ba eds
14:47:18.154232] metump pupate milieus apneas
14:47:18.959232] yo rerack fa hone
14:47:20.300232] li causer ox go mediae truths unoiled fund sards
14:47:20.949232] coy eskers zonulae medics hajj brownie
14:47:22.397232] zip poo eeriest wax wo ne based
14:47:22.604232] outplod cane mm ute ae sone antiar
14:47:22.920232] goosing xu atop ex
14:47:24.363232] orles as ab qabala phylae
14:47:24.786232] who valet liaison plotzes follis
14:47:25.386232] aura jauks drapery cager ox whid
14:47:25.764232] gunsels cep qabalas waxy vox poofter cuff
14:47:25.801232] eke bice zesting em ho
14:47:26.333232] die ki amble bey ferrum tagline biofilm zouk reties bat
14:47:26.651232] wedeln fucus ax lop frons shew trippet toner at hemp
14:47:28.084232] crozier sha leuds ego
14:47:28.121232] tav al deaned pur gang eh is cloggy flour gies
14:47:29.265232] slews largo yowl god anas gib sagamen sub ta
14:47:30.304232] shying bices dearie bedrock spur
14:47:31.693232] helium ki unseen knout wigwam when ono docking
14:47:32.584232] sidled aim urial dryad jassids heh bacons fe caused ere
14:47:33.978232] pech waft anethol moue tas nidal roam
14:47:34.580232] airer alkenes carses
14:47:34.985232] ganev obeli popsie
14:47:35.246232] sis al hes curser
14:47:36.054232] serows stowed atingle swath jin integer molochs elks
14:47:36.615232] hawsers muddler hyalite galloon limbas
14:47:36.919232] header yid rod imago mooley redfins cistron er godet pout
14:47:37.516232] can ah dubbed es canso
14:47:37.898232] faces aboma er ad
14:47:39.328232] cod wryneck uterus spudder reins we ax without mats sand
14:47:40.353232] Statistics: 8 0 3 12 15
14:47:40.619232] curries roto ireful bemadam gusto concave
14:47:41.273232] muss fa lo maskeg
14:47:41.538232] in sedge deaf bobcat sixthly bonze darns shewn
14:47:41.635232] els lick alts dal orphism
14:47:42.952232] pe cris aa leper
14:47:43.282232] mus pine neons ed bemist
14:47:43.999232] chi li talipes gaun oximes
14:47:44.093232] testate glint flan elixirs jet tup dib ox tel genes
14:47:45.323232] nan gudes ale ma exhale will gharris hoagy truth
14:47:45.708232] hes oi toy
14:47:46.325232] ness bud giraffe ma balms
14:47:46.899232] maut raven propel come
14:47:47.124232] sac ama nim owners yay mime or skimpy misfit
14:47:48.500232] ovals box art harper meows
14:47:48.869232] heralds nth panther zaikais
14:47:49.651232] belaud joke apt gist bearers urgers
14:47:50.863232] carve un gracile slurped
14:47:51.680232] facete boobs foods
14:47:51.714232] aphonic bicorn patents tab vale run fe skerry
14:47:52.216232] pore tui see
14:47:52.498232] airflow wifey of scuba onward zuz ahs
14:47:53.669232] mew cade boater
14:47:55.026232] at bullies failles wats preened aspers dobby
14:47:55.168232] Statistics: 12 11 16 9 14
14:47:55.285232] playful mo wiz barfs
14:47:56.479232] chyme keg meal bleats
14:47:57.465232] yak ecarte odd pitfall abasias jo militia koel ell
14:47:58.322232] aides jukes tails ah walkup rowers sended
14:47:58.741232] fa eth incult mode to if pyxidia lower de mo
14:47:59.785232] Statistics: 18 1 12 20 16
14:48:00.850232] we att unsmart dhooti straps caliper terns on rotator ramson
14:48:02.239232] mulcts glows fou boars ah rachis
14:48:02.900232] changer vow snip ogee sweet em hubby code
14:48:03.198232] my un gong aortae la so acini em pendent armless
14:48:04.008232] hoe parts boston ab red is modus
14:48:05.230232] bogs thou aldose curtly ox bas pompous turns awl
14:48:05.791232] codens scaped pair hairnet poplar tango piked sane
14:48:06.932232] gap lo yins biz outate meeds avatar
14:48:07.118232] monkey tax zither jager mu haemal kaes we
14:48:07.706232] agemate dotal wives hmm prise si linn kir
14:48:08.901232] syrinx am rewin qi latents
14:48:09.289232] bemata oi wich al viscus believe umiak manwise rocker crappie
14:48:10.788232] edit ama lei maw idling broad won nan factors cesti
14:48:11.562232] rorqual bog balatas ha ye prebid costs lum
14:48:12.397232] clozes limned keeve ma wo goose carneys scale shunned solo
14:48:12.718232] on lam spite daunted tar fustic sleeky lather an ha
14:48:14.182232] urine west susliks mm ta rat hos lo
14:48:14.774232] bothers ex jerkily cusps antic is
14:48:15.017232] deva flitted ed hae mailer asp
14:48:15.791232] lazy koji drawn ut al olein swisses beater slats staid
14:48:16.124232] heh tate beigy to leonine stark by brusher sarsen
14:48:16.509232] hi brawn mus chaplet avian mucins yea
