14:45:50.217809] gled cedula wally easier glair al lee
14:45:50.531809] elf it dibbuks hup mon tatsoi puggy aiolis si os
14:45:51.271809] curdy cupcake axled oxo mow poofs resaw ode zested ghi
14:45:51.510809] mottes eme fayed
14:45:52.777809] pas zona endplay
14:45:54.263809] al ait rigs basemen gal
14:45:55.080809] vow at who nab sprang
14:45:55.157809] eschew vulgar gym spuming ow ass fezzes chest rapped
14:45:55.351809] to stroker et beds brag narky cannas exit
14:45:55.728809] max came protyle hae bosons do fujis no
14:45:55.954809] epic nub fatwood ho everts voguer rids pap accents
14:45:56.460809] ef refels ti trans loti til bead
14:45:57.121809] ar ye roamers id teel unposed sawn covary
14:45:58.371809] pip aa het phyle marrows priapi ours mity
14:45:59.454809] pily alsike devoice fes
14:45:59.910809] topo duos fa bumped netops yogini tensive thionyl
14:45:59.926809] ileum swan qi mirk burkas tinge ta
14:46:01.086809] oar marries enviers reb unyokes ow bas
14:46:02.441809] gramme heels lex
14:46:03.201809] waney antings planch etic frits candied flytes
14:46:03.972809] unakin naw ne
14:46:04.571809] arses od fano wauks nachas horsey seconds
14:46:05.286809] codeine kip skunk pumps pokeys pibals fuji ai ax buy
14:46:06.195809] glycyl torn miner obelize
14:46:07.295809] enema arias air nutmeat id skaldic cleome twilit fagot in
14:46:08.200809] safaris perdues aughts etna kenotic
14:46:09.210809] yens louma hempen sky
14:46:09.365809] sprit batik bos plaid helio random barques led bid
14:46:10.546809] tat quanted ag fearing supines common bo yente
14:46:10.712809] tween ai minion er hant
14:46:11.585809] choky na gouger migg roost funny
14:46:12.376809] si fley mow fa sextet sugar target ecus
14:46:13.184809] fidges gyps um meanest suited spic ag ras advice
14:46:13.902809] us hm else beards ryots daps plopped
14:46:14.362809] coups royal oh steed qi law
14:46:14.808809] grow obe flub wud morsels
14:46:15.968809] sh ceil sounded viand rive debater ai
14:46:17.232809] us ped thwarts ab up
14:46:18.001809] unwell miskept unwell dotes squat aeries
14:46:18.987809] tuber ferrate bass haed apps in prosily poh diatron farle
14:46:19.301809] waves filth mo diodes tear
14:46:20.739809] aphid grama vimen hems gem spae suits libido
14:46:22.121809] lingas out us sarge hum lea mu koa sedgy hobber
14:46:22.801809] milkers hided phloxes oaf he unladed outfire
14:46:23.318809] rum useful zebra
14:46:23.487809] sloe fem sheeve impost pug
14:46:24.238809] teemed rami and ai scorers rib is speedo carp
14:46:25.608809] prodigy abate fun chum mummify music ado
14:46:26.866809] wonder libs loved fuse nested
14:46:26.922809] tom haet rotator infests casita miri unkinks bo jay
14:46:27.588809] hispid stab ef
14:46:28.945809] prig pullup teapots wharves czarina araks uploads
14:46:29.383809] rabato favuses moa pah qi
14:46:29.550809] sewar obeyer sear rabbies ump loca mice glop eras
14:46:30.995809] wad mi rang medaka jog humvee mm ave us
14:46:32.070809] psalm ruled stunned wail nee up
14:46:33.371809] ennui pe irately waggons hunt rappen boomed hotdog
14:46:33.958809] ism eh atma cessing
14:46:34.727809] mosks mopper doss micells ka topfull lets bigwig
14:46:34.814809] inters by capric arbs ox sealers chaebol simp qi
14:46:34.840809] if bar waur whizz nock arm chalahs nome bo shtik
14:46:35.842809] arching zooty hog pelt mo nut we
14:46:36.080809] hernial terai mu capless sex
14:46:37.220809] fit toros la mae serein colts unite oxid junk
14:46:38.714809] clone en li oxy pneumas sprawly do gritter acing ken
14:46:39.226809] ne dons diel xu brood agaric ton cacti ha discant
14:46:39.373809] Statistics: 7 15 9 9 0
14:46:40.814809] stalled bemas sob mo kibe to feeb brumby
14:46:40.987809] yon chef ha ply webbed bacon
14:46:41.065809] cairny forays bonne iced hods
14:46:41.817809] deni fernery quais geodic cash ain plying kola hyp dols
14:46:43.198809] horns adder mano ohs xi smother fog
14:46:43.672809] holed be aw gut laud sodiums ad eupnea vise prebids
14:46:44.673809] tubbier dobbins porns molal rai heckle suss
14:46:45.082809] baptise jailed pe lungans sebum loved can xu real
14:46:45.134809] rode hoagy stucco
14:46:45.225809] purist basts sudd bubu
14:46:46.648809] mm choughs miche ha mazy
14:46:47.170809] burqas sweet za ye awe dugs proud wooer big
14:46:47.818809] hakims hommock slung
14:46:48.797809] payed oh cued
14:46:50.236809] ka ow drub fuddle wag bot
14:46:50.613809] moc who sheath yukkier giron mollie
14:46:51.510809] bi jar perry spew be ante goo
14:46:52.917809] carls muscae jitter duci cease
14:46:53.861809] op unsewed slime slobber gie traiked
14:46:55.248809] graze yells faros meowed chi rebels momuses
14:46:56.278809] oda hypnoid lehua seis ay
14:46:56.736809] hip tsooris holy glovers boral vulvae stoners
14:46:57.858809] hi sew nidal els knacks grocer
14:46:59.026809] pelf rood unchair sere
14:47:00.045809] ex ow by manias muncher dodgy abelian fat augur
14:47:01.058809] ramal cession slipes
14:47:01.279809] rap cum cyma lawines wryest recs lap col patch
14:47:01.668809] unwon repand pointe bid axis ti abmhos kahunas
14:47:02.360809] sago za paddy
14:47:02.628809] fou banks spats my span jab
14:47:02.695809] lairdly mon worms bedlike coyest es hanks tun
14:47:03.042809] ghaut heckler antre skiving hammers ulcers
14:47:03.265809] tizzies santirs trinal shogi twixt nonagon
14:47:03.313809] wot eras nozzle sal
14:47:04.292809] civics fined raja
14:47:04.833809] repo hey mitt seines holiday niece
14:47:05.359809] em epopees hive up omber loamy apron darks dabbers comade
14:47:06.269809] faxed gains probity ados
14:47:07.120809] deli debone stitch clavus veiner awe
14:47:07.541809] huh jell pax rehired cullays mi lawmen to gorp
14:47:08.349809] ill periods gaun unstops ileal us ba er
14:47:09.326809] erg palmist pot born sh
14:47:09.665809] piked dab log tankas pours dovecot wairs
14:47:10.090809] balk ling searer
14:47:10.768809] to pond do ply el hazels taller ons sials pigs
14:47:11.224809] of dozer ketose glum kye pleurae medii
14:47:12.573809] sedater la lobo rater iring timer
14:47:12.977809] tau el laptops zzz almes adsorb centner sorn
14:47:13.361809] lamed nimbi praus tuft halm al sharked hame op
14:47:13.602809] fibula sly koan alkyd lo
14:47:13.830809] bider so si udder wis marcher crapped laevo we
14:47:13.995809] dame doze oy hah
14:47:14.758809] Statistics: 19 16 13 13 6
14:47:15.225809] al kif gnu
14:47:15.242809] tor damply ago mm my centres mob agentry zep oi
14:47:16.057809] scum mosh watap gaga ha
14:47:16.411809] celeb we pomps dioxans catch paw
14:47:17.474809] yabbers mig dawning fou
14:47:17.767809] wovens pandora boxes als extend hoodie
14:47:18.121809] yet armors tele ye kowtow el burs op
14:47:18.230809] mo fanons dareful
14:47:18.886809] of him was om ops smear derm
14:47:19.554809] mo maintop velured sorbet hut pet
14:47:20.046809] slaker biller taces vamp thro suba hisself
14:47:20.659809] ex rawhide aidful fits deaving mud tet
14:47:20.994809] edgy ae et reglets naans hotch
14:47:22.115809] mar silting tumps nays
14:47:22.914809] furler sparge odas goof ors dog jowl inform belts
14:47:23.323809] pyran gap fillet webfed
14:47:24.345809] pugs um an teak de peruser append
14:47:24.930809] errable sauch heh
14:47:26.106809] unused caesium ilex whisk age yeas roc unmeet errata
14:47:27.361809] hotrod prepay gorger roarer argle sachems muted aplites judging
14:47:28.481809] suer cig at to piety de kerb att sluts
14:47:29.729809] we fearful poppled
14:47:31.212809] caw terais eh
14:47:32.610809] afar paddles bike inklike magilp
14:47:32.707809] ghauts nu berg isthmi finites saw mi limbs na
14:47:32.983809] puzzles tight my jogs or bud
14:47:34.461809] wab conners froths urps pip agates dindle pig garlics cabinet
14:47:35.237809] pad bonnock glop neif soever lie anaemia ae chromyl
14:47:36.541809] ba oeuvre jiggish or raj
14:47:36.978809] shilled enticed sickle al ashcan as ya
14:47:37.660809] Statistics: 6 13 3 2 20
14:47:38.915809] boogey bidet decors six tonight bash wicks dahs
14:47:39.156809] hog naff bailiff mildens ut guy roof hi in
14:47:40.435809] veering guys bot oriel phase ocarina
14:47:41.209809] cuif geck keeked or
14:47:42.229809] pupal hut forme carns yerked dee
14:47:43.718809] derives tear za things ka was fetting rejig
14:47:44.928809] nuns hero nock forges gos ops surreal weigh doper bah
14:47:45.784809] ye ye leant arb icecap aas hind lee
14:47:45.865809] castle numbs id rif milpa
14:47:47.168809] milt pears of sh yods upsize no shushes lambing re
14:47:47.246809] upgaze ye amply revests swot ree chintzy hep
14:47:48.685809] rattail emperor repot diglot temper
14:47:48.879809] fray cochins boutons tonneau silva jape
14:47:49.837809] jo mote jo husked vox kith
14:47:50.503809] hike gat lowborn blankly glory dolled
14:47:51.543809] tapa na pita mums
14:47:52.756809] ais cusser ankus lavas shanny
14:47:53.692809] cesses wishers neb whew obtuser sous buyer hip mure
14:47:54.177809] halm yogh gorge as en despot
14:47:55.507809] affiant pugs tis
14:47:55.772809] Statistics: 8 16 1 11 20
14:47:56.919809] held happen prowls ripraps tew bawdry bread shade
14:47:57.016809] chi sat verso juku rudds un tufting
14:47:57.819809] dex tet mahouts me theriac el triad washup
14:47:58.533809] lusus darers dhotis toyo hymen waister
14:47:59.664809] teinds nuke glost owns
14:48:00.624809] agee qat un esnes pains merer hazy wammus
14:48:01.484809] upside sh ay naiads pawner fiz cahow bo
14:48:02.435809] parles ta goals
14:48:03.114809] flippy bun sords hap
14:48:04.379809] brans can dime om ochring bohea garland jeon pein cooer
14:48:04.844809] ohs ant ki
14:48:05.309809] smaze jeu blawing tyes crimson ells gentle vile mems
14:48:06.645809] noh tup tails op rosed yasmak
14:48:07.191809] Statistics: 8 13 7 19 1
14:48:08.541809] jollily ut erns shawl aria
14:48:09.304809] fin yew as brutes ill codon
14:48:09.978809] amid cap pyxes wonk sturdy soupier
14:48:10.234809] Statistics: 12 10 20 8 16
14:48:10.510809] muting to midsts ya uh kilt pay duetted bionts
14:48:10.710809] emmy playpen snash fumes windigo pi
14:48:11.266809] rebirth phase xi al tory bedder azlon lab nags
14:48:11.749809] skit sered mail
14:48:12.737809] ramies classon addle as wych hunh bag
