14:45:59.084131] lineate schmos reels god
14:45:59.293131] ae saga juts loin irked
14:46:00.665131] trended archly booth gomeral koumys
14:46:01.823131] utas paced wynns bloop fey yawp ba coys caps
14:46:03.140131] placer rusk gabby ban
14:46:04.632131] boheas dysuric commune
14:46:06.093131] tamarau new gayer bells orphic friers megs fit hippos oh
14:46:06.408131] end buying senator
14:46:07.649131] simious weeders el skived
14:46:07.744131] sene neve bottler luv za som sac
14:46:07.899131] lookers mel dee vitamer praams in swaraj zaffar
14:46:08.524131] Statistics: 1 19 2 12 15
14:46:09.215131] prest bibs fice
14:46:09.379131] lanes rodent lochia toric zebras ab
14:46:09.936131] blister of lexemic
14:46:10.644131] ai trickly brag agate sexpots aunt pa
14:46:12.055131] sh kalpak raylike at
14:46:13.463131] joy cru teen bi we nogging regale
14:46:14.702131] canny pi henlike fiacres herded
14:46:15.596131] bennes hop fe hup
14:46:16.440131] tabetic avo man burler zlote yule wonky
14:46:16.666131] ay wobbled boyard ka
14:46:17.243131] promine en ukase exalter cuifs jonesed caddied ebb
14:46:17.279131] got beckets maturer swan kibbled one plica maimers undraw noose
14:46:17.443131] cacao ad kip jeaned subduer widdy lorn
14:46:18.649131] bloomed dawn unco hi subsale za ka cwm lory
14:46:19.738131] yum wristy copihue sun debris kurus el
14:46:19.880131] ionic noddle pins lamby readies mudders airmen
14:46:20.885131] puck wabbles beechen sieurs filum withe fas gaff ho mutt
14:46:21.514131] brow easing burqas
14:46:22.065131] of os crotch lining
14:46:23.173131] Statistics: 1 17 6 9 13
14:46:24.310131] unroot cushy loan wye ain shoaled miscues sent
14:46:24.764131] Statistics: 19 1 20 4 7
14:46:26.192131] icons as omer tubate bus as den nudie syne
14:46:26.258131] ah oy din
14:46:27.374131] flaxy riping needful belike remora curite
14:46:27.451131] enthuse xu knars ab pend isobar fold er salon hist
14:46:28.732131] up bortzes um mamboes exalter
14:46:29.978131] wising gorse gyri
14:46:31.175131] frisket lac limuli laver francs wides oast farad kiltie
14:46:31.352131] hehs yangs bee at bet doit erne
14:46:32.127131] nu plenty virtue
14:46:33.552131] fro pour on pulpy dados mattes boxers rib ut am
14:46:34.071131] gid of emits lawing obi murkly glowfly la
14:46:34.594131] ax arrow ti mow
14:46:35.769131] anytime puritan felucca emdash stank
14:46:37.230131] bunas xi masa life problem repulse khi waggon
14:46:37.351131] vaw buckles pommy pooh is lattens craw dioxane sedan
14:46:37.633131] agaze ex rubbly cannie ex culprit gipping zoon
14:46:37.726131] van devilry bestead re
14:46:38.158131] wig outage bi mo refold
14:46:39.147131] gelled trop fawn telefax weirder show
14:46:39.969131] aa deem pall fact thyrse redraw troops by medic swam
14:46:41.212131] yo formyl wax mewl duty pas jiggly rib lucency tas
14:46:41.682131] Statistics: 2 9 5 8 6
14:46:41.994131] ut banding ulu balk spurtle brios orzo
14:46:42.445131] masa rod ag drek
14:46:42.798131] honkie unseam milt quire yowled dups we culti lose fob
14:46:43.237131] atonia ell fab ischium up pernio
14:46:44.037131] ala yob odd brewpub oe roe ti were ha aa
14:46:44.298131] bravest dispend funest sluff rile mumu
14:46:44.757131] mates pose parral hug
14:46:45.059131] nutrias calcine gallet shift zombi clipt skeg raj
14:46:45.979131] retem imam timely gamines pons
14:46:46.164131] Statistics: 5 15 4 3 20
14:46:47.591131] ne pen annas grouped giro slue glair frons
14:46:47.774131] sunward induces be gabs doeskin enraged
14:46:47.790131] kue fetted eh la zag
14:46:48.194131] ka aphis not ne deodars servo rales dan bug ne
14:46:49.273131] showy shiner nob it wingtip pa pithead lied base
14:46:49.709131] xystoi scopes fox porcino
14:46:50.018131] unlock ammine mu cloud outrush edit ten
14:46:50.312131] bio ha fervent
14:46:50.333131] wap lexis ut lictor
14:46:51.759131] heard sykes oi
14:46:52.941131] sorns agamid ad basalts ab fe eth guv bads
14:46:53.987131] warring signori worthed ogees ox um sub
14:46:55.420131] freshet ad senors ibices
14:46:56.784131] drives goban rubace leukon
14:46:57.748131] hug acquire gramps syzygal ab wall nard
14:46:59.046131] aspises debone gets kayo quiffs kayaked gestalt cercus et coziest
14:46:59.485131] etyma ark grille me
14:46:59.933131] rip keg gun restudy pandani of
14:47:00.820131] camlet ha winked jessing axe nilled ad
14:47:02.182131] tallies shit jo ova
14:47:03.109131] bumpy measle goading ex spumier to me aery chalot umlauts
14:47:04.510131] Statistics: 18 19 10 10 16
14:47:04.769131] lintier tie nogg ins assumer fleeter
14:47:05.709131] wap whammo to
14:47:06.875131] else click my jewfish oi sabring upshoot
14:47:08.343131] arvo fizz oleine revisit
14:47:09.173131] up chew qis vales
14:47:09.616131] pst joust rif
14:47:09.869131] grains jog beaks smushed lianes hooly ens no tam cepes
14:47:10.102131] spae tier eluded huppah waxing brae ho pom
14:47:10.422131] it hue lea bam overply
14:47:10.451131] odd bend oi udo shaslik
14:47:11.066131] ai is toads
14:47:12.313131] bob rib fugs tzar
14:47:13.691131] tepoy eclat oms urn cyclic rap pea dieing em
14:47:13.902131] et lacing plans immy yearly li
14:47:14.173131] reding mu marshy guffs
14:47:15.321131] ria ay sportif upon zilch trustor
14:47:16.358131] pip what rue al galyac equites scaldic
14:47:17.501131] wud no godet
14:47:18.117131] visions purpure grummer snobs cowl endash as
14:47:18.200131] repasts cuvee deep ho alexine jays
14:47:19.620131] gor trigly modem diatom ar dyadics dorp howk
14:47:20.877131] blanch oddball jackers latosol warp deray qoph pelves
14:47:22.347131] fluoric em seta ye
14:47:23.790131] Statistics: 5 11 15 12 18
14:47:24.818131] swag exiler venom hunt bay stun birred
