14:45:59.074158] blots newsy tophe mi sorts rearms tau stoss avail hotrod
14:45:59.544158] even foulard or gunnen lynch typier wife ane shogi ruddy
14:46:00.456158] do gags lanai ow
14:46:01.248158] dived gin burgh napped towery but
14:46:02.701158] salal mayor bundt ow fen fez yeuked torero
14:46:04.008158] al linseed ceils abomas are ripen ab mist busters kayo
14:46:04.286158] jaw per posing it
14:46:05.337158] mu swishy tahsils if babier
14:46:05.527158] map unciae mut
14:46:06.458158] gargety laics fare nu camlet hisn ka sop
14:46:07.295158] mi fusels boars nu
14:46:08.719158] Statistics: 18 15 18 20 3
14:46:09.938158] peeve much farrow
14:46:10.093158] ag ark avid sovran kapok yaw
14:46:11.197158] we opiates er placebo
14:46:12.088158] achoo buhrs lasted eh qi
14:46:13.365158] hyoid plowing anchor dumky pearl sol doable
14:46:13.698158] Statistics: 13 14 5 19 15
14:46:14.664158] yeh os ova
14:46:15.643158] gan foxing madtoms go
14:46:16.029158] be of amir
14:46:17.295158] ox pe drown
14:46:18.190158] bemean ducts slavers ya vied tora joists glommed bal
14:46:19.180158] bruit necrose porrect teapot ed noised mere ax
14:46:20.122158] mow modem warns marker hos freight white tumoral
14:46:20.183158] wane reaves haboob fin onefold lath aw palmary mimed
14:46:20.751158] diodes ho gruels dug nob an workday binary
14:46:21.570158] at shri trunks peplums ed antefix
14:46:22.376158] Statistics: 13 15 16 0 4
14:46:22.814158] Statistics: 9 10 11 12 11
14:46:22.875158] dipt coaxers lo
14:46:23.739158] purled cur mots frise loo nestors pip lee
14:46:25.239158] flus sheeves unwhite inclip teopans noma if
14:46:25.448158] pandas fezes hipper bris prissed shamed owed sachems leaved
14:46:26.805158] hovels seconds unwed rumple wry yea
14:46:27.246158] fanfic fovea ligulae angioma cigs dartle char
14:46:28.519158] vegan razes hat mas
14:46:28.971158] of clayier flotas
14:46:30.346158] flyboat clergy nasals
14:46:31.489158] sext rob bilged futtock
14:46:32.491158] hereon whaps gooral gem ne
14:46:33.101158] schtick mesial feigns no
14:46:34.396158] rudd pry alumnae feisty fas wend roupet to
14:46:35.144158] mislays fa yarely bunches pig towered calf crested yaps copter
14:46:36.632158] re nacre nose
14:46:37.030158] grandpa pe congo duals fording ma mew oy
14:46:37.574158] cay brays ba gents
14:46:38.306158] wails coss pus roe drawn ti
14:46:39.403158] postin keens en rubasse mow repro dodges draff us am
14:46:39.659158] nimmed kimono mares
14:46:39.769158] laris dubber yock eaved oot utters om babesia or
14:46:41.030158] drib peptid nobbier no systole ruer ultima hat
14:46:41.085158] myopes dupe blows flagman widowed lux credo goop biked dungs
14:46:41.138158] elf oak townees towhees nu pargo impugn intomb spook
14:46:41.661158] confute crabs am ex dozy new baaed fair hoveled culet
14:46:41.958158] militia ed busby ignobly mo rhizome
14:46:42.564158] plisky bimetal prefile
14:46:43.464158] stater cor vex leu
14:46:43.483158] devel degums moll dif hydroid caff says unalike rep avant
14:46:44.591158] aortae liter elytra narine coz gam jagras yttrium mix fear
14:46:45.632158] oak realer deepest byte duke fluxed
14:46:47.047158] plaza is biker hint morning whiz flong
14:46:47.782158] ut sprouts coffees ail apt limner
14:46:48.965158] role ag hi bi bare ow sylvins
14:46:50.011158] arse tarp mammal
14:46:50.798158] stunk koji toking pipals wetly chads thru tas sphinx
14:46:50.854158] krait fave husk lei kauris upward ow
14:46:52.182158] malars is fang buckles lungi
14:46:53.445158] burs hop glib trek mudsill kibes
14:46:54.284158] eyra gars floral pst bar ax ex um
14:46:54.655158] poi shoon wo pocosen pod fame tusses jag longly
14:46:55.347158] pyemic clinic lasagne ria wye veiner hots milker glimed
14:46:56.329158] unitize bubby ged moviola stoical bumboat bid os
14:46:56.739158] ba is cist saul ski virelay tow
14:46:56.952158] blowy maggot crissa deray pe cowls adorned loop
14:46:58.189158] jiff gibe stealth loop ramjet vomers gutsy formic bayamos
14:46:59.340158] pan eme as bun luv zonally getup
14:47:00.815158] emeute bowl putout dim malt gag coverts gliff
14:47:00.915158] lug la fimble sue lanai impark an wye
14:47:01.458158] to chica pros
14:47:01.776158] roque armies fe raying dol teel nutted jo saki
14:47:02.825158] pot gyre finback ash
14:47:03.151158] rays boy milkier frosts al med leggy vex stint retore
14:47:03.483158] birk wising kop blitz gemmy
14:47:04.339158] it purr fa do nuns tub
14:47:04.619158] tules ugly lyrisms buhl stools paster of
14:47:06.061158] nicol er bate bemixt weeny song recce
14:47:06.342158] tab tondo bashful blunts mu fixt sae pa
14:47:07.261158] ar amies kbars cleeked mail
14:47:08.719158] excel kronor glime loci astony
14:47:09.859158] writing pram demount muttons lac azan ya
14:47:11.157158] out pi as ahem tiddly
14:47:11.176158] pa rut em
14:47:12.442158] barges creeds of feh bray dowie sneap
14:47:13.594158] lode oes on go up
14:47:14.172158] fix dike of unco vow clones blued lac
14:47:14.205158] unlaid on ilex stuck radish yeelin
14:47:15.056158] rowdy finis lesson
14:47:16.544158] was curter catnaps pa magneto gowan hm zaftig
14:47:17.942158] notch za bawdy bubo nesting ship foy perched
14:47:18.766158] Statistics: 17 15 14 6 18
14:47:19.659158] roofer bub ideal let braked
14:47:20.692158] bimbo hon pi veldt reflies na seat goy morphin restage
14:47:21.260158] motey faddy syntony oily wad cornily massive uxorial
14:47:22.583158] firebug six enduing bushier al goral maud vulvas minibar
14:47:22.621158] Statistics: 2 10 11 2 3
14:47:22.668158] waverer coy bob helms onstage pe dots
14:47:23.898158] ag culver soapily picks catlin
14:47:25.014158] Statistics: 18 11 3 5 3
14:47:26.475158] lavas suns cutch cud pye giron
14:47:27.553158] beys magmata eraser coenure tiro venge singer middler
14:47:28.690158] toy mage burgh enough outdare hah penni fe feuars
14:47:29.040158] shy lei salons zas owe oot cobbled
14:47:30.143158] surlily shawl dry lee sonants ulama
14:47:30.730158] xi rehabs boo riboses ye ants
14:47:31.487158] dancing patch mil junker mig
14:47:32.490158] catcall snifter amah ah hod nonfuel testis she
14:47:32.828158] copied cecity uh upon be shute blenny tee misses undee
14:47:34.219158] no inro dates
14:47:35.531158] shy al voling eringo do
14:47:36.634158] halcyon olla za nudnik
14:47:36.781158] oy kurus ef tourism ah
14:47:38.211158] empale vug tawpies busts yawn roshis photo opener cutins
14:47:39.567158] um oy sack xi ya
14:47:40.619158] del fiche naivest phenol zapped bistred bazars mobbed
14:47:41.966158] riling bins pam dud monster clop organa dug unmew extract
14:47:42.634158] muring wed ai pul vas
14:47:43.703158] hared yuca scram ansa psst hued hilt ament as whiz
14:47:44.149158] is vacua takes trine feh torrid
14:47:44.615158] it jean gad bologna inlaces gie bi briss mosey
14:47:45.736158] we myopy oke sabaton abraded eggy bris unbent or
14:47:46.019158] ah salol plumose aal ode uke
14:47:46.264158] slats sri yip ex zig dag sau
14:47:46.930158] sup oe ut of
14:47:47.758158] cow sere unshowy solute er
14:47:48.721158] met em jo deify clouts bolsons clomp alt
14:47:49.117158] serails looter luging sense upby no entropy
14:47:49.341158] trainee hobnob pareu
14:47:49.377158] scoff pash kitling inhaled tew tar
14:47:50.744158] kit giraffe sharper equate hug ba nip
14:47:50.799158] loids ta quinol mi
14:47:51.113158] spinate nazis kyte spars resay
14:47:51.964158] newels twinge worn bale skirrs re
14:47:52.372158] et abba om wye raves grabs
14:47:53.834158] going yaff la enuf up hers bowfin
14:47:55.241158] cru gal ho de hiatus
14:47:55.593158] falx cereus bubo
14:47:56.916158] ed vasa grills slaps cur yours six
14:47:58.404158] tide op crazy leeks libel
14:47:59.001158] gargle mohur sync bal bunk byroad ouched dicamba ka
14:47:59.294158] me al ar tit
14:48:00.642158] yum eh belch on adytum am matzoth vaginas
14:48:01.468158] triols uh salic seel thug basque os
14:48:01.808158] big oe hordes mu helix
14:48:02.791158] rainy nitre is rafters autobus ag
14:48:03.922158] broncos babu wynd
14:48:03.975158] mu weedy fried rilles cwms zingari sow
14:48:05.255158] chintz kea scalado
14:48:06.419158] souffle leu mols gnaw rim
14:48:07.638158] jam petted aa rusting tampan whale
14:48:08.177158] qua redacts toughy duo louver alif wills parvenu
14:48:09.121158] enjoys li peh paw gabble by
14:48:09.821158] enol accuser kbar
14:48:10.378158] Statistics: 16 8 5 17 2
14:48:11.729158] arm aha breccia
14:48:11.968158] my jerids thills yom eh man pam wantage
14:48:13.265158] amia exams chippy blunder
14:48:14.467158] pen externe shuts ka yo temple nu bima
14:48:15.778158] wop adieus lowlily abwatt jurist ray fee carman piddly zoa
14:48:16.725158] topper calk filing miche ways tolu
14:48:16.840158] bench men feyly codeia leucin jo un
14:48:17.512158] broncs ramblas ka zooiest craals uncaged feces cuif
14:48:18.647158] freeway cancels yo yam pehs forebay perp gey
14:48:19.115158] on cagers tarn mirth frug
14:48:19.746158] meet lis woo shelve pa bud
14:48:20.045158] ivy el man whews elmy mm bursas health neb busier
14:48:21.487158] goading jitney telesis cochin bestrid pax
14:48:22.498158] grots uh ulpan chert veeps jerkers
14:48:22.583158] gaoler yolks fay ma
14:48:23.660158] Statistics: 5 6 7 4 8
14:48:23.910158] biaxal soja notal binge
14:48:24.277158] steamed et act
14:48:24.647158] sunup misbill eme amours coke plimsol bondmen
14:48:25.699158] factory sporing taped ism pard aid thou herders peavy
14:48:25.889158] moody visits baffle rammish maids
14:48:27.270158] studios theorbo mm whin trooz woe misbias lad rassle ags
14:48:28.681158] uh elms innerve alt
14:48:29.379158] albums baiting parts jin
14:48:30.681158] oh haemal tipis moxas moss unzoned bur sows wees monte
14:48:30.804158] pulvini giros dago fishing
14:48:32.183158] gasless ruth pow abort stylize chapman fud
