14:45:50.141988] wow but twae naivest charges
14:45:51.158988] inhumes ash pe
14:45:51.996988] spends kouprey jo sot yo kobo ki sh hooly edhs
14:45:53.300988] um redux yo
14:45:54.434988] ureide alls milk fiars flecked
14:45:55.837988] Statistics: 2 13 19 14 15
14:45:56.871988] ne null kid perry do vars abattis oe
14:45:57.050988] oe seif dub passus
14:45:58.443988] gey mm ha direr eh ref de ruffe op
14:45:58.708988] nous fix slips rakers fink buy shill
14:46:00.050988] ab bonding piddly organon wag orc daltons plains barhop bibber
14:46:00.548988] jay outfoot tar goons polyp fluyts
14:46:01.226988] viola ox worthy smirks ochres edhs skinks ka dew coarser
14:46:02.242988] hi aba sped
14:46:03.724988] solar vairs assurer linter junks
14:46:04.289988] delly od rev maize hail deil upo beady paraph
14:46:05.403988] choose seasons actual yucch spurrer troop fin
14:46:05.605988] wormers mar team hajis
14:46:06.807988] Statistics: 11 7 0 19 11
14:46:07.682988] eff soused ochrous circles ae correct go dauties bonnet
14:46:09.128988] shauled cobalt burls lass vivid mousey echt brucins
14:46:09.536988] condos why kalmias tipcats ti pitta nogs
14:46:10.569988] it grace ef pes hi diarchy feods ferrum members
14:46:11.216988] news pop syn vandal
14:46:11.444988] awn areola clivia hyalins obi buy
14:46:11.591988] jo relock sib cut mim burry beigy pit ne
14:46:11.960988] wynd oe bilk nullify qindar
14:46:12.917988] drab ar tall pa limn rodmen yups skinker
14:46:14.266988] haku roupily sword inrush
14:46:14.611988] blacks hasp term tews beedi aby rim
14:46:15.286988] perched cutises josh oozy slum herma cockshy souse
14:46:15.869988] jog li semidry eh tas derms cheetah fags daedal
14:46:17.123988] stags barm bogan lo gilbert clashed ed aal
14:46:17.569988] dit cabob tunes rear
14:46:18.015988] ruses awake mazing dangle felt exults
14:46:18.437988] hi agree selah fires yogi cacti poles fie
14:46:19.482988] lags nounal ed rye nairas hoed
14:46:20.596988] Statistics: 3 0 4 14 4
14:46:21.099988] Statistics: 20 8 4 8 4
14:46:22.466988] bronzer aiblins has ut cede poison sklent phyla
14:46:23.398988] gunk pe aurae moles
14:46:23.663988] mantis wo siglos
14:46:24.995988] ag zees arval alphyl hording kukri
14:46:25.063988] oi cum chided jete arrows curns icy
14:46:26.119988] recent it seral ley pen battu rindy pa opt fuller
14:46:27.305988] penned ab no dis nag sykes ai virosis
14:46:27.883988] hagfish os doxy tart blimey lousy sememes spew
14:46:28.649988] oh wean ta keck
14:46:29.426988] re dal texas glug chanted meta fritz
14:46:29.453988] oud yaks pyrones fa cooter
14:46:29.662988] uke admit awl za wary allot bilby eh ors me
14:46:30.217988] sensa coed donga sol sit lye gen hob benzine
14:46:30.692988] zit ho libri ariels yanked dey
14:46:31.246988] aramids dam bruxed nut
14:46:31.261988] ma syn lipoids wealthy roosed deal algors blow lungee crimes
14:46:31.897988] plats lured ova clags tas
14:46:33.202988] sib fours eel
14:46:34.098988] al un maltier balneal pika erring
14:46:34.582988] bosque dawn blae lexes nombril mon seniti xi ad ycleped
14:46:35.156988] syren ouds dickers puja cleomes sumos nans
14:46:35.398988] absorb sums fa wax pas ef
14:46:35.805988] cape vine strayer bozo rectrix de moola comate am chadors
14:46:36.161988] debar ho vid kaf
14:46:37.285988] op balkily letup ad revalue albatas
14:46:38.765988] bi suks shakers hamzah stroke bi um wog
14:46:39.427988] mattery benne naw torahs slug
14:46:40.381988] to bisect pull kelep retines hm
14:46:41.594988] eths mod kolhoz
14:46:42.043988] deflea vote maxis wae euglena mm nut juked tiler
14:46:42.589988] pomps dolts valved kinky skag combat toffs an fake rumen
14:46:43.166988] nu gores ons pi ti endways ox shiatsu coempt
14:46:43.343988] et matte drubs cajoled it hong mantled
14:46:44.627988] Statistics: 11 19 16 18 12
14:46:45.590988] craned mew mis pimp messan
14:46:46.240988] jalop musk pittas uremia piqued tact at
14:46:46.427988] bi artal devels gat qi
14:46:47.219988] ruly kor um kits neoteny sake
14:46:48.215988] cut dealer scuffle ungual robe tambur ens
14:46:48.247988] za ti lours chamade
14:46:48.564988] es sleeken sealing la prod froe adjunct urn flours
14:46:49.249988] ma coz kiblas medusan tad attain ocker yolked tup
14:46:49.368988] mantle be oohs spur
14:46:49.800988] yellowy tofu hen cormous oy swobber twa aw enskies so
14:46:51.120988] putsch cowpeas adzed dunt gonof an bib pursy keek
14:46:52.332988] loden mod lo un outed avens mu
14:46:52.729988] mouther tardy aas amiss mixup
14:46:53.709988] hardhat nor mopokes tune sneesh libeler clam pe tan jaw
14:46:54.869988] to boars zebeck wonks is eh ex us
14:46:55.011988] brio notate forgave
14:46:55.565988] tumor empire polio softy li etwee
14:46:55.768988] isba re un alba ute
14:46:57.117988] oi toms paddy tut minnies ho hap orbits
14:46:58.564988] al forearm popish dine igg zeks bubu gown tav clacks
14:46:59.714988] tooting tab to justed yow
14:47:00.145988] alley boob kin crudely irrupt id chunnel wo fringes morsels
14:47:00.281988] whacky guild jus kvasses freers we inlands spoils
14:47:01.319988] ya rain bo wite
14:47:02.689988] stir bolts amass mag if copycat
14:47:03.034988] mu kelpy of teg sallet
14:47:04.236988] quiches fe fa
14:47:04.481988] weigh lays volleys symbols hickory hue skyward go
14:47:05.651988] forms leben aper
14:47:06.951988] varices pad emmer burse drake cocoa keno kir baby
14:47:07.351988] jagg bas xi beclown yip spying
14:47:08.114988] cade lox talcum
14:47:08.658988] stilts sensa lath sunnily ag hieing
14:47:09.868988] bleary aw feats
14:47:10.649988] womb pula holes hi as luv noter
14:47:11.407988] mano ghi ah siege rem heh fet larks wind famine
14:47:11.481988] workmen yom dialog larks kent
14:47:11.866988] burgeon raser ox jay siege to fuzzily alba rah
14:47:12.873988] much boursin gad
14:47:14.006988] Statistics: 13 2 6 12 9
14:47:15.350988] calcar amble burgoos joy
14:47:16.692988] ex flatlet feyly purlieu sneck polder havocs cellos
14:47:17.563988] styli sadhe currier pot splent gride pork oilcup clucks
14:47:18.471988] southed pharos risen roadie tuxes saddhu farrow wove
14:47:18.502988] egad melled charpoy
14:47:19.292988] stills airts assay de upgrew
14:47:20.562988] tannin enzym cuddy say hue ephor
14:47:21.914988] helving tenting al anility bogle fer preop
14:47:23.281988] demise my rag pe we use holes
