14:45:59.134995] meddle creoles siliqua pet ose era sect gunship ovality si
14:45:59.984995] axonic yo arena bawd gala ods seg
14:46:00.956995] zonal almud boggish
14:46:01.383995] kos adman kimono waftage belly teflons fig kopje sextos ox
14:46:02.733995] ness ged rawish gawking gall mi sturts ar roily
14:46:03.794995] pirate calling ta ay go teepee queen oe hm
14:46:04.865995] biddy devious aa od kas toyo
14:46:06.065995] eh fug raphe hit cunts oomiak tondi koa ne our
14:46:07.397995] ag el stupid na tats so mu ted pips
14:46:08.799995] beeswax hoars isogony
14:46:09.409995] due isohels heh ebbet
14:46:10.077995] el pep batik azure eagers
14:46:10.551995] oaf tau poly fro nus
14:46:10.841995] favuses bandito fuggily
14:46:11.998995] cockers spermic jays punkahs pi alaskas coopt
14:46:13.025995] lin tricot helping sewers ar rubati
14:46:13.884995] Statistics: 16 15 8 2 6
14:46:14.477995] ye mi hie mammee spieled ignore boyars do
14:46:15.908995] barman sues ad
14:46:17.030995] tussehs drake redtop stop mog mor
14:46:17.091995] lurex si shard mislead cogon beets benzene glams on
14:46:18.160995] morgan one oy itch nabe
14:46:19.638995] pic deepen abs hup scad
14:46:20.691995] aw planked ska foible speise blossom fibbed stylish
14:46:21.414995] oh anagoge chuppa trapans yum rubels frosh ear
14:46:22.115995] pst splotch blog bi ley re dele
14:46:23.050995] costa bedew raj amidols quoll numbers bo ava hop
14:46:23.467995] zoo man bilayer toy axmen keek whup nu
14:46:23.928995] bods snash blats orc axons fee
14:46:24.319995] tensile lox klong
14:46:25.442995] loads upsends deoxy kit ecus potsies al glamor pisher wo
14:46:26.362995] bedemen go lurex heh
14:46:26.816995] peons dorsel maybe newness cowed sulus barm azide lo aw
14:46:27.632995] ad overlax hep gapes kaf re soothes gighe way uta
14:46:27.992995] serais precava brimmer en wammus ace
14:46:28.186995] inned un me kue lairing la kirks an embryos bys
14:46:28.358995] pet bluet zas or op addax
14:46:29.249995] patina ab limped aye ka ohm
14:46:30.251995] false catkins drake na serfage wax
14:46:31.597995] selle aglow no scion moll fondly daddles
14:46:32.970995] muller guile tumult reneged elusive shit evener cocomat earth
14:46:33.056995] ifs indoor som mol diked milk do
14:46:34.284995] emic rani lane ops spiered bent
14:46:34.565995] rondo dowdy shivas mo
14:46:34.780995] or eh amrita fanums mammock bus
14:46:36.272995] ictus barbies ya kebab
14:46:36.721995] kilos gan uh un shul poorest fun
14:46:38.045995] lolls hilt macumba apology sewered midday
14:46:38.897995] ow um floaty shh whigs cubic inners gee degage kissy
14:46:40.174995] muskit moly hoof goutily hods
14:46:41.257995] kybosh fes diviner pod helot uprears dure
14:46:41.351995] ten choppy pup chasms ecstasy amu glams
14:46:42.554995] as passant plots mems wud croup saith dulias
14:46:43.166995] suer honk lochan ad immy placks ye
14:46:43.470995] hoya thanes mossier polio flabs cammie mics panoche um
14:46:44.429995] kelts unrigs ruby egalite til upflow
14:46:45.089995] preterm gawk ti bam chez poshly rectal
14:46:46.285995] err liner yo zep fop roven de heap hob
14:46:47.405995] chad de grungy amens ales wreck os ad
14:46:47.566995] purpura ho liers bronzer buoying zep in wist diols
14:46:48.147995] expect endplay moues sot defrags mezcals ma kas ho ef
14:46:49.242995] bi rigging bine
14:46:50.148995] dews cruise oy oda rupture wop riel left tekkie ups
14:46:51.007995] donut taker chi iglu vegetal
14:46:51.653995] outplan risuses ag is pummel
14:46:52.480995] uh psoatic espial
14:46:53.823995] torchy prison ya
14:46:55.114995] bubby among pullers crowd faugh oda struck od purgers nu
14:46:56.556995] et canonic ose scaup annoyed um gating
14:46:57.693995] sties sixmo bruins crept moaners prizes
14:46:58.623995] cribs synods rein ax fleam tsk zed
14:46:59.721995] rif lay ton axil niellos snarfed end
14:47:01.174995] humbler boy yills vow coying clivia ut fetcher guv waning
14:47:02.232995] my embowel ed combe wok ecu didst abs typed ay
14:47:02.756995] arb uh pigs texas eyre raj borer
14:47:02.858995] rind moc pip tor sunny shun
14:47:04.279995] tuyeres psyops abolish en
14:47:05.135995] mu sweeny bo centre web boors
14:47:05.836995] machs jo immix synovia puppies hellers whelped zap gaoler
14:47:07.075995] fat anent wae pule bails curtain pins
14:47:07.095995] heeze cumin to lads pathos hoy glut drudger at lips
14:47:08.423995] me nark weal as
14:47:09.771995] tranqs aplenty za walnuts bemused gin capper
14:47:10.292995] pa weiners ef gaoled muggar hi oddly lid am
14:47:10.839995] rugola miners xu finds jihads savory friable silvics cam
14:47:11.948995] do eye folkies loess at dork ser rubbed of
14:47:13.154995] mun bedder liny dis
14:47:13.491995] doc barfed booths endows buds binate fosse ne
14:47:14.078995] of razored oar have paleate cat pisos sunken vermes jota
14:47:15.384995] dike lo gite aiblins cleaner pein
14:47:16.608995] es seiners using
14:47:16.956995] ave mouch rems limos psi lotic pily key lineal
14:47:17.109995] planet uh sox
14:47:17.769995] Statistics: 11 6 5 20 8
14:47:19.075995] coo on carex vas wealds nu mast quiver yo
14:47:20.546995] ya sex selling
14:47:21.960995] yo jazzmen ovines oping spot
14:47:22.259995] soon sapotas li fain dot touse yo bite fret
14:47:23.249995] gobbed my leary hayrack premeds ala kue alight
14:47:23.469995] funfest ouzo trimly ta yells indues
14:47:24.909995] rural nog biface grum tinny deet
14:47:25.376995] throve mu urns spud godlily berm
14:47:26.838995] stodge comal rhyta nanism eh
14:47:27.366995] fer baa haiks
14:47:27.999995] ran fano off mure brae mow dampest
14:47:28.517995] oi li rails
14:47:28.933995] Statistics: 9 20 19 16 16
14:47:30.405995] mazy curare kalam tews inters verb apogee rug la rattoon
14:47:31.138995] ox agnate cube jab endite antas er apt outpass
14:47:32.220995] cloned sozzled or ageless ow
14:47:33.422995] gitted dene fests
14:47:34.781995] oe espouse feyly pallet by raper
14:47:35.422995] enols frigged aw chevy brocks saddhu err
14:47:35.937995] adz tops slays upshift xi
14:47:37.048995] lair rood ileac coempt woof
14:47:37.363995] vibrios emulous myc feculae
14:47:37.870995] eagle scooted cribs mu wed shul oldwife zas erects
14:47:38.461995] sith wily waif gravlax bod
14:47:39.480995] Statistics: 20 19 12 7 18
14:47:39.620995] rebegan ag om again heave yep kaffir
14:47:41.004995] pom milds kif hies seedily
14:47:42.349995] tuna decants os hued darts wyn
14:47:42.693995] clawed glume mack pepla er
14:47:43.036995] snip pilose pentane ba atop segue whoof artels haw
14:47:43.512995] la sistra lurks haems lipoids whaup yo pulper veto
14:47:44.864995] caveman peg snaw pom vaned garland
14:47:45.839995] malty don ired cos forums
14:47:47.031995] wiz rubes bo smolt smiths dammit nacre
14:47:48.012995] egg an qubit
14:47:49.081995] lucres scatt benison tanks prion
14:47:49.868995] guy respell baal nazis rem
14:47:50.643995] um paddy pap oil
14:47:51.670995] devotee boxes canoed
14:47:52.369995] lid cep bust trowels
14:47:52.459995] bornite beg adust euro argosy pans piu et
14:47:53.416995] midst bod untrack abets la os hi tocsins sab vie
14:47:53.803995] tireder virago thong grippes
14:47:54.852995] Statistics: 11 2 9 15 7
14:47:56.307995] rep eros mazers frizzle
14:47:57.726995] defocus roar luckie neb whackos
14:47:58.690995] copyboy phenoxy tarpan tat overate
14:47:59.134995] jetport dhak fungi budlike craw
14:48:00.460995] mosh gliff give
14:48:01.585995] boobed ai bind bookers
14:48:02.925995] garbed vac shul is dona whats
14:48:04.012995] ferial biz ileac oho sneds oval traces mun raved
14:48:05.342995] butut els mulct areca chuff pas
14:48:05.527995] perp pools solgel rai unlive ores unmaker tod
14:48:05.668995] verves fichus liviers dipshit
14:48:06.340995] excimer mons catlike femes fes
14:48:07.160995] max he arbs miscoin
14:48:07.587995] cipher tenses breed
14:48:07.952995] tolu swatted met xu
