14:45:59.066179] pian vang ait amie nab azo pig
14:45:59.845179] pupu ti cornels flies gibsons coverer avens
14:46:00.287179] sorbose apache pujahs
14:46:01.727179] nighs fa mats seedmen pules dal ad hup tiercel
14:46:02.827179] blithe si if piu hock eme bussed
14:46:03.874179] ad frowzy delf gaijin
14:46:05.215179] ki reg es las fauvism beat
14:46:05.446179] aglet fer sims rollick but tsuris pics
14:46:05.578179] mac turnon eldrich al aurae if stagy monos
14:46:06.779179] coinfer eluate measure nil barmie burrow shahdom la based bubo
14:46:07.552179] chops vies retear mut indoles rouleau
14:46:08.049179] dab xu keps cornu vum ma roles cutoff dab was
14:46:09.404179] mola petard barbell haoles
14:46:10.267179] mops boule yo sepoy divers mm feuds
14:46:11.244179] declaw ha boychik warns
14:46:12.076179] by zap abuzz snot fiz wo prat pleas job hm
14:46:12.630179] addax culches he bogan oxo
14:46:13.856179] spivs ralphs blacker backer
14:46:15.216179] xu speers cojoins bedbugs li
14:46:15.728179] wonders wally nu jibbed nada serape ray totally tighten ad
14:46:16.030179] knawel bolts za
14:46:16.648179] es drive ammos
14:46:16.813179] wetsuit ho pushful daimen jam ureal
14:46:17.479179] garbs keno softas may harpies
14:46:18.402179] elan sos flair duologs
14:46:19.662179] peke pend simply ay
14:46:20.317179] gestes pen ragg roar gazars
14:46:21.138179] plea corgi cotes ay vena kat us
14:46:22.367179] vinyls dreamer pal paiks ef dicty codas souped female ay
14:46:22.520179] tulles slid et end slur pe ex bias rhea
14:46:23.971179] yum upfling rehinge ka carver we sass trog
14:46:24.207179] crozers kob pats gripple sal broo
14:46:25.147179] deedier nevus leys eau reify uses ae
14:46:25.843179] miles pyx rewarm
14:46:26.762179] chaoses at taxpaid foil satis bi fane skied ardour ala
14:46:27.681179] amazes hosta am
14:46:28.661179] dare ya tax replete rotting ill go telex tuna
14:46:29.283179] quaker sangers go yew rawer pros proas ah
14:46:30.782179] oh de pie na shapen mensal
14:46:31.855179] widdled al pur
14:46:32.322179] oms rewiden depicts yet kalmias yo panzer dryadic bo
14:46:32.691179] yo obeli mommas fiaschi lode gabions baa on niffers za
14:46:33.350179] woos adaxial heel nicks flow woods on bookies strand plows
14:46:34.395179] ford tastier causer jelly
14:46:35.822179] lend konk ginners
14:46:36.213179] pagods ox heavens tram nu worst yabby ylem ahs dauts
14:46:37.512179] ai tempeh tanga skids garner unbears con fug wrongly ye
14:46:38.010179] pettier udo tory robbed
14:46:38.598179] roup mind porisms ut edhs cummins sates abduced blaffs mouth
14:46:39.541179] demand wicking ti raker flap shnaps lyncean funds alp
14:46:40.789179] helms bay boar dah was fa
14:46:40.846179] succors yoicks utes purty chaos eh
14:46:41.720179] eyass eft walled
14:46:42.592179] sheol gambas asdic yird sonant ax acyloin ayah we nieces
14:46:43.696179] propped is ag wracked wo cithers okeh pas meropia
14:46:44.750179] ex paged jot os wap pea muter tart cadi pinker
14:46:46.035179] bray upas ascared popedom
14:46:47.524179] sorbate aw eldest
14:46:48.024179] Statistics: 15 15 4 7 15
14:46:49.177179] Statistics: 0 13 1 12 2
14:46:50.233179] re punned ted fiars clouds koan sere piu downier
14:46:51.332179] benzyls quest tas yowie fug dram so growth mowers
14:46:52.035179] stowps egal gob flagmen out so ruffly minny skeen sau
14:46:52.173179] jaup go syn beam flax duendes nudist
14:46:52.323179] guy satinet huddle argil pe dowels uh
14:46:52.402179] pash randans pozole shewing
14:46:53.794179] finger seabags receipt
14:46:54.056179] relink ay sikes sengi sniffs sh let fitter fontina
14:46:54.731179] crisp tramper lunger serums meg et clients feigned adnouns
14:46:55.752179] ambo ick ree dreck phi educe sols sot unmews asp
14:46:56.069179] coati cadi peal aw
14:46:56.262179] sooted mussed unburnt mirs lured
14:46:56.367179] flakey dorm plugger ye curites
14:46:56.618179] am ad cubic fem cadet ewe ma voting
14:46:56.687179] reggae drape fez ka alumine
14:46:56.852179] due hoaxed igniter nandina its taos site noun aw inkle
14:46:57.777179] Statistics: 0 7 13 10 10
14:46:58.111179] kolo ex carcass abas
14:46:58.209179] impi inburst pechs ted stanine ax verbid brew
14:46:58.624179] oxen curtal uh dow yins lacunes fe
14:46:58.747179] coy heavens excerpt zip geek
14:46:59.727179] dorms kapa meatal toon phenom dendron sale
14:47:00.067179] Statistics: 11 7 8 12 16
14:47:01.029179] Statistics: 19 13 3 6 20
14:47:01.378179] heh puck story coaxal kiss
14:47:02.477179] sh nurls ag oca
14:47:03.890179] Statistics: 17 18 19 1 8
14:47:04.666179] gremlin jinker wadies catkins oh
14:47:05.664179] prism oka steel yuk hogtie no nu
14:47:06.087179] as hatter metiers
14:47:06.607179] auxetic deigned waw en copy buoyage salters so
14:47:07.348179] dor dassies pecs wig migg cwm fab gravy
14:47:08.300179] ovate ulpan mungos me know tanging tussore aboma deodars
14:47:08.900179] yerba caid endwise rots roughly
14:47:10.272179] cwm culti perter ai inurn id laws mm
14:47:11.238179] lob burqa vitals settee reloans glass shovels depend sebums glute
14:47:11.521179] ay rom nude
14:47:12.574179] ho kythed bancos worse meter pistole nogg shegetz sups oe
14:47:13.321179] bangles fe womans ley weeps
14:47:14.197179] pouffy padre selles jerkin
14:47:14.979179] hindgut lanker boho
14:47:15.505179] chirr bib usual wimpy bourdon
14:47:15.695179] ozonic oxid pert curacoa uke ma edit myc
14:47:16.846179] zori if yo
14:47:18.185179] dopers hybrid yids cur ti reffed snaky
14:47:18.784179] eme stuffed cloud pod gits coffs aa defy
14:47:20.178179] navel ghibli lousily swang
14:47:20.516179] guppy sisal bomb ridgel durrs phew racy
14:47:20.966179] wassail guff croc
14:47:22.256179] propine sill payors by gas bomb up
14:47:23.278179] poboys shoring kas
14:47:24.079179] rebbe za rumbas or
14:47:25.182179] sos alto buhl
14:47:25.761179] moo un nog reshave fear bisters icily bare do clam
14:47:26.876179] za unlade bids
14:47:27.760179] oda cavie gam quests lobs totems
14:47:28.805179] aba begrims ted
14:47:29.977179] pled acronym pi hin faring os ah uh
14:47:31.023179] pareu meet um mib kob owl chott debited hm
14:47:31.183179] tin luma id wiggled skeane ai gae checkup
14:47:31.267179] sanity lousily croup gaunter
14:47:32.753179] duchy nevi ungirds asci ragg ex dhooti mended moc
14:47:33.662179] cocoas waes crwths surveys eat faena cay
14:47:33.689179] zloties audio od de ocker het bobs limn muns
14:47:34.406179] nitid ax borks tempt aiolis yurt gas log malacca
14:47:35.340179] bonnier chais oxtail pes iced datto
14:47:35.657179] oh li fabler mo wark narky
14:47:36.377179] jingly fires hid stobbed gits nip
14:47:36.551179] midland lacs gen
14:47:37.016179] wo hoof orca pew vita pal kae
14:47:38.285179] ef urn ka spell mildew telfers
14:47:39.340179] vim zoned tui layover leak
14:47:40.399179] airplay mib rig
14:47:41.770179] dicast drowned raja maw octane ionic
14:47:42.626179] picnics brewed li dun jo flirt tea ohs bin
14:47:42.954179] oy robot dogmas he guys
14:47:44.346179] rambla ras saxes an egos pol sticked guff ruer suq
14:47:44.976179] unit samoyed boarish burdie juco ba kibitz bet dorrs bocks
14:47:45.389179] tractor neons naughts we trig set gox foraged aby acrider
14:47:45.732179] froe so novels impones
14:47:46.434179] torten tel bi fug we benempt palm fetuses evens
14:47:46.684179] Statistics: 4 20 9 14 15
14:47:47.770179] cab pier jot ma
14:47:47.830179] he sh gem waved yeh reweds fiance thane flitch
14:47:48.441179] cog gay caserns qua imps
14:47:48.799179] warble ay desand moulder yaud dui gobble putsch abduct zigged
14:47:49.559179] hotches de livre greener nodal mi
14:47:50.450179] evince okas pac barde bulk
14:47:51.141179] jut amu tugless pursues blotto
14:47:51.498179] er es unsews queue seedily seepy steeped ex pub
14:47:52.465179] goas xu sneck poly el za puny niacin
14:47:52.735179] gannet ab colly sushi tod quaver mills masas wars backer
14:47:53.160179] aba band durocs rise haply err items oi
14:47:53.789179] camp rucked laser ye trident
14:47:54.889179] rye ma nude pe bute oogamy pe mus sutler slatey
14:47:55.694179] capo pias jo gismo sparse bedsore foliage ai
14:47:56.575179] jupon prolans eek kiang
14:47:57.073179] peepuls quail toughy touzle
14:47:58.538179] aal it kelps agapae
14:47:59.260179] dews mutine probers tanto yester manta bo
14:47:59.455179] Statistics: 4 17 7 18 16
14:48:00.592179] silex thermel dug gab gib hm
14:48:01.675179] folk sayer nugget maut apeek lozenge plunker once
14:48:02.233179] attics sheila so ai so chummy
14:48:02.765179] screws areoles torte sac luger wadder payroll
14:48:02.862179] alate ma yon corrade auras jig sei repay
