14:45:50.205817] home ova her betises
14:45:50.949817] sh ad bedunce steers
14:45:51.549817] frother boogy grasped chyles budder unit eh bree ryot
14:45:52.092817] yogh ae exine leaky uns
14:45:52.799817] reeled snail tern mic damar
14:45:53.322817] adieu mortice stots icy if claw kempt braider pip
14:45:54.119817] jujus pus maracas somata oomiack
14:45:54.720817] bike steal up ref coiling carting live od or
14:45:55.423817] surer unpen oe moa modi
14:45:56.222817] oghamic zappy sixths elves quench
14:45:56.568817] uh tatars frusta dim ye fil xu
14:45:57.089817] comedos sewn poco es lore
14:45:57.541817] neg gouty pa bull pox hiply intrust pettier betime pe
14:45:58.113817] robed redds mantled hongs mudcat
14:45:58.303817] apps son tar sneaps noh vasa by kines outland
14:45:58.939817] chining lentisk luthern tinner rad
14:45:59.626817] mi frugged serow raia op synched
14:46:00.785817] auding ar dyadic yo unit quip
14:46:01.272817] jut amnia proline pates juicy tryma busk hun
14:46:02.570817] ne tyin ash brusk sambuke loonie cute
14:46:02.766817] kyte hi burly luau lot pew it ut
14:46:02.849817] crocs debut fog micro niggly ef audad affair
14:46:03.483817] sends shaman pomos
14:46:04.157817] ditcher ay gorses me maims
14:46:04.396817] cooked sortie waned goy mm et
14:46:04.608817] pat untie abrader untidy no
14:46:05.432817] eh agas rearing bi pawl neg tins
14:46:05.837817] lo nada quirts sibyl zygoma sedan solo say
14:46:05.860817] almners heth sh imp
14:46:05.988817] ourang pomes som wings brat elderly pops toe
14:46:06.262817] ed na eme caters silo comas
14:46:07.080817] ay santoor mor ef quiet de ow
14:46:08.292817] housed wends ye larder most mohur fin jeer hut resort
14:46:08.861817] pyrones gym gone ohias wooed hafting ho ow lurid recaned
14:46:09.413817] plug tam al exes mure wobbles air wash
14:46:10.362817] Statistics: 5 20 4 3 3
14:46:10.777817] ups cram arctic lib nay casky brine gross lear hoolie
14:46:12.215817] fuddy uh urus lings brains lilo bombs lilted
14:46:12.362817] anis kail thwack cutoff scaling
14:46:12.436817] totes wench el
14:46:12.787817] Statistics: 7 9 0 5 3
14:46:14.072817] loo enclave dikdiks
14:46:15.483817] Statistics: 19 15 15 2 9
14:46:16.749817] nazify xi fan tel jura pneuma stare stet de
14:46:18.151817] gyms maid re uncoil
14:46:19.135817] metage salt wireman sputter balneal on cauline
14:46:19.508817] cusec moas fe mot
14:46:19.963817] busy ba oi unclear auger we splays city firm
14:46:21.237817] un plex mi tinker eh
14:46:21.583817] chinwag fences exit piu can whelps lusting journo
14:46:22.702817] bungs verity hm dumped
14:46:22.919817] soothed chefed uh hug amia maenad
14:46:23.650817] gags stromal um ova priss loupe
14:46:24.520817] debug robot an toyed
14:46:25.374817] of zep roofers
14:46:25.481817] element rid jugum
14:46:26.265817] mordent zine bi caries
14:46:26.857817] shlep ineptly anemia
14:46:27.601817] zooid coffin ohmage epee to
14:46:28.539817] schuss way outtell dandy monas oocysts acolyte slugger
14:46:29.040817] romeos horror kop lion gag ar ed
14:46:29.817817] doe tronas bap fesses looper grigs we
14:46:31.311817] lie minors tactful
14:46:32.231817] lis reef here nonhero eel bel
14:46:33.456817] unbuilt ag arcus frizzer ha
14:46:33.975817] scants horal loosed
14:46:35.342817] foal pa mi pas spay mm
14:46:35.928817] fellow zep dovish militia goo seidel do hays wye
14:46:36.139817] facular camails burrer ed lo pehs war chewers art bap
14:46:36.883817] almahs escuage ocean belied cris
14:46:37.280817] buttes unbelt sheets turnon retorts fimbria
14:46:38.634817] quiz offer diction you
14:46:39.111817] bits uh hop sneeze
14:46:40.164817] menfolk dumped umped pinkie bolls twain add gee sanded man
14:46:40.278817] may concert nerved whine
14:46:40.539817] he grapey agarics
14:46:41.635817] laxes frets deliver gaggled kelep
14:46:42.301817] rash fatless easel aw apodous
14:46:42.858817] knobs ay deb aecial riflers glib bred
14:46:44.155817] kab tis hint tin zouk kluging plagal gyp aurous coaters
14:46:44.488817] vibrant genro hear obits ess empire seat
14:46:45.382817] yep pe footy blite nymphet eyebar till id
14:46:45.431817] seising aids tract eld casino um leaned
14:46:46.607817] mm sperm bragged pure
14:46:47.987817] avion snogged wauk
14:46:49.178817] retears fouler refire biopic cue um
14:46:50.666817] lee moo tapper vermuth swifts aiders hours naevoid mooted techies
14:46:51.232817] howl muzzled almonry abo cask moa
14:46:52.478817] Statistics: 19 11 9 7 12
14:46:53.608817] nebulae roiled mo finos hood ta hongs
14:46:54.703817] aa sieging joe cons fado sae cog innate lap
14:46:55.587817] anomic marvel um peases we ungues hi er awn
14:46:56.690817] es kae bulb elides utterer ka ba it signees hin
14:46:56.950817] ba lucites air op droit vugg
14:46:57.149817] waged martlet freres psoas oilier docs am lek
14:46:57.357817] eds op liefly so antsy remise sim bos kola
14:46:58.266817] culet fykes jot pupped blats mm osmous goners
14:46:59.753817] malefic weed ripraps kyat el by ora na
14:47:00.064817] sod hearty sh yuppy
14:47:00.507817] ab skiddy chants
14:47:00.545817] decalog charqui shwa globule qi binds ax shuted seg mu
14:47:01.799817] os chunnel bigoses afar lych bes nus femora en fast
14:47:02.153817] excels isochor oy li paeon bi fa ria un es
14:47:03.144817] dissed claps mart brows tubby unsnap loral waggish resawed
14:47:04.582817] oust eek cupfuls bouncer xu gigas ulcer pocked sown
14:47:05.366817] currie ewe rewan ceased
14:47:05.773817] Statistics: 12 11 11 10 8
14:47:06.058817] comic lobe fere load pock hipster
14:47:06.464817] zap preaged hmm
14:47:07.184817] pe dor ay plebe sibyl
14:47:07.534817] at miliary fe leafing ex
14:47:08.975817] bastes nodes alight vestee ad throw
14:47:09.668817] hat yah aidful mo soled azan hexing
14:47:10.522817] quaffs scram reges jivy floater
14:47:11.967817] ed eta do mastaba noon yeh mol
14:47:12.995817] prahu fibered ti oh
14:47:14.338817] Statistics: 2 1 14 3 8
14:47:14.652817] ursae smelt filly mucins wacky
14:47:15.481817] lychnis yags he pander un clunks oud
14:47:16.639817] sau hies subrace so pus xerarch kreep hodad oh
14:47:16.748817] vacs rimshot dowager li de
14:47:18.016817] twig tog id oi
14:47:18.881817] wyns capo glut bock edibles ninon
14:47:19.513817] kip notates compos
14:47:19.968817] cooey wacks splats tofus chirk azole ow
14:47:20.644817] dues nu lacks za
14:47:21.598817] louver wop lac ave haems tenor oaten attar pilaff
14:47:21.937817] ag dirt mucid wo faddist
14:47:22.407817] coy promoed weirder sonics birl want splash pye hotly
14:47:23.672817] terms yodled tepa troupe harshly grubby
14:47:24.001817] hawkish dauties truant pursues
14:47:24.380817] nu cola thou smalls hipped hup en
14:47:25.864817] coxae ich weeded bolds gasman squeak gib bi
14:47:26.195817] jupon molts suets grown pots ba hi ae
14:47:27.029817] Statistics: 1 2 4 4 12
14:47:27.318817] chews wan write gats intime ers peds
14:47:27.423817] dialect dunlins lose gagging
14:47:28.613817] shakier cosine ag
14:47:30.026817] cheers sh luaus daimio colones brads chop mondo meaner
14:47:30.289817] we aeon be has pop taw
14:47:31.687817] pries kames mu yaw missaid
14:47:31.928817] forwent haaf ace yam um ha foully on rued die
14:47:32.689817] raids nice lev link eh final smith turfs rein
14:47:33.250817] gybes loquats fife cor us
14:47:34.055817] wig pekoes all
14:47:35.188817] oozing emmy gag fang pesters millets ma
14:47:35.399817] fraters murks noms wintery lac man koa li kerbed
14:47:36.423817] dupes pein sharn chicos de op piton
14:47:37.089817] god joined tam thrust spleeny soyas azotic silage
14:47:37.523817] soya os qi ox dals
14:47:38.988817] Statistics: 20 8 17 16 19
14:47:39.262817] soaped sallets buttock deeply nub ai becks tug
14:47:40.091817] unleash uproot yonic funds invitee nouses nix
14:47:40.492817] subways oy eon picked to oxygens
14:47:40.621817] hmm dill tub
14:47:40.939817] sialid mid ae fou amp my boinks pewit
14:47:42.428817] untrims adorn hights
14:47:42.857817] maim ne bergere kerbs firns gullets negs ironer
14:47:43.025817] ad embow lumen pangen pap mikado ba memory
14:47:43.809817] rather mongrel fat ye barhops
14:47:44.773817] me zip ag better
14:47:45.024817] ag leakers follis ratty puton unbelt lorn vrouw splenia
14:47:46.213817] duologs bint ska unkent
14:47:47.533817] ba equip beheads hod buss
14:47:48.228817] blabs greyest hind outrung capris lardons sot naled
14:47:48.855817] crisp cavorts nom ox gites isogeny
14:47:49.062817] vitesse glume hex refel rut so ef eaux
14:47:50.269817] ilk fumuli relook mos enwomb
