14:45:50.132014] mi scotia hulls fro
14:45:50.393014] glitz od par melody diked
14:45:51.267014] brung bheesty eons help bewrap navaid wan tau cypsela
14:45:51.351014] chasm grouse king
14:45:52.718014] Statistics: 1 19 9 11 14
14:45:54.077014] lathier flaccid car fretful
14:45:55.040014] do holden blet rascal uncos wee bas dewater kae
14:45:55.778014] laevo or malacca nonas meeting eater
14:45:56.194014] owse kimchis tart solder elf gaggle busboy mo he
14:45:57.501014] is ai mo tambaks same uptown un
14:45:57.983014] enrobed majorly pup
14:45:58.106014] solute dagos arfs ka snuffed tads atap grazer feu
14:45:59.161014] name lit yo gallnut
14:45:59.178014] jugs bima toed lall
14:46:00.432014] ex repacks em horny dreggy plan pump noirs mm
14:46:01.043014] wimpish uretic then
14:46:01.392014] Statistics: 15 13 12 15 7
14:46:02.645014] putter glanced teed mu upstand and theme gum we
14:46:03.472014] swipe shows sitters limey ana
14:46:04.864014] bricole epergne email
14:46:06.198014] leery oped defects main knocked
14:46:06.271014] qi chum weka rho eschew off gaby
14:46:07.265014] irone sic codlin loppy uta bo
14:46:07.507014] devoted wino evict tubate ferula jib aero coiffes hryvna
14:46:07.546014] evader trills neons fads jus vino tats
14:46:08.739014] annexed grackle peacock spined
14:46:10.198014] ka oy piraya mascot ache tutor filers oe xi
14:46:10.332014] coo copalms firs owl bud we twinjet arfs
14:46:10.680014] coppra asinine no gee mo katas porker malarky
14:46:11.021014] vimen mule peeve flank
14:46:11.384014] taxol dice bidder fe syn afar
14:46:12.353014] mi penne uhlan hued fuck
14:46:12.966014] iotas aal afraid ort wok cycle sly dals dot
14:46:13.534014] oohing capably gorgers codon awns epoxied
14:46:13.630014] istle enwomb tieing wise brr abo genros
14:46:14.525014] aa hamzas ho sulus tersest scraper occlude sleeks
14:46:15.318014] crinkle emeute holding
14:46:16.019014] pay joys fulls resoles fogey frights baa rosets
14:46:16.753014] cube ow finks aching smalls orgies
14:46:17.581014] embrace gomerel harm wormy scrub embay
14:46:18.890014] uts coy usques latrias am
14:46:20.326014] endured ambari butch knish honkie reeks charka modeled bi
14:46:20.945014] cot suq loaded
14:46:21.580014] ti jutes re
14:46:23.011014] porose wych aw pi sec shabby girl
14:46:24.142014] sh ha acerb kays seltzer fubbing ti ah frays
14:46:24.864014] boob haws drouths ya so teniae pray ciliary
14:46:25.013014] hons one yipped
14:46:26.434014] abs fizzle ef chic nestle verbids rots an
14:46:27.648014] crash peen plods aid socko abolla
14:46:28.698014] got its glad dub caribe cedes id
14:46:29.258014] agile minae shtetel mis
14:46:29.499014] teel mi couture nit mon defier hi os teaware
14:46:29.878014] show mille abate jumpy ghis
14:46:30.516014] road milo pi ne thyme
14:46:30.779014] tour dodgery neb umm outact
14:46:31.541014] mm hackly hi codas beret fatuous opes shmo glossa
14:46:32.193014] hae hacked om homes boll
14:46:32.447014] qi dicky aubade why ywis uptilts an hoed
14:46:32.660014] imp fie curves bezils capuche frame slued barm
14:46:33.792014] trover taw titanic cosiest pa scythe em
14:46:35.108014] qis kip faraway dewax vaginal it drippy
14:46:36.469014] paled caviar hunch thymey dumb inwove godling
14:46:37.217014] hi wallow piglet magi bels draymen start coled guyline
14:46:37.851014] gemmed no bassi outman id ta thorps wrong
14:46:39.236014] amu tosh flemish slabs wiz broad kor
14:46:40.236014] paver pe ma butes growly yellows retrims
14:46:41.141014] barilla horn it riming cyan cox ti wricked en
14:46:42.269014] on fennecs tut fig ars no
14:46:43.181014] prank bohea scrims
14:46:43.909014] fusty swag li
14:46:44.400014] aw god bosks infos orgeat axed nogg mut bee yuch
14:46:44.965014] khis galoot laky flyte torn fish reduce
14:46:45.433014] teether de given leach heirs ribs
14:46:46.398014] yum wiggly lez bur sex paty demirep joying janty
14:46:47.452014] piranha codeina sha pay
14:46:47.468014] oared dink ut dowdy bowse exing coos hug lierne
14:46:47.970014] loppier on rif vex mut
14:46:49.332014] funk epics deuce yo anew fey prao
14:46:50.367014] gul cupel sulphid fen jerids faqirs re ducker mandril
14:46:51.342014] yin etna stuccos bawl rice rot rant
14:46:52.122014] ag lum ut vibes rikshaw results
14:46:52.932014] speeded raj feu emu
14:46:53.822014] decays ear zebeck al yar pa reg od
14:46:54.419014] purses winkle sea spuming eke ineptly mis li wiz
14:46:55.766014] thyrses collins bets cigar duologs hogg lances sice whoosh
14:46:56.185014] carhop agene am her
14:46:57.494014] fair grownup pechs bit sha heater redhead
14:46:58.753014] typier archaea ahull oe eighty regimen
14:46:59.669014] salol rock barn glouted vail qualmy sneaks toters pics
14:46:59.777014] remnant ova they pics weskits hm two sandy paisans frug
14:47:00.885014] kamsin blind labors veep havior ticks tipcart ossa oe pink
14:47:00.916014] undee oat sateens douma fueller bulgy bib sherris flensed
14:47:02.228014] alkyne gitano al yard precook jebel
14:47:02.830014] Statistics: 0 1 15 19 11
14:47:03.832014] few flaws tumuli re makeups
14:47:04.484014] oh losing yo of en fall dip raga
14:47:05.871014] pussier signals oe
14:47:06.434014] Statistics: 20 14 9 4 14
14:47:07.695014] ye audible em bedecks xu
14:47:09.137014] fehs ef sulfite ale goby som juicily fob
14:47:10.421014] Statistics: 18 2 0 13 11
14:47:10.637014] yaps phlegms lumpish
14:47:11.782014] cobbs he cam ma fluky miasm jut
14:47:12.793014] meted sculler blast try ohms touraco
14:47:13.040014] lath pewits gilt yap sliping
14:47:14.088014] Statistics: 16 10 17 6 10
14:47:14.418014] de fa od kue venae mums sundog limper engine
14:47:15.417014] ripper hoke orb promote deeply snake zap
14:47:16.834014] hajji resiny fido taming
14:47:17.794014] chaw loin rede dental
14:47:18.735014] deform mott jumping
14:47:19.710014] ferias claying prestos prop khaki
14:47:19.843014] udo kirs few append
14:47:20.931014] lawines colony prise sulky hutch
14:47:21.461014] Statistics: 11 3 13 20 20
14:47:21.735014] ess antiman nidget swear
14:47:22.459014] jeep ariosi sop as hexers spans
14:47:23.391014] Statistics: 11 2 5 12 3
14:47:23.489014] jink rag protist nab nub tacrine hirsled aecium ah
14:47:24.214014] foxy brio cupids
14:47:25.115014] ba muses impend airs mauts long ash
14:47:25.153014] weakon eking bods
14:47:26.320014] claves rota sir
14:47:26.920014] valeted yodling ramus serrano
14:47:27.083014] chit bittern uh vaporer oraches ha dew ruche oversaw
14:47:28.388014] ramblas teethed na brawl guff
14:47:29.589014] longed shot taj zemstvo denies rimpled
14:47:30.210014] kokanee glut sweetie samlets shams mailmen
14:47:31.572014] veto so jibb cony upas
14:47:32.287014] bo vox de spew
14:47:33.544014] pups mild paviors ow cooeys lei bibber dex um
14:47:34.709014] hi funning papayan orles
14:47:35.643014] ax priding ae bo septums endowed who tews
14:47:36.765014] matcher lymph carol bel outplan peals yays
14:47:38.164014] zuz yens shut go mairs ae
14:47:38.335014] nu xerus we ilex hanse adoze um sea
14:47:38.601014] em twill of verdure
14:47:39.989014] oy hers axel ba ottos slept dans lagend of noo
14:47:41.246014] obit gods vizors gleet manats
14:47:41.264014] agio gruel ba yuk teethe sulus dyvour bathmat mouses
14:47:42.230014] qi wove devs err
14:47:42.537014] sillier cryogen intagli
14:47:43.320014] myth acting actor cordon minders idle rims de ofays
14:47:44.174014] rec gullet oe atrial ox gunwale gasking tis acid defy
14:47:44.844014] podzols peppery cider unsew tallish aboulic spicas ryas somite
14:47:46.022014] latex afars fanged qat tams kookie blare imines
14:47:47.197014] marine knobby cave ki far oh medigap iodids
14:47:48.354014] em pomp mach exuvium
14:47:49.799014] cent ore on fe poo petard crab tuffets vaw
14:47:50.439014] wetted rash ugh
14:47:51.861014] due fortis bandore al potteen hit lumpily nard ferried os
14:47:52.473014] Statistics: 10 7 19 13 8
14:47:52.883014] elf er owe uh culls my vids carcass harm seamen
14:47:52.984014] Statistics: 20 8 18 16 14
14:47:53.785014] delfts no rotors vex pes tucked intimas
14:47:54.144014] ferrel ably enamel on
14:47:54.999014] mouton hip rigs snugger coziest
14:47:55.064014] sea liquors tumped landers citer inruns tribade
14:47:55.177014] res hens twirls calves avian tyees pup uta bunny anodyne
14:47:55.826014] carets tew nuke sod gulped
14:47:56.750014] taos hisser rad ten death at vaus
14:47:56.880014] squaw dotal frow dopy ha duh churchy timidly padi ductal
14:47:58.035014] orc hod firm kliks la salvers art snarl sanding
14:47:59.181014] sly avail ensure baptist es stealth be garret comose jo
